#
# There is insufficient memory for the Java Runtime Environment to continue.
# Native memory allocation (mmap) failed to map 53477376 bytes for Failed to commit area from 0x0000000713400000 to 0x0000000716700000 of length 53477376.
# Possible reasons:
#   The system is out of physical RAM or swap space
#   The process is running with CompressedOops enabled, and the Java Heap may be blocking the growth of the native heap
# Possible solutions:
#   Reduce memory load on the system
#   Increase physical memory or swap space
#   Check if swap backing store is full
#   Decrease Java heap size (-Xmx/-Xms)
#   Decrease number of Java threads
#   Decrease Java thread stack sizes (-Xss)
#   Set larger code cache with -XX:ReservedCodeCacheSize=
#   JVM is running with Zero Based Compressed Oops mode in which the Java heap is
#     placed in the first 32GB address space. The Java Heap base address is the
#     maximum limit for the native heap growth. Please use -XX:HeapBaseMinAddress
#     to set the Java Heap base and to place the Java Heap above 32GB virtual address.
# This output file may be truncated or incomplete.
#
#  Out of Memory Error (src/hotspot/os/windows/os_windows.cpp:3627), pid=6152, tid=1380
#
# JRE version: OpenJDK Runtime Environment (11.0.15) (build 11.0.15+0-b2043.56-9505619)
# Java VM: OpenJDK 64-Bit Server VM (11.0.15+0-b2043.56-9505619, mixed mode, tiered, compressed oops, g1 gc, windows-amd64)
# No core dump will be written. Minidumps are not enabled by default on client versions of Windows
#

---------------  S U M M A R Y ------------

Command Line: org.jetbrains.kotlin.cli.jvm.K2JVMCompiler @C:\Users\ezmem\AndroidStudioProjects\FoodAppRecyclerView\app\build\20230605_7337966900152596885.compiler.options

Host: 11th Gen Intel(R) Core(TM) i5-11400H @ 2.70GHz, 12 cores, 15G,  Windows 11 , 64 bit Build 22621 (10.0.22621.1825)
Time: Mon Jun  5 04:57:35 2023 Azerbaijan Standard Time elapsed time: 1.870659 seconds (0d 0h 0m 1s)

---------------  T H R E A D  ---------------

Current thread (0x000002263324d800):  VMThread "VM Thread" [stack: 0x0000008c08f00000,0x0000008c09000000] [id=1380]

Stack: [0x0000008c08f00000,0x0000008c09000000]
[error occurred during error reporting (printing stack bounds), id 0xc0000005, EXCEPTION_ACCESS_VIOLATION (0xc0000005) at pc=0x00000226170712e7]

Native frames: (J=compiled Java code, j=interpreted, Vv=VM code, C=native code)
V  [jvm.dll+0x64135a]
V  [jvm.dll+0x7d39f9]
V  [jvm.dll+0x7d51b9]
V  [jvm.dll+0x7d5805]
V  [jvm.dll+0x7d57bb]
V  [jvm.dll+0x640655]
V  [jvm.dll+0x640d68]
C  [ntdll.dll+0xa3cff]
C  [ntdll.dll+0x1e456]
C  [ntdll.dll+0xa2cee]
C  0x00000226170712e7

VM_Operation (0x0000008c089fc110): G1CollectForAllocation, mode: safepoint, requested by thread 0x000002261354e800


---------------  P R O C E S S  ---------------

Threads class SMR info:
_java_thread_list=0x0000022633417770, length=11, elements={
0x000002261354e800, 0x000002263299b800, 0x000002263298b800, 0x0000022633256800,
0x0000022633257800, 0x0000022633259000, 0x000002263325e000, 0x000002263325f000,
0x00000226332a6800, 0x000002263341f800, 0x0000022633421000
}

Java Threads: ( => current thread )
  0x000002261354e800 JavaThread "main" [_thread_blocked, id=19132, stack(0x0000008c08900000,0x0000008c08a00000)]
  0x000002263299b800 JavaThread "Reference Handler" daemon [_thread_blocked, id=13260, stack(0x0000008c09000000,0x0000008c09100000)]
  0x000002263298b800 JavaThread "Finalizer" daemon [_thread_blocked, id=9312, stack(0x0000008c09100000,0x0000008c09200000)]
  0x0000022633256800 JavaThread "Signal Dispatcher" daemon [_thread_blocked, id=21532, stack(0x0000008c09200000,0x0000008c09300000)]
  0x0000022633257800 JavaThread "Attach Listener" daemon [_thread_blocked, id=7324, stack(0x0000008c09300000,0x0000008c09400000)]
  0x0000022633259000 JavaThread "Service Thread" daemon [_thread_blocked, id=8252, stack(0x0000008c09400000,0x0000008c09500000)]
  0x000002263325e000 JavaThread "C2 CompilerThread0" daemon [_thread_blocked, id=15712, stack(0x0000008c09500000,0x0000008c09600000)]
  0x000002263325f000 JavaThread "C1 CompilerThread0" daemon [_thread_blocked, id=9284, stack(0x0000008c09600000,0x0000008c09700000)]
  0x00000226332a6800 JavaThread "Sweeper thread" daemon [_thread_blocked, id=10936, stack(0x0000008c09700000,0x0000008c09800000)]
  0x000002263341f800 JavaThread "Common-Cleaner" daemon [_thread_blocked, id=7284, stack(0x0000008c09900000,0x0000008c09a00000)]
  0x0000022633421000 JavaThread "C2 CompilerThread1" daemon [_thread_blocked, id=6040, stack(0x0000008c09a00000,0x0000008c09b00000)]

Other Threads:
=>0x000002263324d800 VMThread "VM Thread" [stack: 0x0000008c08f00000,0x0000008c09000000] [id=1380]
  0x0000022633424800 WatcherThread [stack: 0x0000008c09800000,0x0000008c09900000] [id=13152]
  0x0000022613566800 GCTaskThread "GC Thread#0" [stack: 0x0000008c08a00000,0x0000008c08b00000] [id=18316]
  0x0000022633a2b000 GCTaskThread "GC Thread#1" [stack: 0x0000008c09b00000,0x0000008c09c00000] [id=21116]
  0x0000022633900800 GCTaskThread "GC Thread#2" [stack: 0x0000008c09c00000,0x0000008c09d00000] [id=6044]
  0x0000022633ba6000 GCTaskThread "GC Thread#3" [stack: 0x0000008c09d00000,0x0000008c09e00000] [id=6752]
  0x0000022633ba6800 GCTaskThread "GC Thread#4" [stack: 0x0000008c09e00000,0x0000008c09f00000] [id=14436]
  0x0000022633b85800 GCTaskThread "GC Thread#5" [stack: 0x0000008c09f00000,0x0000008c0a000000] [id=12768]
  0x00000226135c3800 ConcurrentGCThread "G1 Main Marker" [stack: 0x0000008c08b00000,0x0000008c08c00000] [id=21916]
  0x00000226135c6800 ConcurrentGCThread "G1 Conc#0" [stack: 0x0000008c08c00000,0x0000008c08d00000] [id=3396]
  0x0000022633c57800 ConcurrentGCThread "G1 Conc#1" [stack: 0x0000008c0a000000,0x0000008c0a100000] [id=13264]
  0x00000226346bb000 ConcurrentGCThread "G1 Conc#2" [stack: 0x0000008c0a100000,0x0000008c0a200000] [id=21920]
  0x0000022632873000 ConcurrentGCThread "G1 Refine#0" [stack: 0x0000008c08d00000,0x0000008c08e00000] [id=21172]
  0x0000022633e74800 ConcurrentGCThread "G1 Refine#1" [stack: 0x0000008c0a200000,0x0000008c0a300000] [id=12300]
  0x000002263450d800 ConcurrentGCThread "G1 Refine#2" [stack: 0x0000008c0a300000,0x0000008c0a400000] [id=16344]
  0x0000022632876000 ConcurrentGCThread "G1 Young RemSet Sampling" [stack: 0x0000008c08e00000,0x0000008c08f00000] [id=6016]

Threads with active compile tasks:
C2 CompilerThread0     1874 2577   !   4       java.net.URL::<init> (543 bytes)
C2 CompilerThread1     1874 2597       4       java.io.DataOutputStream::writeByte (14 bytes)

VM state:at safepoint (normal execution)

VM Mutex/Monitor currently owned by a thread:  ([mutex/lock_event])
[0x000002261354ad40] Threads_lock - owner thread: 0x000002263324d800
[0x000002261354b1c0] Heap_lock - owner thread: 0x000002261354e800

Heap address: 0x0000000703600000, size: 4042 MB, Compressed Oops mode: Zero based, Oop shift amount: 3
Narrow klass base: 0x0000000800000000, Narrow klass shift: 0
Compressed class space size: 1073741824 Address: 0x0000000800000000

Heap:
 garbage-first heap   total 312320K, used 24554K [0x0000000703600000, 0x0000000800000000)
  region size 1024K, 4 young (4096K), 4 survivors (4096K)
 Metaspace       used 37589K, capacity 38038K, committed 38144K, reserved 1083392K
  class space    used 4596K, capacity 4803K, committed 4864K, reserved 1048576K
Heap Regions: E=young(eden), S=young(survivor), O=old, HS=humongous(starts), HC=humongous(continues), CS=collection set, F=free, A=archive, TAMS=top-at-mark-start (previous, next)
|   0|0x0000000703600000, 0x0000000703700000, 0x0000000703700000|100%|HS|  |TAMS 0x0000000703700000, 0x0000000703600000| Complete 
|   1|0x0000000703700000, 0x0000000703800000, 0x0000000703800000|100%|HC|  |TAMS 0x0000000703800000, 0x0000000703700000| Complete 
|   2|0x0000000703800000, 0x0000000703900000, 0x0000000703900000|100%|HC|  |TAMS 0x0000000703900000, 0x0000000703800000| Complete 
|   3|0x0000000703900000, 0x0000000703a00000, 0x0000000703a00000|100%|HC|  |TAMS 0x0000000703a00000, 0x0000000703900000| Complete 
|   4|0x0000000703a00000, 0x0000000703b00000, 0x0000000703b00000|100%|HS|  |TAMS 0x0000000703b00000, 0x0000000703a00000| Complete 
|   5|0x0000000703b00000, 0x0000000703c00000, 0x0000000703c00000|100%|HC|  |TAMS 0x0000000703c00000, 0x0000000703b00000| Complete 
|   6|0x0000000703c00000, 0x0000000703d00000, 0x0000000703d00000|100%|HC|  |TAMS 0x0000000703d00000, 0x0000000703c00000| Complete 
|   7|0x0000000703d00000, 0x0000000703e00000, 0x0000000703e00000|100%|HC|  |TAMS 0x0000000703e00000, 0x0000000703d00000| Complete 
|   8|0x0000000703e00000, 0x0000000703e00000, 0x0000000703f00000|  0%| F|  |TAMS 0x0000000703e00000, 0x0000000703e00000| Untracked 
|   9|0x0000000703f00000, 0x0000000703f00000, 0x0000000704000000|  0%| F|  |TAMS 0x0000000703f00000, 0x0000000703f00000| Untracked 
|  10|0x0000000704000000, 0x0000000704100000, 0x0000000704100000|100%| O|  |TAMS 0x0000000704100000, 0x0000000704000000| Untracked 
|  11|0x0000000704100000, 0x0000000704200000, 0x0000000704200000|100%| O|  |TAMS 0x0000000704200000, 0x0000000704100000| Untracked 
|  12|0x0000000704200000, 0x0000000704300000, 0x0000000704300000|100%| O|  |TAMS 0x0000000704300000, 0x0000000704200000| Untracked 
|  13|0x0000000704300000, 0x0000000704400000, 0x0000000704400000|100%| O|  |TAMS 0x0000000704400000, 0x0000000704300000| Untracked 
|  14|0x0000000704400000, 0x0000000704500000, 0x0000000704500000|100%| O|  |TAMS 0x0000000704461600, 0x0000000704400000| Untracked 
|  15|0x0000000704500000, 0x0000000704600000, 0x0000000704600000|100%| O|  |TAMS 0x0000000704500000, 0x0000000704500000| Untracked 
|  16|0x0000000704600000, 0x0000000704700000, 0x0000000704700000|100%| O|  |TAMS 0x0000000704600000, 0x0000000704600000| Untracked 
|  17|0x0000000704700000, 0x0000000704800000, 0x0000000704800000|100%| O|  |TAMS 0x0000000704700000, 0x0000000704700000| Untracked 
|  18|0x0000000704800000, 0x0000000704900000, 0x0000000704900000|100%| O|  |TAMS 0x0000000704800000, 0x0000000704800000| Untracked 
|  19|0x0000000704900000, 0x0000000704a00000, 0x0000000704a00000|100%| O|  |TAMS 0x0000000704900000, 0x0000000704900000| Untracked 
|  20|0x0000000704a00000, 0x0000000704b00000, 0x0000000704b00000|100%| O|  |TAMS 0x0000000704a00000, 0x0000000704a00000| Untracked 
|  21|0x0000000704b00000, 0x0000000704c00000, 0x0000000704c00000|100%| O|  |TAMS 0x0000000704b00000, 0x0000000704b00000| Untracked 
|  22|0x0000000704c00000, 0x0000000704c29400, 0x0000000704d00000| 16%| O|  |TAMS 0x0000000704c00000, 0x0000000704c00000| Untracked 
|  23|0x0000000704d00000, 0x0000000704d00000, 0x0000000704e00000|  0%| F|  |TAMS 0x0000000704d00000, 0x0000000704d00000| Untracked 
|  24|0x0000000704e00000, 0x0000000704e00000, 0x0000000704f00000|  0%| F|  |TAMS 0x0000000704e00000, 0x0000000704e00000| Untracked 
|  25|0x0000000704f00000, 0x0000000704f00000, 0x0000000705000000|  0%| F|  |TAMS 0x0000000704f00000, 0x0000000704f00000| Untracked 
|  26|0x0000000705000000, 0x0000000705000000, 0x0000000705100000|  0%| F|  |TAMS 0x0000000705000000, 0x0000000705000000| Untracked 
|  27|0x0000000705100000, 0x0000000705100000, 0x0000000705200000|  0%| F|  |TAMS 0x0000000705100000, 0x0000000705100000| Untracked 
|  28|0x0000000705200000, 0x0000000705200000, 0x0000000705300000|  0%| F|  |TAMS 0x0000000705200000, 0x0000000705200000| Untracked 
|  29|0x0000000705300000, 0x0000000705300000, 0x0000000705400000|  0%| F|  |TAMS 0x0000000705300000, 0x0000000705300000| Untracked 
|  30|0x0000000705400000, 0x0000000705400000, 0x0000000705500000|  0%| F|  |TAMS 0x0000000705400000, 0x0000000705400000| Untracked 
|  31|0x0000000705500000, 0x0000000705500000, 0x0000000705600000|  0%| F|  |TAMS 0x0000000705500000, 0x0000000705500000| Untracked 
|  32|0x0000000705600000, 0x0000000705600000, 0x0000000705700000|  0%| F|  |TAMS 0x0000000705600000, 0x0000000705600000| Untracked 
|  33|0x0000000705700000, 0x0000000705700000, 0x0000000705800000|  0%| F|  |TAMS 0x0000000705700000, 0x0000000705700000| Untracked 
|  34|0x0000000705800000, 0x0000000705800000, 0x0000000705900000|  0%| F|  |TAMS 0x0000000705800000, 0x0000000705800000| Untracked 
|  35|0x0000000705900000, 0x0000000705900000, 0x0000000705a00000|  0%| F|  |TAMS 0x0000000705900000, 0x0000000705900000| Untracked 
|  36|0x0000000705a00000, 0x0000000705a00000, 0x0000000705b00000|  0%| F|  |TAMS 0x0000000705a00000, 0x0000000705a00000| Untracked 
|  37|0x0000000705b00000, 0x0000000705b00000, 0x0000000705c00000|  0%| F|  |TAMS 0x0000000705b00000, 0x0000000705b00000| Untracked 
|  38|0x0000000705c00000, 0x0000000705c00000, 0x0000000705d00000|  0%| F|  |TAMS 0x0000000705c00000, 0x0000000705c00000| Untracked 
|  39|0x0000000705d00000, 0x0000000705d00000, 0x0000000705e00000|  0%| F|  |TAMS 0x0000000705d00000, 0x0000000705d00000| Untracked 
|  40|0x0000000705e00000, 0x0000000705e00000, 0x0000000705f00000|  0%| F|  |TAMS 0x0000000705e00000, 0x0000000705e00000| Untracked 
|  41|0x0000000705f00000, 0x0000000705f00000, 0x0000000706000000|  0%| F|  |TAMS 0x0000000705f00000, 0x0000000705f00000| Untracked 
|  42|0x0000000706000000, 0x0000000706000000, 0x0000000706100000|  0%| F|  |TAMS 0x0000000706000000, 0x0000000706000000| Untracked 
|  43|0x0000000706100000, 0x0000000706100000, 0x0000000706200000|  0%| F|  |TAMS 0x0000000706100000, 0x0000000706100000| Untracked 
|  44|0x0000000706200000, 0x0000000706200000, 0x0000000706300000|  0%| F|  |TAMS 0x0000000706200000, 0x0000000706200000| Untracked 
|  45|0x0000000706300000, 0x0000000706300000, 0x0000000706400000|  0%| F|  |TAMS 0x0000000706300000, 0x0000000706300000| Untracked 
|  46|0x0000000706400000, 0x0000000706400000, 0x0000000706500000|  0%| F|  |TAMS 0x0000000706400000, 0x0000000706400000| Untracked 
|  47|0x0000000706500000, 0x0000000706500000, 0x0000000706600000|  0%| F|  |TAMS 0x0000000706500000, 0x0000000706500000| Untracked 
|  48|0x0000000706600000, 0x0000000706600000, 0x0000000706700000|  0%| F|  |TAMS 0x0000000706600000, 0x0000000706600000| Untracked 
|  49|0x0000000706700000, 0x0000000706700000, 0x0000000706800000|  0%| F|  |TAMS 0x0000000706700000, 0x0000000706700000| Untracked 
|  50|0x0000000706800000, 0x0000000706800000, 0x0000000706900000|  0%| F|  |TAMS 0x0000000706800000, 0x0000000706800000| Untracked 
|  51|0x0000000706900000, 0x0000000706900000, 0x0000000706a00000|  0%| F|  |TAMS 0x0000000706900000, 0x0000000706900000| Untracked 
|  52|0x0000000706a00000, 0x0000000706a00000, 0x0000000706b00000|  0%| F|  |TAMS 0x0000000706a00000, 0x0000000706a00000| Untracked 
|  53|0x0000000706b00000, 0x0000000706b00000, 0x0000000706c00000|  0%| F|  |TAMS 0x0000000706b00000, 0x0000000706b00000| Untracked 
|  54|0x0000000706c00000, 0x0000000706c00000, 0x0000000706d00000|  0%| F|  |TAMS 0x0000000706c00000, 0x0000000706c00000| Untracked 
|  55|0x0000000706d00000, 0x0000000706d00000, 0x0000000706e00000|  0%| F|  |TAMS 0x0000000706d00000, 0x0000000706d00000| Untracked 
|  56|0x0000000706e00000, 0x0000000706e00000, 0x0000000706f00000|  0%| F|  |TAMS 0x0000000706e00000, 0x0000000706e00000| Untracked 
|  57|0x0000000706f00000, 0x0000000706f00000, 0x0000000707000000|  0%| F|  |TAMS 0x0000000706f00000, 0x0000000706f00000| Untracked 
|  58|0x0000000707000000, 0x0000000707000000, 0x0000000707100000|  0%| F|  |TAMS 0x0000000707000000, 0x0000000707000000| Untracked 
|  59|0x0000000707100000, 0x0000000707100000, 0x0000000707200000|  0%| F|  |TAMS 0x0000000707100000, 0x0000000707100000| Untracked 
|  60|0x0000000707200000, 0x0000000707200000, 0x0000000707300000|  0%| F|  |TAMS 0x0000000707200000, 0x0000000707200000| Untracked 
|  61|0x0000000707300000, 0x0000000707300000, 0x0000000707400000|  0%| F|  |TAMS 0x0000000707300000, 0x0000000707300000| Untracked 
|  62|0x0000000707400000, 0x0000000707400000, 0x0000000707500000|  0%| F|  |TAMS 0x0000000707400000, 0x0000000707400000| Untracked 
|  63|0x0000000707500000, 0x0000000707500000, 0x0000000707600000|  0%| F|  |TAMS 0x0000000707500000, 0x0000000707500000| Untracked 
|  64|0x0000000707600000, 0x0000000707600000, 0x0000000707700000|  0%| F|  |TAMS 0x0000000707600000, 0x0000000707600000| Untracked 
|  65|0x0000000707700000, 0x0000000707700000, 0x0000000707800000|  0%| F|  |TAMS 0x0000000707700000, 0x0000000707700000| Untracked 
|  66|0x0000000707800000, 0x0000000707800000, 0x0000000707900000|  0%| F|  |TAMS 0x0000000707800000, 0x0000000707800000| Untracked 
|  67|0x0000000707900000, 0x0000000707900000, 0x0000000707a00000|  0%| F|  |TAMS 0x0000000707900000, 0x0000000707900000| Untracked 
|  68|0x0000000707a00000, 0x0000000707a00000, 0x0000000707b00000|  0%| F|  |TAMS 0x0000000707a00000, 0x0000000707a00000| Untracked 
|  69|0x0000000707b00000, 0x0000000707b00000, 0x0000000707c00000|  0%| F|  |TAMS 0x0000000707b00000, 0x0000000707b00000| Untracked 
|  70|0x0000000707c00000, 0x0000000707c00000, 0x0000000707d00000|  0%| F|  |TAMS 0x0000000707c00000, 0x0000000707c00000| Untracked 
|  71|0x0000000707d00000, 0x0000000707d00000, 0x0000000707e00000|  0%| F|  |TAMS 0x0000000707d00000, 0x0000000707d00000| Untracked 
|  72|0x0000000707e00000, 0x0000000707e00000, 0x0000000707f00000|  0%| F|  |TAMS 0x0000000707e00000, 0x0000000707e00000| Untracked 
|  73|0x0000000707f00000, 0x0000000707f00000, 0x0000000708000000|  0%| F|  |TAMS 0x0000000707f00000, 0x0000000707f00000| Untracked 
|  74|0x0000000708000000, 0x0000000708000000, 0x0000000708100000|  0%| F|  |TAMS 0x0000000708000000, 0x0000000708000000| Untracked 
|  75|0x0000000708100000, 0x0000000708100000, 0x0000000708200000|  0%| F|  |TAMS 0x0000000708100000, 0x0000000708100000| Untracked 
|  76|0x0000000708200000, 0x0000000708200000, 0x0000000708300000|  0%| F|  |TAMS 0x0000000708200000, 0x0000000708200000| Untracked 
|  77|0x0000000708300000, 0x0000000708300000, 0x0000000708400000|  0%| F|  |TAMS 0x0000000708300000, 0x0000000708300000| Untracked 
|  78|0x0000000708400000, 0x0000000708400000, 0x0000000708500000|  0%| F|  |TAMS 0x0000000708400000, 0x0000000708400000| Untracked 
|  79|0x0000000708500000, 0x0000000708500000, 0x0000000708600000|  0%| F|  |TAMS 0x0000000708500000, 0x0000000708500000| Untracked 
|  80|0x0000000708600000, 0x0000000708600000, 0x0000000708700000|  0%| F|  |TAMS 0x0000000708600000, 0x0000000708600000| Untracked 
|  81|0x0000000708700000, 0x0000000708700000, 0x0000000708800000|  0%| F|  |TAMS 0x0000000708700000, 0x0000000708700000| Untracked 
|  82|0x0000000708800000, 0x0000000708800000, 0x0000000708900000|  0%| F|  |TAMS 0x0000000708800000, 0x0000000708800000| Untracked 
|  83|0x0000000708900000, 0x0000000708900000, 0x0000000708a00000|  0%| F|  |TAMS 0x0000000708900000, 0x0000000708900000| Untracked 
|  84|0x0000000708a00000, 0x0000000708a00000, 0x0000000708b00000|  0%| F|  |TAMS 0x0000000708a00000, 0x0000000708a00000| Untracked 
|  85|0x0000000708b00000, 0x0000000708b00000, 0x0000000708c00000|  0%| F|  |TAMS 0x0000000708b00000, 0x0000000708b00000| Untracked 
|  86|0x0000000708c00000, 0x0000000708c00000, 0x0000000708d00000|  0%| F|  |TAMS 0x0000000708c00000, 0x0000000708c00000| Untracked 
|  87|0x0000000708d00000, 0x0000000708d00000, 0x0000000708e00000|  0%| F|  |TAMS 0x0000000708d00000, 0x0000000708d00000| Untracked 
|  88|0x0000000708e00000, 0x0000000708e00000, 0x0000000708f00000|  0%| F|  |TAMS 0x0000000708e00000, 0x0000000708e00000| Untracked 
|  89|0x0000000708f00000, 0x0000000708f00000, 0x0000000709000000|  0%| F|  |TAMS 0x0000000708f00000, 0x0000000708f00000| Untracked 
|  90|0x0000000709000000, 0x0000000709000000, 0x0000000709100000|  0%| F|  |TAMS 0x0000000709000000, 0x0000000709000000| Untracked 
|  91|0x0000000709100000, 0x0000000709100000, 0x0000000709200000|  0%| F|  |TAMS 0x0000000709100000, 0x0000000709100000| Untracked 
|  92|0x0000000709200000, 0x0000000709200000, 0x0000000709300000|  0%| F|  |TAMS 0x0000000709200000, 0x0000000709200000| Untracked 
|  93|0x0000000709300000, 0x0000000709300000, 0x0000000709400000|  0%| F|  |TAMS 0x0000000709300000, 0x0000000709300000| Untracked 
|  94|0x0000000709400000, 0x0000000709400000, 0x0000000709500000|  0%| F|  |TAMS 0x0000000709400000, 0x0000000709400000| Untracked 
|  95|0x0000000709500000, 0x0000000709500000, 0x0000000709600000|  0%| F|  |TAMS 0x0000000709500000, 0x0000000709500000| Untracked 
|  96|0x0000000709600000, 0x0000000709600000, 0x0000000709700000|  0%| F|  |TAMS 0x0000000709600000, 0x0000000709600000| Untracked 
|  97|0x0000000709700000, 0x0000000709700000, 0x0000000709800000|  0%| F|  |TAMS 0x0000000709700000, 0x0000000709700000| Untracked 
|  98|0x0000000709800000, 0x0000000709800000, 0x0000000709900000|  0%| F|  |TAMS 0x0000000709800000, 0x0000000709800000| Untracked 
|  99|0x0000000709900000, 0x0000000709900000, 0x0000000709a00000|  0%| F|  |TAMS 0x0000000709900000, 0x0000000709900000| Untracked 
| 100|0x0000000709a00000, 0x0000000709a00000, 0x0000000709b00000|  0%| F|  |TAMS 0x0000000709a00000, 0x0000000709a00000| Untracked 
| 101|0x0000000709b00000, 0x0000000709b00000, 0x0000000709c00000|  0%| F|  |TAMS 0x0000000709b00000, 0x0000000709b00000| Untracked 
| 102|0x0000000709c00000, 0x0000000709c00000, 0x0000000709d00000|  0%| F|  |TAMS 0x0000000709c00000, 0x0000000709c00000| Untracked 
| 103|0x0000000709d00000, 0x0000000709d00000, 0x0000000709e00000|  0%| F|  |TAMS 0x0000000709d00000, 0x0000000709d00000| Untracked 
| 104|0x0000000709e00000, 0x0000000709e00000, 0x0000000709f00000|  0%| F|  |TAMS 0x0000000709e00000, 0x0000000709e00000| Untracked 
| 105|0x0000000709f00000, 0x0000000709f00000, 0x000000070a000000|  0%| F|  |TAMS 0x0000000709f00000, 0x0000000709f00000| Untracked 
| 106|0x000000070a000000, 0x000000070a000000, 0x000000070a100000|  0%| F|  |TAMS 0x000000070a000000, 0x000000070a000000| Untracked 
| 107|0x000000070a100000, 0x000000070a100000, 0x000000070a200000|  0%| F|  |TAMS 0x000000070a100000, 0x000000070a100000| Untracked 
| 108|0x000000070a200000, 0x000000070a200000, 0x000000070a300000|  0%| F|  |TAMS 0x000000070a200000, 0x000000070a200000| Untracked 
| 109|0x000000070a300000, 0x000000070a300000, 0x000000070a400000|  0%| F|  |TAMS 0x000000070a300000, 0x000000070a300000| Untracked 
| 110|0x000000070a400000, 0x000000070a400000, 0x000000070a500000|  0%| F|  |TAMS 0x000000070a400000, 0x000000070a400000| Untracked 
| 111|0x000000070a500000, 0x000000070a500000, 0x000000070a600000|  0%| F|  |TAMS 0x000000070a500000, 0x000000070a500000| Untracked 
| 112|0x000000070a600000, 0x000000070a600000, 0x000000070a700000|  0%| F|  |TAMS 0x000000070a600000, 0x000000070a600000| Untracked 
| 113|0x000000070a700000, 0x000000070a700000, 0x000000070a800000|  0%| F|  |TAMS 0x000000070a700000, 0x000000070a700000| Untracked 
| 114|0x000000070a800000, 0x000000070a800000, 0x000000070a900000|  0%| F|  |TAMS 0x000000070a800000, 0x000000070a800000| Untracked 
| 115|0x000000070a900000, 0x000000070a900000, 0x000000070aa00000|  0%| F|  |TAMS 0x000000070a900000, 0x000000070a900000| Untracked 
| 116|0x000000070aa00000, 0x000000070aa00000, 0x000000070ab00000|  0%| F|  |TAMS 0x000000070aa00000, 0x000000070aa00000| Untracked 
| 117|0x000000070ab00000, 0x000000070ab00000, 0x000000070ac00000|  0%| F|  |TAMS 0x000000070ab00000, 0x000000070ab00000| Untracked 
| 118|0x000000070ac00000, 0x000000070ac00000, 0x000000070ad00000|  0%| F|  |TAMS 0x000000070ac00000, 0x000000070ac00000| Untracked 
| 119|0x000000070ad00000, 0x000000070ad00000, 0x000000070ae00000|  0%| F|  |TAMS 0x000000070ad00000, 0x000000070ad00000| Untracked 
| 120|0x000000070ae00000, 0x000000070ae00000, 0x000000070af00000|  0%| F|  |TAMS 0x000000070ae00000, 0x000000070ae00000| Untracked 
| 121|0x000000070af00000, 0x000000070af00000, 0x000000070b000000|  0%| F|  |TAMS 0x000000070af00000, 0x000000070af00000| Untracked 
| 122|0x000000070b000000, 0x000000070b000000, 0x000000070b100000|  0%| F|  |TAMS 0x000000070b000000, 0x000000070b000000| Untracked 
| 123|0x000000070b100000, 0x000000070b100000, 0x000000070b200000|  0%| F|  |TAMS 0x000000070b100000, 0x000000070b100000| Untracked 
| 124|0x000000070b200000, 0x000000070b200000, 0x000000070b300000|  0%| F|  |TAMS 0x000000070b200000, 0x000000070b200000| Untracked 
| 125|0x000000070b300000, 0x000000070b300000, 0x000000070b400000|  0%| F|  |TAMS 0x000000070b300000, 0x000000070b300000| Untracked 
| 126|0x000000070b400000, 0x000000070b400000, 0x000000070b500000|  0%| F|  |TAMS 0x000000070b400000, 0x000000070b400000| Untracked 
| 127|0x000000070b500000, 0x000000070b500000, 0x000000070b600000|  0%| F|  |TAMS 0x000000070b500000, 0x000000070b500000| Untracked 
| 128|0x000000070b600000, 0x000000070b600000, 0x000000070b700000|  0%| F|  |TAMS 0x000000070b600000, 0x000000070b600000| Untracked 
| 129|0x000000070b700000, 0x000000070b700000, 0x000000070b800000|  0%| F|  |TAMS 0x000000070b700000, 0x000000070b700000| Untracked 
| 130|0x000000070b800000, 0x000000070b800000, 0x000000070b900000|  0%| F|  |TAMS 0x000000070b800000, 0x000000070b800000| Untracked 
| 131|0x000000070b900000, 0x000000070b900000, 0x000000070ba00000|  0%| F|  |TAMS 0x000000070b900000, 0x000000070b900000| Untracked 
| 132|0x000000070ba00000, 0x000000070ba00000, 0x000000070bb00000|  0%| F|  |TAMS 0x000000070ba00000, 0x000000070ba00000| Untracked 
| 133|0x000000070bb00000, 0x000000070bb00000, 0x000000070bc00000|  0%| F|  |TAMS 0x000000070bb00000, 0x000000070bb00000| Untracked 
| 134|0x000000070bc00000, 0x000000070bc00000, 0x000000070bd00000|  0%| F|  |TAMS 0x000000070bc00000, 0x000000070bc00000| Untracked 
| 135|0x000000070bd00000, 0x000000070bd00000, 0x000000070be00000|  0%| F|  |TAMS 0x000000070bd00000, 0x000000070bd00000| Untracked 
| 136|0x000000070be00000, 0x000000070be00000, 0x000000070bf00000|  0%| F|  |TAMS 0x000000070be00000, 0x000000070be00000| Untracked 
| 137|0x000000070bf00000, 0x000000070bf00000, 0x000000070c000000|  0%| F|  |TAMS 0x000000070bf00000, 0x000000070bf00000| Untracked 
| 138|0x000000070c000000, 0x000000070c000000, 0x000000070c100000|  0%| F|  |TAMS 0x000000070c000000, 0x000000070c000000| Untracked 
| 139|0x000000070c100000, 0x000000070c100000, 0x000000070c200000|  0%| F|  |TAMS 0x000000070c100000, 0x000000070c100000| Untracked 
| 140|0x000000070c200000, 0x000000070c200000, 0x000000070c300000|  0%| F|  |TAMS 0x000000070c200000, 0x000000070c200000| Untracked 
| 141|0x000000070c300000, 0x000000070c300000, 0x000000070c400000|  0%| F|  |TAMS 0x000000070c300000, 0x000000070c300000| Untracked 
| 142|0x000000070c400000, 0x000000070c400000, 0x000000070c500000|  0%| F|  |TAMS 0x000000070c400000, 0x000000070c400000| Untracked 
| 143|0x000000070c500000, 0x000000070c500000, 0x000000070c600000|  0%| F|  |TAMS 0x000000070c500000, 0x000000070c500000| Untracked 
| 144|0x000000070c600000, 0x000000070c600000, 0x000000070c700000|  0%| F|  |TAMS 0x000000070c600000, 0x000000070c600000| Untracked 
| 145|0x000000070c700000, 0x000000070c700000, 0x000000070c800000|  0%| F|  |TAMS 0x000000070c700000, 0x000000070c700000| Untracked 
| 146|0x000000070c800000, 0x000000070c800000, 0x000000070c900000|  0%| F|  |TAMS 0x000000070c800000, 0x000000070c800000| Untracked 
| 147|0x000000070c900000, 0x000000070c900000, 0x000000070ca00000|  0%| F|  |TAMS 0x000000070c900000, 0x000000070c900000| Untracked 
| 148|0x000000070ca00000, 0x000000070ca00000, 0x000000070cb00000|  0%| F|  |TAMS 0x000000070ca00000, 0x000000070ca00000| Untracked 
| 149|0x000000070cb00000, 0x000000070cb00000, 0x000000070cc00000|  0%| F|  |TAMS 0x000000070cb00000, 0x000000070cb00000| Untracked 
| 150|0x000000070cc00000, 0x000000070cc00000, 0x000000070cd00000|  0%| F|  |TAMS 0x000000070cc00000, 0x000000070cc00000| Untracked 
| 151|0x000000070cd00000, 0x000000070cd00000, 0x000000070ce00000|  0%| F|  |TAMS 0x000000070cd00000, 0x000000070cd00000| Untracked 
| 152|0x000000070ce00000, 0x000000070ce00000, 0x000000070cf00000|  0%| F|  |TAMS 0x000000070ce00000, 0x000000070ce00000| Untracked 
| 153|0x000000070cf00000, 0x000000070cf00000, 0x000000070d000000|  0%| F|  |TAMS 0x000000070cf00000, 0x000000070cf00000| Untracked 
| 154|0x000000070d000000, 0x000000070d000000, 0x000000070d100000|  0%| F|  |TAMS 0x000000070d000000, 0x000000070d000000| Untracked 
| 155|0x000000070d100000, 0x000000070d100000, 0x000000070d200000|  0%| F|  |TAMS 0x000000070d100000, 0x000000070d100000| Untracked 
| 156|0x000000070d200000, 0x000000070d200000, 0x000000070d300000|  0%| F|  |TAMS 0x000000070d200000, 0x000000070d200000| Untracked 
| 157|0x000000070d300000, 0x000000070d300000, 0x000000070d400000|  0%| F|  |TAMS 0x000000070d300000, 0x000000070d300000| Untracked 
| 158|0x000000070d400000, 0x000000070d400000, 0x000000070d500000|  0%| F|  |TAMS 0x000000070d400000, 0x000000070d400000| Untracked 
| 159|0x000000070d500000, 0x000000070d500000, 0x000000070d600000|  0%| F|  |TAMS 0x000000070d500000, 0x000000070d500000| Untracked 
| 160|0x000000070d600000, 0x000000070d600000, 0x000000070d700000|  0%| F|  |TAMS 0x000000070d600000, 0x000000070d600000| Untracked 
| 161|0x000000070d700000, 0x000000070d700000, 0x000000070d800000|  0%| F|  |TAMS 0x000000070d700000, 0x000000070d700000| Untracked 
| 162|0x000000070d800000, 0x000000070d800000, 0x000000070d900000|  0%| F|  |TAMS 0x000000070d800000, 0x000000070d800000| Untracked 
| 163|0x000000070d900000, 0x000000070d900000, 0x000000070da00000|  0%| F|  |TAMS 0x000000070d900000, 0x000000070d900000| Untracked 
| 164|0x000000070da00000, 0x000000070da00000, 0x000000070db00000|  0%| F|  |TAMS 0x000000070da00000, 0x000000070da00000| Untracked 
| 165|0x000000070db00000, 0x000000070db00000, 0x000000070dc00000|  0%| F|  |TAMS 0x000000070db00000, 0x000000070db00000| Untracked 
| 166|0x000000070dc00000, 0x000000070dc00000, 0x000000070dd00000|  0%| F|  |TAMS 0x000000070dc00000, 0x000000070dc00000| Untracked 
| 167|0x000000070dd00000, 0x000000070dd00000, 0x000000070de00000|  0%| F|  |TAMS 0x000000070dd00000, 0x000000070dd00000| Untracked 
| 168|0x000000070de00000, 0x000000070de00000, 0x000000070df00000|  0%| F|  |TAMS 0x000000070de00000, 0x000000070de00000| Untracked 
| 169|0x000000070df00000, 0x000000070df00000, 0x000000070e000000|  0%| F|  |TAMS 0x000000070df00000, 0x000000070df00000| Untracked 
| 170|0x000000070e000000, 0x000000070e000000, 0x000000070e100000|  0%| F|  |TAMS 0x000000070e000000, 0x000000070e000000| Untracked 
| 171|0x000000070e100000, 0x000000070e100000, 0x000000070e200000|  0%| F|  |TAMS 0x000000070e100000, 0x000000070e100000| Untracked 
| 172|0x000000070e200000, 0x000000070e200000, 0x000000070e300000|  0%| F|  |TAMS 0x000000070e200000, 0x000000070e200000| Untracked 
| 173|0x000000070e300000, 0x000000070e300000, 0x000000070e400000|  0%| F|  |TAMS 0x000000070e300000, 0x000000070e300000| Untracked 
| 174|0x000000070e400000, 0x000000070e400000, 0x000000070e500000|  0%| F|  |TAMS 0x000000070e400000, 0x000000070e400000| Untracked 
| 175|0x000000070e500000, 0x000000070e500000, 0x000000070e600000|  0%| F|  |TAMS 0x000000070e500000, 0x000000070e500000| Untracked 
| 176|0x000000070e600000, 0x000000070e600000, 0x000000070e700000|  0%| F|  |TAMS 0x000000070e600000, 0x000000070e600000| Untracked 
| 177|0x000000070e700000, 0x000000070e700000, 0x000000070e800000|  0%| F|  |TAMS 0x000000070e700000, 0x000000070e700000| Untracked 
| 178|0x000000070e800000, 0x000000070e800000, 0x000000070e900000|  0%| F|  |TAMS 0x000000070e800000, 0x000000070e800000| Untracked 
| 179|0x000000070e900000, 0x000000070e900000, 0x000000070ea00000|  0%| F|  |TAMS 0x000000070e900000, 0x000000070e900000| Untracked 
| 180|0x000000070ea00000, 0x000000070ea00000, 0x000000070eb00000|  0%| F|  |TAMS 0x000000070ea00000, 0x000000070ea00000| Untracked 
| 181|0x000000070eb00000, 0x000000070eb00000, 0x000000070ec00000|  0%| F|  |TAMS 0x000000070eb00000, 0x000000070eb00000| Untracked 
| 182|0x000000070ec00000, 0x000000070ec00000, 0x000000070ed00000|  0%| F|  |TAMS 0x000000070ec00000, 0x000000070ec00000| Untracked 
| 183|0x000000070ed00000, 0x000000070ed00000, 0x000000070ee00000|  0%| F|  |TAMS 0x000000070ed00000, 0x000000070ed00000| Untracked 
| 184|0x000000070ee00000, 0x000000070ee00000, 0x000000070ef00000|  0%| F|  |TAMS 0x000000070ee00000, 0x000000070ee00000| Untracked 
| 185|0x000000070ef00000, 0x000000070ef00000, 0x000000070f000000|  0%| F|  |TAMS 0x000000070ef00000, 0x000000070ef00000| Untracked 
| 186|0x000000070f000000, 0x000000070f000000, 0x000000070f100000|  0%| F|  |TAMS 0x000000070f000000, 0x000000070f000000| Untracked 
| 187|0x000000070f100000, 0x000000070f100000, 0x000000070f200000|  0%| F|  |TAMS 0x000000070f100000, 0x000000070f100000| Untracked 
| 188|0x000000070f200000, 0x000000070f200000, 0x000000070f300000|  0%| F|  |TAMS 0x000000070f200000, 0x000000070f200000| Untracked 
| 189|0x000000070f300000, 0x000000070f300000, 0x000000070f400000|  0%| F|  |TAMS 0x000000070f300000, 0x000000070f300000| Untracked 
| 190|0x000000070f400000, 0x000000070f400000, 0x000000070f500000|  0%| F|  |TAMS 0x000000070f400000, 0x000000070f400000| Untracked 
| 191|0x000000070f500000, 0x000000070f500000, 0x000000070f600000|  0%| F|  |TAMS 0x000000070f500000, 0x000000070f500000| Untracked 
| 192|0x000000070f600000, 0x000000070f600000, 0x000000070f700000|  0%| F|  |TAMS 0x000000070f600000, 0x000000070f600000| Untracked 
| 193|0x000000070f700000, 0x000000070f700000, 0x000000070f800000|  0%| F|  |TAMS 0x000000070f700000, 0x000000070f700000| Untracked 
| 194|0x000000070f800000, 0x000000070f800000, 0x000000070f900000|  0%| F|  |TAMS 0x000000070f800000, 0x000000070f800000| Untracked 
| 195|0x000000070f900000, 0x000000070f900000, 0x000000070fa00000|  0%| F|  |TAMS 0x000000070f900000, 0x000000070f900000| Untracked 
| 196|0x000000070fa00000, 0x000000070fa00000, 0x000000070fb00000|  0%| F|  |TAMS 0x000000070fa00000, 0x000000070fa00000| Untracked 
| 197|0x000000070fb00000, 0x000000070fb00000, 0x000000070fc00000|  0%| F|  |TAMS 0x000000070fb00000, 0x000000070fb00000| Untracked 
| 198|0x000000070fc00000, 0x000000070fc00000, 0x000000070fd00000|  0%| F|  |TAMS 0x000000070fc00000, 0x000000070fc00000| Untracked 
| 199|0x000000070fd00000, 0x000000070fd00000, 0x000000070fe00000|  0%| F|  |TAMS 0x000000070fd00000, 0x000000070fd00000| Untracked 
| 200|0x000000070fe00000, 0x000000070fe00000, 0x000000070ff00000|  0%| F|  |TAMS 0x000000070fe00000, 0x000000070fe00000| Untracked 
| 201|0x000000070ff00000, 0x000000070ff00000, 0x0000000710000000|  0%| F|  |TAMS 0x000000070ff00000, 0x000000070ff00000| Untracked 
| 202|0x0000000710000000, 0x0000000710000000, 0x0000000710100000|  0%| F|  |TAMS 0x0000000710000000, 0x0000000710000000| Untracked 
| 203|0x0000000710100000, 0x0000000710100000, 0x0000000710200000|  0%| F|  |TAMS 0x0000000710100000, 0x0000000710100000| Untracked 
| 204|0x0000000710200000, 0x0000000710200000, 0x0000000710300000|  0%| F|  |TAMS 0x0000000710200000, 0x0000000710200000| Untracked 
| 205|0x0000000710300000, 0x0000000710300000, 0x0000000710400000|  0%| F|  |TAMS 0x0000000710300000, 0x0000000710300000| Untracked 
| 206|0x0000000710400000, 0x0000000710400000, 0x0000000710500000|  0%| F|  |TAMS 0x0000000710400000, 0x0000000710400000| Untracked 
| 207|0x0000000710500000, 0x0000000710500000, 0x0000000710600000|  0%| F|  |TAMS 0x0000000710500000, 0x0000000710500000| Untracked 
| 208|0x0000000710600000, 0x0000000710600000, 0x0000000710700000|  0%| F|  |TAMS 0x0000000710600000, 0x0000000710600000| Untracked 
| 209|0x0000000710700000, 0x0000000710700000, 0x0000000710800000|  0%| F|  |TAMS 0x0000000710700000, 0x0000000710700000| Untracked 
| 210|0x0000000710800000, 0x0000000710800000, 0x0000000710900000|  0%| F|  |TAMS 0x0000000710800000, 0x0000000710800000| Untracked 
| 211|0x0000000710900000, 0x0000000710900000, 0x0000000710a00000|  0%| F|  |TAMS 0x0000000710900000, 0x0000000710900000| Untracked 
| 212|0x0000000710a00000, 0x0000000710a00000, 0x0000000710b00000|  0%| F|  |TAMS 0x0000000710a00000, 0x0000000710a00000| Untracked 
| 213|0x0000000710b00000, 0x0000000710b00000, 0x0000000710c00000|  0%| F|  |TAMS 0x0000000710b00000, 0x0000000710b00000| Untracked 
| 214|0x0000000710c00000, 0x0000000710c00000, 0x0000000710d00000|  0%| F|  |TAMS 0x0000000710c00000, 0x0000000710c00000| Untracked 
| 215|0x0000000710d00000, 0x0000000710d00000, 0x0000000710e00000|  0%| F|  |TAMS 0x0000000710d00000, 0x0000000710d00000| Untracked 
| 216|0x0000000710e00000, 0x0000000710e00000, 0x0000000710f00000|  0%| F|  |TAMS 0x0000000710e00000, 0x0000000710e00000| Untracked 
| 217|0x0000000710f00000, 0x0000000710f00000, 0x0000000711000000|  0%| F|  |TAMS 0x0000000710f00000, 0x0000000710f00000| Untracked 
| 218|0x0000000711000000, 0x0000000711000000, 0x0000000711100000|  0%| F|  |TAMS 0x0000000711000000, 0x0000000711000000| Untracked 
| 219|0x0000000711100000, 0x0000000711100000, 0x0000000711200000|  0%| F|  |TAMS 0x0000000711100000, 0x0000000711100000| Untracked 
| 220|0x0000000711200000, 0x0000000711200000, 0x0000000711300000|  0%| F|  |TAMS 0x0000000711200000, 0x0000000711200000| Untracked 
| 221|0x0000000711300000, 0x0000000711300000, 0x0000000711400000|  0%| F|  |TAMS 0x0000000711300000, 0x0000000711300000| Untracked 
| 222|0x0000000711400000, 0x0000000711400000, 0x0000000711500000|  0%| F|  |TAMS 0x0000000711400000, 0x0000000711400000| Untracked 
| 223|0x0000000711500000, 0x0000000711500000, 0x0000000711600000|  0%| F|  |TAMS 0x0000000711500000, 0x0000000711500000| Untracked 
| 224|0x0000000711600000, 0x00000007116d16e8, 0x0000000711700000| 81%| S|CS|TAMS 0x0000000711600000, 0x0000000711600000| Complete 
| 225|0x0000000711700000, 0x0000000711800000, 0x0000000711800000|100%| S|CS|TAMS 0x0000000711700000, 0x0000000711700000| Complete 
| 226|0x0000000711800000, 0x0000000711900000, 0x0000000711900000|100%| S|CS|TAMS 0x0000000711800000, 0x0000000711800000| Complete 
| 227|0x0000000711900000, 0x0000000711a00000, 0x0000000711a00000|100%| S|CS|TAMS 0x0000000711900000, 0x0000000711900000| Complete 
| 228|0x0000000711a00000, 0x0000000711a00000, 0x0000000711b00000|  0%| F|  |TAMS 0x0000000711a00000, 0x0000000711a00000| Untracked 
| 229|0x0000000711b00000, 0x0000000711b00000, 0x0000000711c00000|  0%| F|  |TAMS 0x0000000711b00000, 0x0000000711b00000| Untracked 
| 230|0x0000000711c00000, 0x0000000711c00000, 0x0000000711d00000|  0%| F|  |TAMS 0x0000000711c00000, 0x0000000711c00000| Untracked 
| 231|0x0000000711d00000, 0x0000000711d00000, 0x0000000711e00000|  0%| F|  |TAMS 0x0000000711d00000, 0x0000000711d00000| Untracked 
| 232|0x0000000711e00000, 0x0000000711e00000, 0x0000000711f00000|  0%| F|  |TAMS 0x0000000711e00000, 0x0000000711e00000| Untracked 
| 233|0x0000000711f00000, 0x0000000711f00000, 0x0000000712000000|  0%| F|  |TAMS 0x0000000711f00000, 0x0000000711f00000| Untracked 
| 234|0x0000000712000000, 0x0000000712000000, 0x0000000712100000|  0%| F|  |TAMS 0x0000000712000000, 0x0000000712000000| Untracked 
| 235|0x0000000712100000, 0x0000000712100000, 0x0000000712200000|  0%| F|  |TAMS 0x0000000712100000, 0x0000000712100000| Untracked 
| 236|0x0000000712200000, 0x0000000712200000, 0x0000000712300000|  0%| F|  |TAMS 0x0000000712200000, 0x0000000712200000| Untracked 
| 237|0x0000000712300000, 0x0000000712300000, 0x0000000712400000|  0%| F|  |TAMS 0x0000000712300000, 0x0000000712300000| Untracked 
| 238|0x0000000712400000, 0x0000000712400000, 0x0000000712500000|  0%| F|  |TAMS 0x0000000712400000, 0x0000000712400000| Untracked 
| 239|0x0000000712500000, 0x0000000712500000, 0x0000000712600000|  0%| F|  |TAMS 0x0000000712500000, 0x0000000712500000| Untracked 
| 240|0x0000000712600000, 0x0000000712600000, 0x0000000712700000|  0%| F|  |TAMS 0x0000000712600000, 0x0000000712600000| Untracked 
| 241|0x0000000712700000, 0x0000000712700000, 0x0000000712800000|  0%| F|  |TAMS 0x0000000712700000, 0x0000000712700000| Untracked 
| 242|0x0000000712800000, 0x0000000712800000, 0x0000000712900000|  0%| F|  |TAMS 0x0000000712800000, 0x0000000712800000| Untracked 
| 243|0x0000000712900000, 0x0000000712900000, 0x0000000712a00000|  0%| F|  |TAMS 0x0000000712900000, 0x0000000712900000| Untracked 
| 244|0x0000000712a00000, 0x0000000712a00000, 0x0000000712b00000|  0%| F|  |TAMS 0x0000000712a00000, 0x0000000712a00000| Untracked 
| 245|0x0000000712b00000, 0x0000000712b00000, 0x0000000712c00000|  0%| F|  |TAMS 0x0000000712b00000, 0x0000000712b00000| Untracked 
| 246|0x0000000712c00000, 0x0000000712c00000, 0x0000000712d00000|  0%| F|  |TAMS 0x0000000712c00000, 0x0000000712c00000| Untracked 
| 247|0x0000000712d00000, 0x0000000712d00000, 0x0000000712e00000|  0%| F|  |TAMS 0x0000000712d00000, 0x0000000712d00000| Untracked 
| 248|0x0000000712e00000, 0x0000000712e00000, 0x0000000712f00000|  0%| F|  |TAMS 0x0000000712e00000, 0x0000000712e00000| Untracked 
| 249|0x0000000712f00000, 0x0000000712f00000, 0x0000000713000000|  0%| F|  |TAMS 0x0000000712f00000, 0x0000000712f00000| Untracked 
| 250|0x0000000713000000, 0x0000000713000000, 0x0000000713100000|  0%| F|  |TAMS 0x0000000713000000, 0x0000000713000000| Untracked 
| 251|0x0000000713100000, 0x0000000713100000, 0x0000000713200000|  0%| F|  |TAMS 0x0000000713100000, 0x0000000713100000| Untracked 
| 252|0x0000000713200000, 0x0000000713200000, 0x0000000713300000|  0%| F|  |TAMS 0x0000000713200000, 0x0000000713200000| Untracked 
| 253|0x0000000713300000, 0x0000000713300000, 0x0000000713400000|  0%| F|  |TAMS 0x0000000713300000, 0x0000000713300000| Untracked 

Card table byte_map: [0x0000022626db0000,0x00000226275a0000] _byte_map_base: 0x0000022623595000

Marking Bits (Prev, Next): (CMBitMap*) 0x00000226135b0ff8, (CMBitMap*) 0x00000226135b1030
 Prev Bits: [0x0000022627d90000, 0x000002262bcb8000)
 Next Bits: [0x000002262bcc0000, 0x000002262fbe8000)

Polling page: 0x0000022611560000

Metaspace:

Usage:
  Non-class:     32.46 MB capacity,    32.22 MB (>99%) used,   187.52 KB ( <1%) free+waste,    54.25 KB ( <1%) overhead. 
      Class:      4.69 MB capacity,     4.49 MB ( 96%) used,   181.59 KB (  4%) free+waste,    25.31 KB ( <1%) overhead. 
       Both:     37.15 MB capacity,    36.71 MB ( 99%) used,   369.11 KB ( <1%) free+waste,    79.56 KB ( <1%) overhead. 

Virtual space:
  Non-class space:       34.00 MB reserved,      32.50 MB ( 96%) committed 
      Class space:        1.00 GB reserved,       4.75 MB ( <1%) committed 
             Both:        1.03 GB reserved,      37.25 MB (  4%) committed 

Chunk freelists:
   Non-Class:  45.00 KB
       Class:  29.00 KB
        Both:  74.00 KB

MaxMetaspaceSize: 17179869184.00 GB
CompressedClassSpaceSize: 1.00 GB
Initial GC threshold: 20.80 MB
Current GC threshold: 58.34 MB
CDS: off

CodeHeap 'non-profiled nmethods': size=120000Kb used=1129Kb max_used=1129Kb free=118870Kb
 bounds [0x000002261eb40000, 0x000002261edb0000, 0x0000022626070000]
CodeHeap 'profiled nmethods': size=120000Kb used=4869Kb max_used=4869Kb free=115131Kb
 bounds [0x0000022617610000, 0x0000022617ae0000, 0x000002261eb40000]
CodeHeap 'non-nmethods': size=5760Kb used=1266Kb max_used=1318Kb free=4494Kb
 bounds [0x0000022617070000, 0x00000226172e0000, 0x0000022617610000]
 total_blobs=3133 nmethods=2602 adapters=443
 compilation: enabled
              stopped_count=0, restarted_count=0
 full_count=0

Compilation events (20 events):
Event: 1.856 Thread 0x000002263325f000 2603       3       jdk.internal.loader.AbstractClassLoaderValue$Sub::<init> (15 bytes)
Event: 1.858 Thread 0x000002263325f000 nmethod 2603 0x0000022617acd210 code [0x0000022617acd3e0, 0x0000022617acd658]
Event: 1.858 Thread 0x000002263325f000 2596       3       sun.reflect.annotation.AnnotationParser::skipMemberValue (65 bytes)
Event: 1.860 Thread 0x000002263325f000 nmethod 2596 0x0000022617acd710 code [0x0000022617acd940, 0x0000022617acdff8]
Event: 1.860 Thread 0x000002263325f000 2604       3       sun.reflect.annotation.AnnotationParser::parseStringArray (85 bytes)
Event: 1.861 Thread 0x000002263325f000 nmethod 2604 0x0000022617ace210 code [0x0000022617ace4a0, 0x0000022617acf008]
Event: 1.861 Thread 0x000002263325f000 2605       3       sun.reflect.generics.parser.SignatureParser::make (8 bytes)
Event: 1.862 Thread 0x000002263325f000 nmethod 2605 0x0000022617acf490 code [0x0000022617acf640, 0x0000022617acf838]
Event: 1.862 Thread 0x000002263325f000 2606       3       sun.reflect.generics.parser.SignatureParser::<init> (5 bytes)
Event: 1.862 Thread 0x000002263325f000 nmethod 2606 0x0000022617acf910 code [0x0000022617acfac0, 0x0000022617acfc18]
Event: 1.862 Thread 0x000002263325f000 2607       3       sun.reflect.generics.parser.SignatureParser::init (16 bytes)
Event: 1.862 Thread 0x000002263325f000 nmethod 2607 0x0000022617acfd10 code [0x0000022617acfec0, 0x0000022617ad0018]
Event: 1.862 Thread 0x000002263325f000 2608       3       sun.reflect.generics.scope.AbstractScope::<init> (10 bytes)
Event: 1.862 Thread 0x000002263325f000 nmethod 2608 0x0000022617ad0090 code [0x0000022617ad0240, 0x0000022617ad03f8]
Event: 1.862 Thread 0x000002263325f000 2609       3       sun.reflect.generics.factory.CoreReflectionFactory::make (10 bytes)
Event: 1.862 Thread 0x000002263325f000 nmethod 2609 0x0000022617ad0490 code [0x0000022617ad0660, 0x0000022617ad0938]
Event: 1.862 Thread 0x000002263325f000 2610       3       sun.reflect.generics.factory.CoreReflectionFactory::<init> (15 bytes)
Event: 1.862 Thread 0x000002263325f000 nmethod 2610 0x0000022617ad0a10 code [0x0000022617ad0bc0, 0x0000022617ad0dd8]
Event: 1.862 Thread 0x000002263325f000 2611       3       sun.reflect.generics.scope.ClassScope::make (9 bytes)
Event: 1.862 Thread 0x000002263325f000 nmethod 2611 0x0000022617ad0e90 code [0x0000022617ad1060, 0x0000022617ad1318]

GC Heap History (9 events):
Event: 0.427 GC heap before
{Heap before GC invocations=0 (full 0):
 garbage-first heap   total 260096K, used 28672K [0x0000000703600000, 0x0000000800000000)
  region size 1024K, 24 young (24576K), 0 survivors (0K)
 Metaspace       used 12121K, capacity 12280K, committed 12544K, reserved 1060864K
  class space    used 1118K, capacity 1175K, committed 1280K, reserved 1048576K
}
Event: 0.430 GC heap after
{Heap after GC invocations=1 (full 0):
 garbage-first heap   total 260096K, used 6880K [0x0000000703600000, 0x0000000800000000)
  region size 1024K, 3 young (3072K), 3 survivors (3072K)
 Metaspace       used 12121K, capacity 12280K, committed 12544K, reserved 1060864K
  class space    used 1118K, capacity 1175K, committed 1280K, reserved 1048576K
}
Event: 0.924 GC heap before
{Heap before GC invocations=1 (full 0):
 garbage-first heap   total 260096K, used 44768K [0x0000000703600000, 0x0000000800000000)
  region size 1024K, 41 young (41984K), 3 survivors (3072K)
 Metaspace       used 20841K, capacity 20974K, committed 21248K, reserved 1069056K
  class space    used 2212K, capacity 2273K, committed 2304K, reserved 1048576K
}
Event: 0.934 GC heap after
{Heap after GC invocations=2 (full 0):
 garbage-first heap   total 260096K, used 10469K [0x0000000703600000, 0x0000000800000000)
  region size 1024K, 7 young (7168K), 7 survivors (7168K)
 Metaspace       used 20841K, capacity 20974K, committed 21248K, reserved 1069056K
  class space    used 2212K, capacity 2273K, committed 2304K, reserved 1048576K
}
Event: 1.598 GC heap before
{Heap before GC invocations=3 (full 0):
 garbage-first heap   total 260096K, used 69861K [0x0000000703600000, 0x0000000800000000)
  region size 1024K, 59 young (60416K), 7 survivors (7168K)
 Metaspace       used 33414K, capacity 33908K, committed 34048K, reserved 1079296K
  class space    used 4137K, capacity 4345K, committed 4352K, reserved 1048576K
}
Event: 1.606 GC heap after
{Heap after GC invocations=4 (full 0):
 garbage-first heap   total 260096K, used 22917K [0x0000000703600000, 0x0000000800000000)
  region size 1024K, 8 young (8192K), 8 survivors (8192K)
 Metaspace       used 33414K, capacity 33908K, committed 34048K, reserved 1079296K
  class space    used 4137K, capacity 4345K, committed 4352K, reserved 1048576K
}
Event: 1.678 GC heap before
{Heap before GC invocations=4 (full 0):
 garbage-first heap   total 260096K, used 29061K [0x0000000703600000, 0x0000000800000000)
  region size 1024K, 15 young (15360K), 8 survivors (8192K)
 Metaspace       used 34986K, capacity 35476K, committed 35584K, reserved 1081344K
  class space    used 4294K, capacity 4505K, committed 4608K, reserved 1048576K
}
Event: 1.686 GC heap after
{Heap after GC invocations=5 (full 0):
 garbage-first heap   total 260096K, used 24626K [0x0000000703600000, 0x0000000800000000)
  region size 1024K, 10 young (10240K), 10 survivors (10240K)
 Metaspace       used 34986K, capacity 35476K, committed 35584K, reserved 1081344K
  class space    used 4294K, capacity 4505K, committed 4608K, reserved 1048576K
}
Event: 1.863 GC heap before
{Heap before GC invocations=6 (full 0):
 garbage-first heap   total 260096K, used 41010K [0x0000000703600000, 0x0000000800000000)
  region size 1024K, 26 young (26624K), 10 survivors (10240K)
 Metaspace       used 37589K, capacity 38038K, committed 38144K, reserved 1083392K
  class space    used 4596K, capacity 4803K, committed 4864K, reserved 1048576K
}

Deoptimization events (20 events):
Event: 1.736 Thread 0x000002261354e800 Uncommon trap: trap_request=0xffffffde fr.pc=0x000002261ec294a4 relative=0x00000000000000e4
Event: 1.736 Thread 0x000002261354e800 Uncommon trap: reason=class_check action=maybe_recompile pc=0x000002261ec294a4 method=java.util.AbstractList$Itr.next()Ljava/lang/Object; @ 14 c2
Event: 1.736 Thread 0x000002261354e800 DEOPT PACKING pc=0x000002261ec294a4 sp=0x0000008c089fde40
Event: 1.736 Thread 0x000002261354e800 DEOPT UNPACKING pc=0x00000226170785af sp=0x0000008c089fddd8 mode 2
Event: 1.756 Thread 0x000002261354e800 DEOPT PACKING pc=0x0000022617a438ff sp=0x0000008c089fb940
Event: 1.756 Thread 0x000002261354e800 DEOPT UNPACKING pc=0x00000226170b9d0e sp=0x0000008c089fad90 mode 0
Event: 1.773 Thread 0x000002261354e800 DEOPT PACKING pc=0x0000022617a438ff sp=0x0000008c089fa720
Event: 1.773 Thread 0x000002261354e800 DEOPT UNPACKING pc=0x00000226170b9d0e sp=0x0000008c089f9b70 mode 0
Event: 1.789 Thread 0x000002261354e800 Uncommon trap: trap_request=0xffffff4d fr.pc=0x000002261eb6e98c relative=0x000000000000062c
Event: 1.789 Thread 0x000002261354e800 Uncommon trap: reason=unstable_if action=reinterpret pc=0x000002261eb6e98c method=java.util.concurrent.ConcurrentHashMap.get(Ljava/lang/Object;)Ljava/lang/Object; @ 76 c2
Event: 1.789 Thread 0x000002261354e800 DEOPT PACKING pc=0x000002261eb6e98c sp=0x0000008c089f9d00
Event: 1.789 Thread 0x000002261354e800 DEOPT UNPACKING pc=0x00000226170785af sp=0x0000008c089f9c88 mode 2
Event: 1.810 Thread 0x000002261354e800 Uncommon trap: trap_request=0xffffff4d fr.pc=0x000002261ec25fa8 relative=0x00000000000000e8
Event: 1.811 Thread 0x000002261354e800 Uncommon trap: reason=unstable_if action=reinterpret pc=0x000002261ec25fa8 method=org.jetbrains.kotlin.com.intellij.util.SmartList.get(I)Ljava/lang/Object; @ 13 c2
Event: 1.811 Thread 0x000002261354e800 DEOPT PACKING pc=0x000002261ec25fa8 sp=0x0000008c089fc480
Event: 1.811 Thread 0x000002261354e800 DEOPT UNPACKING pc=0x00000226170785af sp=0x0000008c089fc420 mode 2
Event: 1.816 Thread 0x000002261354e800 DEOPT PACKING pc=0x0000022617a438ff sp=0x0000008c089fcdb0
Event: 1.816 Thread 0x000002261354e800 DEOPT UNPACKING pc=0x00000226170b9d0e sp=0x0000008c089fc200 mode 0
Event: 1.859 Thread 0x000002261354e800 DEOPT PACKING pc=0x0000022617a438ff sp=0x0000008c089fc610
Event: 1.859 Thread 0x000002261354e800 DEOPT UNPACKING pc=0x00000226170b9d0e sp=0x0000008c089fba60 mode 0

Classes redefined (0 events):
No events

Internal exceptions (20 events):
Event: 0.708 Thread 0x000002261354e800 Exception <a 'java/lang/NoSuchMethodError'{0x0000000711df12c8}: 'long java.lang.invoke.DelegatingMethodHandle$Holder.reinvoke_L(java.lang.Object, java.lang.Object, java.lang.Object)'> (0x0000000711df12c8) thrown at [src/hotspot/share/interpreter/linkResolver.cpp, line 773]
Event: 0.708 Thread 0x000002261354e800 Exception <a 'java/lang/NoSuchMethodError'{0x0000000711dfaf88}: 'int java.lang.invoke.DirectMethodHandle$Holder.invokeSpecial(java.lang.Object, java.lang.Object, java.lang.Object, java.lang.Object)'> (0x0000000711dfaf88) thrown at [src/hotspot/share/interpreter/linkResolver.cpp, line 773]
Event: 0.709 Thread 0x000002261354e800 Exception <a 'java/lang/NoSuchMethodError'{0x0000000711c0a2d8}: 'int java.lang.invoke.DelegatingMethodHandle$Holder.reinvoke_L(java.lang.Object, java.lang.Object, java.lang.Object, long, int)'> (0x0000000711c0a2d8) thrown at [src/hotspot/share/interpreter/linkResolver.cpp, line 773]
Event: 0.895 Thread 0x000002261354e800 Exception <a 'java/lang/NoSuchMethodError'{0x0000000710ee8b28}: 'java.lang.Object java.lang.invoke.DirectMethodHandle$Holder.invokeStaticInit(java.lang.Object, int)'> (0x0000000710ee8b28) thrown at [src/hotspot/share/interpreter/linkResolver.cpp, line 773]
Event: 0.916 Thread 0x000002261354e800 Exception <a 'java/lang/NoSuchMethodError'{0x0000000710cc1b38}: 'long java.lang.invoke.DirectMethodHandle$Holder.invokeStatic(java.lang.Object)'> (0x0000000710cc1b38) thrown at [src/hotspot/share/interpreter/linkResolver.cpp, line 773]
Event: 0.916 Thread 0x000002261354e800 Exception <a 'java/lang/NoSuchMethodError'{0x0000000710cc4990}: 'long java.lang.invoke.DirectMethodHandle$Holder.invokeStaticInit(java.lang.Object)'> (0x0000000710cc4990) thrown at [src/hotspot/share/interpreter/linkResolver.cpp, line 773]
Event: 0.948 Thread 0x000002261354e800 Exception <a 'java/lang/NoSuchMethodError'{0x0000000713379d70}: 'int java.lang.invoke.DirectMethodHandle$Holder.invokeSpecialIFC(java.lang.Object, java.lang.Object, int)'> (0x0000000713379d70) thrown at [src/hotspot/share/interpreter/linkResolver.cpp, line 773]
Event: 0.978 Thread 0x000002261354e800 Exception <a 'java/lang/NoSuchMethodError'{0x000000071303be98}: 'int java.lang.invoke.DirectMethodHandle$Holder.invokeStaticInit(java.lang.Object, java.lang.Object, java.lang.Object)'> (0x000000071303be98) thrown at [src/hotspot/share/interpreter/linkResolver.cpp, line 773]
Event: 0.980 Thread 0x000002261354e800 Exception <a 'java/lang/NoSuchMethodError'{0x0000000713067718}: 'int java.lang.invoke.DirectMethodHandle$Holder.invokeStaticInit(java.lang.Object, java.lang.Object)'> (0x0000000713067718) thrown at [src/hotspot/share/interpreter/linkResolver.cpp, line 773]
Event: 1.013 Thread 0x000002261354e800 Exception <a 'java/lang/NoSuchMethodError'{0x0000000712e7d508}: 'void java.lang.invoke.DirectMethodHandle$Holder.invokeSpecial(java.lang.Object, java.lang.Object)'> (0x0000000712e7d508) thrown at [src/hotspot/share/interpreter/linkResolver.cpp, line 773]
Event: 1.134 Thread 0x000002261354e800 Exception <a 'java/lang/NoSuchMethodError'{0x000000071252c820}: 'java.lang.Object java.lang.invoke.DirectMethodHandle$Holder.invokeStatic(java.lang.Object, java.lang.Object, java.lang.Object, java.lang.Object, java.lang.Object, java.lang.Object, java.lang.Object, java.lang.Object, java.lang.Object, java.lang.Object, java.lang.Object, java.lang.Object, java.lang.Object, java.lang.Object, java.lang.Object)'> (0x000000071252c820) thrown at [src/hotspot/share/interpreter/linkResolver.cpp, line 773]
Event: 1.135 Thread 0x000002261354e800 Exception <a 'java/lang/NoSuchMethodError'{0x000000071253a828}: 'java.lang.Object java.lang.invoke.DirectMethodHandle$Holder.invokeStatic(java.lang.Object, java.lang.Object, java.lang.Object, java.lang.Object, java.lang.Object, java.lang.Object, java.lang.Object, java.lang.Object, java.lang.Object, java.lang.Object, java.lang.Object, java.lang.Object, java.lang.Object, java.lang.Object, java.lang.Object, java.lang.Object)'> (0x000000071253a828) thrown at [src/hotspot/share/interpreter/linkResolver.cpp, lin
Event: 1.136 Thread 0x000002261354e800 Exception <a 'java/lang/NoSuchMethodError'{0x0000000712548740}: 'java.lang.Object java.lang.invoke.DirectMethodHandle$Holder.invokeSpecial(java.lang.Object, java.lang.Object, int, int, java.lang.Object, java.lang.Object, java.lang.Object)'> (0x0000000712548740) thrown at [src/hotspot/share/interpreter/linkResolver.cpp, line 773]
Event: 1.136 Thread 0x000002261354e800 Exception <a 'java/lang/NoSuchMethodError'{0x000000071254bf78}: 'java.lang.Object java.lang.invoke.DelegatingMethodHandle$Holder.reinvoke_L(java.lang.Object, int, int, java.lang.Object, java.lang.Object, java.lang.Object)'> (0x000000071254bf78) thrown at [src/hotspot/share/interpreter/linkResolver.cpp, line 773]
Event: 1.137 Thread 0x000002261354e800 Exception <a 'java/lang/NoSuchMethodError'{0x0000000712550300}: 'java.lang.Object java.lang.invoke.DirectMethodHandle$Holder.invokeStatic(java.lang.Object, java.lang.Object, java.lang.Object, java.lang.Object, int)'> (0x0000000712550300) thrown at [src/hotspot/share/interpreter/linkResolver.cpp, line 773]
Event: 1.160 Thread 0x000002261354e800 Exception <a 'java/lang/NoSuchMethodError'{0x0000000712476528}: 'void java.lang.invoke.DirectMethodHandle$Holder.invokeStatic(java.lang.Object, java.lang.Object, java.lang.Object, java.lang.Object)'> (0x0000000712476528) thrown at [src/hotspot/share/interpreter/linkResolver.cpp, line 773]
Event: 1.199 Thread 0x000002261354e800 Exception <a 'java/lang/NoSuchMethodError'{0x000000071205d6c0}: 'void java.lang.invoke.DirectMethodHandle$Holder.invokeStaticInit(java.lang.Object, java.lang.Object)'> (0x000000071205d6c0) thrown at [src/hotspot/share/interpreter/linkResolver.cpp, line 773]
Event: 1.273 Thread 0x000002261354e800 Exception <a 'java/lang/NoSuchMethodError'{0x0000000711b6d9f8}: 'void java.lang.invoke.DirectMethodHandle$Holder.invokeVirtual(java.lang.Object, java.lang.Object)'> (0x0000000711b6d9f8) thrown at [src/hotspot/share/interpreter/linkResolver.cpp, line 773]
Event: 1.278 Thread 0x000002261354e800 Exception <a 'java/lang/NoSuchMethodError'{0x0000000711bc2e08}: 'int java.lang.invoke.DirectMethodHandle$Holder.invokeVirtual(java.lang.Object, java.lang.Object)'> (0x0000000711bc2e08) thrown at [src/hotspot/share/interpreter/linkResolver.cpp, line 773]
Event: 1.728 Thread 0x000002261354e800 Exception <a 'java/lang/NoSuchMethodError'{0x0000000713089bb8}: 'java.lang.Object java.lang.invoke.DirectMethodHandle$Holder.invokeVirtual(java.lang.Object, java.lang.Object, java.lang.Object)'> (0x0000000713089bb8) thrown at [src/hotspot/share/interpreter/linkResolver.cpp, line 773]

Events (20 events):
Event: 1.856 loading class sun/reflect/generics/tree/MethodTypeSignature done
Event: 1.856 loading class sun/reflect/generics/reflectiveObjects/WildcardTypeImpl
Event: 1.856 loading class java/lang/reflect/WildcardType
Event: 1.856 loading class java/lang/reflect/WildcardType done
Event: 1.856 loading class sun/reflect/generics/reflectiveObjects/WildcardTypeImpl done
Event: 1.858 loading class java/util/function/IntFunction
Event: 1.858 loading class java/util/function/IntFunction done
Event: 1.859 loading class org/jetbrains/kotlin/analyzer/ModuleInfo$DependencyOnBuiltIns
Event: 1.859 loading class org/jetbrains/kotlin/analyzer/ModuleInfo$DependencyOnBuiltIns done
Event: 1.862 loading class org/jetbrains/kotlin/descriptors/TypeParameterDescriptor
Event: 1.862 loading class org/jetbrains/kotlin/descriptors/TypeParameterDescriptor done
Event: 1.862 loading class org/jetbrains/kotlin/types/model/TypeParameterMarker
Event: 1.862 loading class org/jetbrains/kotlin/types/model/TypeParameterMarker done
Event: 1.862 loading class org/jetbrains/kotlin/types/TypeSubstitutor
Event: 1.862 loading class org/jetbrains/kotlin/types/TypeSubstitutor done
Event: 1.863 loading class org/jetbrains/kotlin/types/model/TypeSubstitutorMarker
Event: 1.863 loading class org/jetbrains/kotlin/types/model/TypeSubstitutorMarker done
Event: 1.863 loading class org/jetbrains/kotlin/diagnostics/DiagnosticFactory3
Event: 1.863 loading class org/jetbrains/kotlin/diagnostics/DiagnosticFactory3 done
Event: 1.863 Executing VM operation: G1CollectForAllocation


Dynamic libraries:
0x00007ff6c5fd0000 - 0x00007ff6c5fda000 	C:\Program Files\Android\Android Studio\jbr\bin\java.exe
0x00007ffebf710000 - 0x00007ffebf924000 	C:\WINDOWS\SYSTEM32\ntdll.dll
0x00007ffebe0e0000 - 0x00007ffebe1a2000 	C:\WINDOWS\System32\KERNEL32.DLL
0x00007ffebd140000 - 0x00007ffebd4e3000 	C:\WINDOWS\System32\KERNELBASE.dll
0x00007ffebcc60000 - 0x00007ffebcd71000 	C:\WINDOWS\System32\ucrtbase.dll
0x00007ffe90090000 - 0x00007ffe900a7000 	C:\Program Files\Android\Android Studio\jbr\bin\jli.dll
0x00007ffe5bdf0000 - 0x00007ffe5be0b000 	C:\Program Files\Android\Android Studio\jbr\bin\VCRUNTIME140.dll
0x00007ffebd9b0000 - 0x00007ffebdb5b000 	C:\WINDOWS\System32\USER32.dll
0x00007ffebcc30000 - 0x00007ffebcc56000 	C:\WINDOWS\System32\win32u.dll
0x00007ffebe660000 - 0x00007ffebe689000 	C:\WINDOWS\System32\GDI32.dll
0x00007ffe9df00000 - 0x00007ffe9e18e000 	C:\WINDOWS\WinSxS\amd64_microsoft.windows.common-controls_6595b64144ccf1df_6.0.22621.1465_none_271271ab738361f1\COMCTL32.dll
0x00007ffebcb10000 - 0x00007ffebcc29000 	C:\WINDOWS\System32\gdi32full.dll
0x00007ffebcf70000 - 0x00007ffebd00a000 	C:\WINDOWS\System32\msvcp_win.dll
0x00007ffebe1b0000 - 0x00007ffebe257000 	C:\WINDOWS\System32\msvcrt.dll
0x00007ffebf050000 - 0x00007ffebf081000 	C:\WINDOWS\System32\IMM32.DLL
0x00007ffe68540000 - 0x00007ffe6854c000 	C:\Program Files\Android\Android Studio\jbr\bin\vcruntime140_1.dll
0x00007ffe4a6b0000 - 0x00007ffe4a73d000 	C:\Program Files\Android\Android Studio\jbr\bin\msvcp140.dll
0x00007ffe1ea80000 - 0x00007ffe1f63c000 	C:\Program Files\Android\Android Studio\jbr\bin\server\jvm.dll
0x00007ffebdb60000 - 0x00007ffebdc0e000 	C:\WINDOWS\System32\ADVAPI32.dll
0x00007ffebdfa0000 - 0x00007ffebe044000 	C:\WINDOWS\System32\sechost.dll
0x00007ffebd810000 - 0x00007ffebd927000 	C:\WINDOWS\System32\RPCRT4.dll
0x00007ffebe830000 - 0x00007ffebe838000 	C:\WINDOWS\System32\PSAPI.DLL
0x00007ffeaace0000 - 0x00007ffeaace9000 	C:\WINDOWS\SYSTEM32\WSOCK32.dll
0x00007ffeb3c40000 - 0x00007ffeb3c4a000 	C:\WINDOWS\SYSTEM32\VERSION.dll
0x00007ffeb4270000 - 0x00007ffeb42a4000 	C:\WINDOWS\SYSTEM32\WINMM.dll
0x00007ffebd930000 - 0x00007ffebd9a1000 	C:\WINDOWS\System32\WS2_32.dll
0x00007ffebbbc0000 - 0x00007ffebbbd8000 	C:\WINDOWS\SYSTEM32\kernel.appcore.dll
0x00007ffeb1350000 - 0x00007ffeb1360000 	C:\Program Files\Android\Android Studio\jbr\bin\verify.dll
0x00007ffeba6c0000 - 0x00007ffeba8ee000 	C:\WINDOWS\SYSTEM32\DBGHELP.DLL
0x00007ffebdc10000 - 0x00007ffebdf99000 	C:\WINDOWS\System32\combase.dll
0x00007ffebe260000 - 0x00007ffebe337000 	C:\WINDOWS\System32\OLEAUT32.dll
0x00007ffeb1b60000 - 0x00007ffeb1b92000 	C:\WINDOWS\SYSTEM32\dbgcore.DLL
0x00007ffebcef0000 - 0x00007ffebcf6b000 	C:\WINDOWS\System32\bcryptPrimitives.dll
0x00007ffeaa940000 - 0x00007ffeaa968000 	C:\Program Files\Android\Android Studio\jbr\bin\java.dll
0x00007ffeb0f20000 - 0x00007ffeb0f2a000 	C:\Program Files\Android\Android Studio\jbr\bin\jimage.dll
0x00007ffeaa920000 - 0x00007ffeaa938000 	C:\Program Files\Android\Android Studio\jbr\bin\zip.dll
0x00007ffebe840000 - 0x00007ffebf03a000 	C:\WINDOWS\System32\SHELL32.dll
0x00007ffebab20000 - 0x00007ffebb3ee000 	C:\WINDOWS\SYSTEM32\windows.storage.dll
0x00007ffeba900000 - 0x00007ffebaa3e000 	C:\WINDOWS\SYSTEM32\wintypes.dll
0x00007ffebd4f0000 - 0x00007ffebd5e1000 	C:\WINDOWS\System32\SHCORE.dll
0x00007ffebd670000 - 0x00007ffebd6ce000 	C:\WINDOWS\System32\shlwapi.dll
0x00007ffebca40000 - 0x00007ffebca61000 	C:\WINDOWS\SYSTEM32\profapi.dll
0x00007ffea90d0000 - 0x00007ffea90e9000 	C:\Program Files\Android\Android Studio\jbr\bin\net.dll
0x00007ffeb44c0000 - 0x00007ffeb45f7000 	C:\WINDOWS\SYSTEM32\WINHTTP.dll
0x00007ffebc0c0000 - 0x00007ffebc129000 	C:\WINDOWS\system32\mswsock.dll
0x00007ffe94450000 - 0x00007ffe94463000 	C:\Program Files\Android\Android Studio\jbr\bin\nio.dll

dbghelp: loaded successfully - version: 4.0.5 - missing functions: none
symbol engine: initialized successfully - sym options: 0x614 - pdb path: .;C:\Program Files\Android\Android Studio\jbr\bin;C:\WINDOWS\SYSTEM32;C:\WINDOWS\WinSxS\amd64_microsoft.windows.common-controls_6595b64144ccf1df_6.0.22621.1465_none_271271ab738361f1;C:\Program Files\Android\Android Studio\jbr\bin\server

VM Arguments:
java_command: org.jetbrains.kotlin.cli.jvm.K2JVMCompiler @C:\Users\ezmem\AndroidStudioProjects\FoodAppRecyclerView\app\build\20230605_7337966900152596885.compiler.options
java_class_path (initial): C:\Users\ezmem\.gradle\caches\modules-2\files-2.1\org.jetbrains.kotlin\kotlin-compiler-embeddable\1.8.0\eb9118d4bcceaa2a94b2ae2a33a4ddba7c9a947f\kotlin-compiler-embeddable-1.8.0.jar;C:\Users\ezmem\.gradle\caches\modules-2\files-2.1\org.jetbrains.kotlin\kotlin-stdlib\1.8.0\1796921c7a3e2e2665a83e6c8d33399336cd39bc\kotlin-stdlib-1.8.0.jar;C:\Users\ezmem\.gradle\caches\modules-2\files-2.1\org.jetbrains.kotlin\kotlin-script-runtime\1.8.0\b2f7e760d283cb339974851c222a4c1d48f2d3d\kotlin-script-runtime-1.8.0.jar;C:\Users\ezmem\.gradle\caches\modules-2\files-2.1\org.jetbrains.kotlin\kotlin-reflect\1.6.10\1cbe9c92c12a94eea200d23c2bbaedaf3daf5132\kotlin-reflect-1.6.10.jar;C:\Users\ezmem\.gradle\caches\modules-2\files-2.1\org.jetbrains.kotlin\kotlin-daemon-embeddable\1.8.0\d255216c551685dc3a7e852b53617f5f01aaaa5c\kotlin-daemon-embeddable-1.8.0.jar;C:\Users\ezmem\.gradle\caches\modules-2\files-2.1\org.jetbrains.intellij.deps\trove4j\1.0.20200330\3afb14d5f9ceb459d724e907a21145e8ff394f02\trove4j-1.0.20200330.jar;C:\Users\ezmem\.gradle\caches\modules-2\files-2.1\net.java.dev.jna\jna\5.6.0\330f2244e9030119ab3030fc3fededc86713d9cc\jna-5.6.0.jar;C:\Users\ezmem\.gradle\caches\modules-2\files-2.1\org.jetbrains.kotlin\kotlin-stdlib-common\1.8.0\f7197e7cc76453ac59f8b0f8d5137cc600becd36\kotlin-stdlib-common-1.8.0.jar;C:\Users\ezmem\.gradle\caches\modules-2\files-2.1\org.jetbrains\annotations\13.0\919f0dfe192fb4e063e7dacadee7f8bb9a2672a9\annotations-13.0.jar
Launcher Type: SUN_STANDARD

[Global flags]
     intx CICompilerCount                          = 4                                         {product} {ergonomic}
     uint ConcGCThreads                            = 3                                         {product} {ergonomic}
     uint G1ConcRefinementThreads                  = 10                                        {product} {ergonomic}
   size_t G1HeapRegionSize                         = 1048576                                   {product} {ergonomic}
    uintx GCDrainStackTargetSize                   = 64                                        {product} {ergonomic}
   size_t InitialHeapSize                          = 266338304                                 {product} {ergonomic}
   size_t MarkStackSize                            = 4194304                                   {product} {ergonomic}
   size_t MaxHeapSize                              = 4238344192                                {product} {ergonomic}
   size_t MaxNewSize                               = 2542796800                                {product} {ergonomic}
   size_t MinHeapDeltaBytes                        = 1048576                                   {product} {ergonomic}
    uintx NonNMethodCodeHeapSize                   = 5836300                                {pd product} {ergonomic}
    uintx NonProfiledCodeHeapSize                  = 122910970                              {pd product} {ergonomic}
    uintx ProfiledCodeHeapSize                     = 122910970                              {pd product} {ergonomic}
    uintx ReservedCodeCacheSize                    = 251658240                              {pd product} {ergonomic}
     bool SegmentedCodeCache                       = true                                      {product} {ergonomic}
     bool UseCompressedClassPointers               = true                                 {lp64_product} {ergonomic}
     bool UseCompressedOops                        = true                                 {lp64_product} {ergonomic}
     bool UseG1GC                                  = true                                      {product} {ergonomic}
     bool UseLargePagesIndividualAllocation        = false                                  {pd product} {ergonomic}

Logging:
Log output configuration:
 #0: stdout all=warning uptime,level,tags
 #1: stderr all=off uptime,level,tags

Environment Variables:
PATH=C:\app\ezmem\product\21c\dbhomeXE\bin;C:\Users\ezmem\Downloads\WINDOWS.X64_213000_db_home\bin;C:\app\ezmem\dbhomeXE\bin;C:\Windows\system32;C:\Windows;C:\Windows\System32\Wbem;C:\Windows\System32\WindowsPowerShell\v1.0\;C:\Windows\System32\OpenSSH\;C:\Program Files (x86)\NVIDIA Corporation\PhysX\Common;C:\Program Files\NVIDIA Corporation\NVIDIA NvDLISR;C:\WINDOWS\system32;C:\WINDOWS;C:\WINDOWS\System32\Wbem;C:\WINDOWS\System32\WindowsPowerShell\v1.0\;C:\WINDOWS\System32\OpenSSH\;C:\Users\ezmem\AppData\Local\Microsoft\WindowsApps;C:\Users\ezmem\AppData\Local\GitHubDesktop\bin;C:\Program Files\Azure Data Studio\bin;C:\Program Files\Azure Data Studio\bin;C:\Users\ezmem\AppData\Local\Programs\Microsoft VS Code\bin;C:\Program Files\Azure Data Studio\bin
USERNAME=ezmem
OS=Windows_NT
PROCESSOR_IDENTIFIER=Intel64 Family 6 Model 141 Stepping 1, GenuineIntel



---------------  S Y S T E M  ---------------

OS: Windows 11 , 64 bit Build 22621 (10.0.22621.1825)
OS uptime: 1 days 2:24 hours

CPU:total 12 (initial active 12) (6 cores per cpu, 2 threads per core) family 6 model 141 stepping 1 microcode 0x3c, cmov, cx8, fxsr, mmx, sse, sse2, sse3, ssse3, sse4.1, sse4.2, popcnt, avx, avx2, aes, clmul, erms, 3dnowpref, lzcnt, ht, tsc, tscinvbit, bmi1, bmi2, adx, evex, sha, fma

Memory: 4k page, system-wide physical 16163M (430M free)
TotalPageFile size 24355M (AvailPageFile size 19M)
current process WorkingSet (physical memory assigned to process): 215M, peak: 215M
current process commit charge ("private bytes"): 424M, peak: 475M

vm_info: OpenJDK 64-Bit Server VM (11.0.15+0-b2043.56-9505619) for windows-amd64 JRE (11.0.15+0-b2043.56-9505619), built on Jan 19 2023 02:48:00 by "builduser" with unknown MS VC++:1929

END.
