#
# There is insufficient memory for the Java Runtime Environment to continue.
# Native memory allocation (malloc) failed to allocate 1952816 bytes for Chunk::new
# Possible reasons:
#   The system is out of physical RAM or swap space
#   The process is running with CompressedOops enabled, and the Java Heap may be blocking the growth of the native heap
# Possible solutions:
#   Reduce memory load on the system
#   Increase physical memory or swap space
#   Check if swap backing store is full
#   Decrease Java heap size (-Xmx/-Xms)
#   Decrease number of Java threads
#   Decrease Java thread stack sizes (-Xss)
#   Set larger code cache with -XX:ReservedCodeCacheSize=
#   JVM is running with Unscaled Compressed Oops mode in which the Java heap is
#     placed in the first 4GB address space. The Java Heap base address is the
#     maximum limit for the native heap growth. Please use -XX:HeapBaseMinAddress
#     to set the Java Heap base and to place the Java Heap above 4GB virtual address.
# This output file may be truncated or incomplete.
#
#  Out of Memory Error (src/hotspot/share/memory/arena.cpp:197), pid=17896, tid=20084
#
# JRE version: OpenJDK Runtime Environment (11.0.15) (build 11.0.15+0-b2043.56-9505619)
# Java VM: OpenJDK 64-Bit Server VM (11.0.15+0-b2043.56-9505619, mixed mode, tiered, compressed oops, g1 gc, windows-amd64)
# No core dump will be written. Minidumps are not enabled by default on client versions of Windows
#

---------------  S U M M A R Y ------------

Command Line: --add-opens=java.base/java.util=ALL-UNNAMED --add-opens=java.base/java.lang=ALL-UNNAMED --add-opens=java.base/java.lang.invoke=ALL-UNNAMED --add-opens=java.base/java.util=ALL-UNNAMED --add-opens=java.prefs/java.util.prefs=ALL-UNNAMED --add-opens=java.prefs/java.util.prefs=ALL-UNNAMED --add-opens=java.base/java.nio.charset=ALL-UNNAMED --add-opens=java.base/java.net=ALL-UNNAMED --add-opens=java.base/java.util.concurrent.atomic=ALL-UNNAMED -Xmx2048m -Dfile.encoding=UTF-8 -Duser.country=GB -Duser.language=en -Duser.variant org.gradle.launcher.daemon.bootstrap.GradleDaemon 7.5

Host: 11th Gen Intel(R) Core(TM) i5-11400H @ 2.70GHz, 12 cores, 15G,  Windows 11 , 64 bit Build 22621 (10.0.22621.1825)
Time: Mon Jun  5 02:02:51 2023 Azerbaijan Standard Time elapsed time: 7.042521 seconds (0d 0h 0m 7s)

---------------  T H R E A D  ---------------

Current thread (0x000001e04f736000):  JavaThread "C2 CompilerThread0" daemon [_thread_in_native, id=20084, stack(0x000000c2e3900000,0x000000c2e3a00000)]


Current CompileTask:
C2:   7042 7389       4       sun.reflect.generics.parser.SignatureParser::parsePackageNameAndSimpleClassTypeSignature (119 bytes)

Stack: [0x000000c2e3900000,0x000000c2e3a00000]
Native frames: (J=compiled Java code, j=interpreted, Vv=VM code, C=native code)
V  [jvm.dll+0x64135a]
V  [jvm.dll+0x7d39f9]
V  [jvm.dll+0x7d51b9]
V  [jvm.dll+0x7d58a3]
V  [jvm.dll+0x2691c5]
V  [jvm.dll+0xc1a5c]
V  [jvm.dll+0xc200c]
V  [jvm.dll+0x3774a7]
V  [jvm.dll+0x342495]
V  [jvm.dll+0x34186a]
V  [jvm.dll+0x2214bd]
V  [jvm.dll+0x220498]
V  [jvm.dll+0x19e851]
V  [jvm.dll+0x230479]
V  [jvm.dll+0x22e5ef]
V  [jvm.dll+0x794de1]
V  [jvm.dll+0x78dc24]
V  [jvm.dll+0x6400f6]
C  [ucrtbase.dll+0x29363]
C  [KERNEL32.DLL+0x126ad]
C  [ntdll.dll+0x5a9f8]


---------------  P R O C E S S  ---------------

Threads class SMR info:
_java_thread_list=0x000001e052c49490, length=168, elements={
0x000001e0324ce000, 0x000001e04f6d1800, 0x000001e04f6d3800, 0x000001e04f730800,
0x000001e04f733800, 0x000001e04f734800, 0x000001e04f736000, 0x000001e04f73b000,
0x000001e04f73f800, 0x000001e04f8a6800, 0x000001e05214a000, 0x000001e04f967800,
0x000001e050266800, 0x000001e051ca0800, 0x000001e0522e5000, 0x000001e050cea800,
0x000001e050ab7000, 0x000001e051edb000, 0x000001e0528e6800, 0x000001e0528e5800,
0x000001e0528e9000, 0x000001e0528e9800, 0x000001e0528e4000, 0x000001e0528aa800,
0x000001e0528ea800, 0x000001e0528e7800, 0x000001e0528e8000, 0x000001e0528e5000,
0x000001e052c7a800, 0x000001e052c7c000, 0x000001e052c7f800, 0x000001e052c7d000,
0x000001e052c7e000, 0x000001e052c7e800, 0x000001e052c86000, 0x000001e052c87000,
0x000001e052c85000, 0x000001e052c87800, 0x000001e052c82000, 0x000001e052c88800,
0x000001e052c82800, 0x000001e052c84800, 0x000001e052c89000, 0x000001e052c83800,
0x000001e0549cc800, 0x000001e0549ce800, 0x000001e0549d2800, 0x000001e0549cf000,
0x000001e0549d1800, 0x000001e0549d3000, 0x000001e0549d0000, 0x000001e0549d1000,
0x000001e0549cd800, 0x000001e0549d7800, 0x000001e0549d5800, 0x000001e0549d6800,
0x000001e0549d9800, 0x000001e0549d4000, 0x000001e0549da800, 0x000001e0549d8000,
0x000001e0549d5000, 0x000001e0549d9000, 0x000001e0549db800, 0x000001e053590000,
0x000001e053590800, 0x000001e053591800, 0x000001e053595000, 0x000001e053592800,
0x000001e053593000, 0x000001e053594000, 0x000001e05358f000, 0x000001e053597000,
0x000001e05359a800, 0x000001e053599000, 0x000001e053595800, 0x000001e05359c000,
0x000001e053598000, 0x000001e053596800, 0x000001e053599800, 0x000001e05359d000,
0x000001e05359d800, 0x000001e05359b800, 0x000001e0554f3800, 0x000001e0554f4000,
0x000001e0554f2800, 0x000001e0554f5000, 0x000001e0554fb800, 0x000001e0554fb000,
0x000001e0554f6000, 0x000001e0554fc800, 0x000001e0554f8800, 0x000001e0554fa000,
0x000001e0554f6800, 0x000001e0554fd000, 0x000001e0554f7800, 0x000001e0554fe000,
0x000001e0554ff000, 0x000001e0554f9000, 0x000001e0554ff800, 0x000001e055501800,
0x000001e055500800, 0x000001e0568f9000, 0x000001e0568fa000, 0x000001e0568f8800,
0x000001e0568ff800, 0x000001e0568fe000, 0x000001e056900800, 0x000001e0568fc800,
0x000001e0568fa800, 0x000001e056901800, 0x000001e0568fb800, 0x000001e056902000,
0x000001e056903000, 0x000001e0568ff000, 0x000001e0568fd000, 0x000001e056903800,
0x000001e056904800, 0x000001e056905800, 0x000001e056906000, 0x000001e056907000,
0x000001e056836800, 0x000001e056837000, 0x000001e056839800, 0x000001e056838000,
0x000001e056835000, 0x000001e056839000, 0x000001e056834000, 0x000001e056835800,
0x000001e05683d000, 0x000001e05683a800, 0x000001e05683e000, 0x000001e05683f800,
0x000001e05683b800, 0x000001e056841000, 0x000001e05683c000, 0x000001e05683e800,
0x000001e056842000, 0x000001e056840000, 0x000001e056842800, 0x000001e0533f1800,
0x000001e0533f4000, 0x000001e0533f5800, 0x000001e0533ef800, 0x000001e0533f4800,
0x000001e0533f2000, 0x000001e0533f6000, 0x000001e0533f3000, 0x000001e0533f0800,
0x000001e0533f9800, 0x000001e0533f7000, 0x000001e0533fb000, 0x000001e0533fc000,
0x000001e0533f8000, 0x000001e0533fe800, 0x000001e0533fa800, 0x000001e0533fc800,
0x000001e0533fd800, 0x000001e0533f8800, 0x000001e05495c000, 0x000001e05495b800,
0x000001e05495d000, 0x000001e05495d800, 0x000001e05495e800, 0x000001e054959800,
0x000001e054959000, 0x000001e05495f800, 0x000001e054960000, 0x000001e05495a800
}

Java Threads: ( => current thread )
  0x000001e0324ce000 JavaThread "main" [_thread_blocked, id=4188, stack(0x000000c2e2d00000,0x000000c2e2e00000)]
  0x000001e04f6d1800 JavaThread "Reference Handler" daemon [_thread_blocked, id=19596, stack(0x000000c2e3400000,0x000000c2e3500000)]
  0x000001e04f6d3800 JavaThread "Finalizer" daemon [_thread_blocked, id=22092, stack(0x000000c2e3500000,0x000000c2e3600000)]
  0x000001e04f730800 JavaThread "Signal Dispatcher" daemon [_thread_blocked, id=20156, stack(0x000000c2e3600000,0x000000c2e3700000)]
  0x000001e04f733800 JavaThread "Attach Listener" daemon [_thread_blocked, id=10168, stack(0x000000c2e3700000,0x000000c2e3800000)]
  0x000001e04f734800 JavaThread "Service Thread" daemon [_thread_blocked, id=7088, stack(0x000000c2e3800000,0x000000c2e3900000)]
=>0x000001e04f736000 JavaThread "C2 CompilerThread0" daemon [_thread_in_native, id=20084, stack(0x000000c2e3900000,0x000000c2e3a00000)]
  0x000001e04f73b000 JavaThread "C1 CompilerThread0" daemon [_thread_blocked, id=19344, stack(0x000000c2e3a00000,0x000000c2e3b00000)]
  0x000001e04f73f800 JavaThread "Sweeper thread" daemon [_thread_blocked, id=19688, stack(0x000000c2e3b00000,0x000000c2e3c00000)]
  0x000001e04f8a6800 JavaThread "Common-Cleaner" daemon [_thread_blocked, id=1144, stack(0x000000c2e3c00000,0x000000c2e3d00000)]
  0x000001e05214a000 JavaThread "Daemon health stats" [_thread_blocked, id=21112, stack(0x000000c2e4500000,0x000000c2e4600000)]
  0x000001e04f967800 JavaThread "Incoming local TCP Connector on port 64947" [_thread_in_native, id=12324, stack(0x000000c2e3e00000,0x000000c2e3f00000)]
  0x000001e050266800 JavaThread "Daemon periodic checks" [_thread_blocked, id=22064, stack(0x000000c2e3f00000,0x000000c2e4000000)]
  0x000001e051ca0800 JavaThread "Daemon" [_thread_blocked, id=12832, stack(0x000000c2e4600000,0x000000c2e4700000)]
  0x000001e0522e5000 JavaThread "Handler for socket connection from /127.0.0.1:64947 to /127.0.0.1:64948" [_thread_in_native, id=17240, stack(0x000000c2e4700000,0x000000c2e4800000)]
  0x000001e050cea800 JavaThread "Cancel handler" [_thread_blocked, id=21516, stack(0x000000c2e4800000,0x000000c2e4900000)]
  0x000001e050ab7000 JavaThread "Daemon worker" [_thread_in_vm, id=18568, stack(0x000000c2e4900000,0x000000c2e4a00000)]
  0x000001e051edb000 JavaThread "Asynchronous log dispatcher for DefaultDaemonConnection: socket connection from /127.0.0.1:64947 to /127.0.0.1:64948" [_thread_blocked, id=3288, stack(0x000000c2e4a00000,0x000000c2e4b00000)]
  0x000001e0528e6800 JavaThread "Stdin handler" [_thread_blocked, id=15664, stack(0x000000c2e4b00000,0x000000c2e4c00000)]
  0x000001e0528e5800 JavaThread "Daemon client event forwarder" [_thread_blocked, id=5524, stack(0x000000c2e4c00000,0x000000c2e4d00000)]
  0x000001e0528e9000 JavaThread "Cache worker for journal cache (C:\Users\ezmem\.gradle\caches\journal-1)" [_thread_blocked, id=11336, stack(0x000000c2e4d00000,0x000000c2e4e00000)]
  0x000001e0528e9800 JavaThread "File lock request listener" [_thread_in_native, id=20056, stack(0x000000c2e4e00000,0x000000c2e4f00000)]
  0x000001e0528e4000 JavaThread "Cache worker for file hash cache (C:\Users\ezmem\.gradle\caches\7.5\fileHashes)" [_thread_blocked, id=10372, stack(0x000000c2e4f00000,0x000000c2e5000000)]
  0x000001e0528aa800 JavaThread "C2 CompilerThread1" daemon [_thread_in_vm, id=16108, stack(0x000000c2e5600000,0x000000c2e5700000)]
  0x000001e0528ea800 JavaThread "File watcher server" daemon [_thread_in_native, id=21484, stack(0x000000c2e5700000,0x000000c2e5800000)]
  0x000001e0528e7800 JavaThread "File watcher consumer" daemon [_thread_blocked, id=15056, stack(0x000000c2e5800000,0x000000c2e5900000)]
  0x000001e0528e8000 JavaThread "Cache worker for checksums cache (C:\Users\ezmem\AndroidStudioProjects\FoodAppRecyclerView\.gradle\7.5\checksums)" [_thread_blocked, id=19360, stack(0x000000c2e5900000,0x000000c2e5a00000)]
  0x000001e0528e5000 JavaThread "Cache worker for cache directory md-rule (C:\Users\ezmem\.gradle\caches\7.5\md-rule)" [_thread_blocked, id=10904, stack(0x000000c2e5a00000,0x000000c2e5b00000)]
  0x000001e052c7a800 JavaThread "Cache worker for file content cache (C:\Users\ezmem\.gradle\caches\7.5\fileContent)" [_thread_blocked, id=8844, stack(0x000000c2e5b00000,0x000000c2e5c00000)]
  0x000001e052c7c000 JavaThread "Cache worker for file hash cache (C:\Users\ezmem\AndroidStudioProjects\FoodAppRecyclerView\.gradle\7.5\fileHashes)" [_thread_blocked, id=20528, stack(0x000000c2e5c00000,0x000000c2e5d00000)]
  0x000001e052c7f800 JavaThread "Cache worker for cache directory md-supplier (C:\Users\ezmem\.gradle\caches\7.5\md-supplier)" [_thread_blocked, id=20544, stack(0x000000c2e5d00000,0x000000c2e5e00000)]
  0x000001e052c7d000 JavaThread "Cache worker for execution history cache (C:\Users\ezmem\.gradle\caches\7.5\executionHistory)" [_thread_blocked, id=2116, stack(0x000000c2e5e00000,0x000000c2e5f00000)]
  0x000001e052c7e000 JavaThread "jar transforms" [_thread_blocked, id=12952, stack(0x000000c2e5f00000,0x000000c2e6000000)]
  0x000001e052c7e800 JavaThread "jar transforms Thread 2" [_thread_blocked, id=15200, stack(0x000000c2e6000000,0x000000c2e6100000)]
  0x000001e052c86000 JavaThread "jar transforms Thread 3" [_thread_blocked, id=2628, stack(0x000000c2e6100000,0x000000c2e6200000)]
  0x000001e052c87000 JavaThread "jar transforms Thread 4" [_thread_blocked, id=13236, stack(0x000000c2e6200000,0x000000c2e6300000)]
  0x000001e052c85000 JavaThread "Cache worker for dependencies-accessors (C:\Users\ezmem\AndroidStudioProjects\FoodAppRecyclerView\.gradle\7.5\dependencies-accessors)" [_thread_blocked, id=17044, stack(0x000000c2e6300000,0x000000c2e6400000)]
  0x000001e052c87800 JavaThread "jar transforms Thread 5" [_thread_blocked, id=18368, stack(0x000000c2e6400000,0x000000c2e6500000)]
  0x000001e052c82000 JavaThread "Cache worker for Build Output Cleanup Cache (C:\Users\ezmem\AndroidStudioProjects\FoodAppRecyclerView\.gradle\buildOutputCleanup)" [_thread_blocked, id=15892, stack(0x000000c2e6500000,0x000000c2e6600000)]
  0x000001e052c88800 JavaThread "Unconstrained build operations" [_thread_blocked, id=22368, stack(0x000000c2e6600000,0x000000c2e6700000)]
  0x000001e052c82800 JavaThread "Unconstrained build operations Thread 2" [_thread_blocked, id=21488, stack(0x000000c2e6700000,0x000000c2e6800000)]
  0x000001e052c84800 JavaThread "Unconstrained build operations Thread 3" [_thread_blocked, id=18260, stack(0x000000c2e6800000,0x000000c2e6900000)]
  0x000001e052c89000 JavaThread "Unconstrained build operations Thread 4" [_thread_blocked, id=17664, stack(0x000000c2e6900000,0x000000c2e6a00000)]
  0x000001e052c83800 JavaThread "Unconstrained build operations Thread 5" [_thread_blocked, id=18408, stack(0x000000c2e6a00000,0x000000c2e6b00000)]
  0x000001e0549cc800 JavaThread "Unconstrained build operations Thread 6" [_thread_blocked, id=15660, stack(0x000000c2e6b00000,0x000000c2e6c00000)]
  0x000001e0549ce800 JavaThread "Unconstrained build operations Thread 7" [_thread_blocked, id=20548, stack(0x000000c2e6c00000,0x000000c2e6d00000)]
  0x000001e0549d2800 JavaThread "Unconstrained build operations Thread 8" [_thread_blocked, id=200, stack(0x000000c2e6d00000,0x000000c2e6e00000)]
  0x000001e0549cf000 JavaThread "Unconstrained build operations Thread 9" [_thread_blocked, id=17028, stack(0x000000c2e6e00000,0x000000c2e6f00000)]
  0x000001e0549d1800 JavaThread "Unconstrained build operations Thread 10" [_thread_blocked, id=13396, stack(0x000000c2e6f00000,0x000000c2e7000000)]
  0x000001e0549d3000 JavaThread "Unconstrained build operations Thread 11" [_thread_blocked, id=8904, stack(0x000000c2e7000000,0x000000c2e7100000)]
  0x000001e0549d0000 JavaThread "Unconstrained build operations Thread 12" [_thread_blocked, id=6208, stack(0x000000c2e7100000,0x000000c2e7200000)]
  0x000001e0549d1000 JavaThread "Unconstrained build operations Thread 13" [_thread_blocked, id=21476, stack(0x000000c2e7200000,0x000000c2e7300000)]
  0x000001e0549cd800 JavaThread "Unconstrained build operations Thread 14" [_thread_blocked, id=12868, stack(0x000000c2e7300000,0x000000c2e7400000)]
  0x000001e0549d7800 JavaThread "Unconstrained build operations Thread 15" [_thread_blocked, id=12668, stack(0x000000c2e7400000,0x000000c2e7500000)]
  0x000001e0549d5800 JavaThread "Unconstrained build operations Thread 16" [_thread_blocked, id=16812, stack(0x000000c2e7500000,0x000000c2e7600000)]
  0x000001e0549d6800 JavaThread "Unconstrained build operations Thread 17" [_thread_blocked, id=20896, stack(0x000000c2e7600000,0x000000c2e7700000)]
  0x000001e0549d9800 JavaThread "Unconstrained build operations Thread 18" [_thread_blocked, id=21188, stack(0x000000c2e7700000,0x000000c2e7800000)]
  0x000001e0549d4000 JavaThread "Unconstrained build operations Thread 19" [_thread_blocked, id=22048, stack(0x000000c2e7800000,0x000000c2e7900000)]
  0x000001e0549da800 JavaThread "Unconstrained build operations Thread 20" [_thread_blocked, id=15968, stack(0x000000c2e7900000,0x000000c2e7a00000)]
  0x000001e0549d8000 JavaThread "Unconstrained build operations Thread 21" [_thread_blocked, id=9372, stack(0x000000c2e7a00000,0x000000c2e7b00000)]
  0x000001e0549d5000 JavaThread "Unconstrained build operations Thread 22" [_thread_blocked, id=18132, stack(0x000000c2e7b00000,0x000000c2e7c00000)]
  0x000001e0549d9000 JavaThread "Unconstrained build operations Thread 23" [_thread_blocked, id=6836, stack(0x000000c2e7c00000,0x000000c2e7d00000)]
  0x000001e0549db800 JavaThread "Unconstrained build operations Thread 24" [_thread_blocked, id=3176, stack(0x000000c2e7d00000,0x000000c2e7e00000)]
  0x000001e053590000 JavaThread "Unconstrained build operations Thread 25" [_thread_blocked, id=22420, stack(0x000000c2e7e00000,0x000000c2e7f00000)]
  0x000001e053590800 JavaThread "Unconstrained build operations Thread 26" [_thread_blocked, id=12460, stack(0x000000c2e7f00000,0x000000c2e8000000)]
  0x000001e053591800 JavaThread "Unconstrained build operations Thread 27" [_thread_blocked, id=20684, stack(0x000000c2e8000000,0x000000c2e8100000)]
  0x000001e053595000 JavaThread "Unconstrained build operations Thread 28" [_thread_blocked, id=22108, stack(0x000000c2e8100000,0x000000c2e8200000)]
  0x000001e053592800 JavaThread "Unconstrained build operations Thread 29" [_thread_blocked, id=4204, stack(0x000000c2e8200000,0x000000c2e8300000)]
  0x000001e053593000 JavaThread "Unconstrained build operations Thread 30" [_thread_blocked, id=17888, stack(0x000000c2e8300000,0x000000c2e8400000)]
  0x000001e053594000 JavaThread "Unconstrained build operations Thread 31" [_thread_blocked, id=19980, stack(0x000000c2e8400000,0x000000c2e8500000)]
  0x000001e05358f000 JavaThread "Unconstrained build operations Thread 32" [_thread_blocked, id=20240, stack(0x000000c2e8500000,0x000000c2e8600000)]
  0x000001e053597000 JavaThread "Unconstrained build operations Thread 33" [_thread_blocked, id=1268, stack(0x000000c2e8600000,0x000000c2e8700000)]
  0x000001e05359a800 JavaThread "Unconstrained build operations Thread 34" [_thread_blocked, id=3016, stack(0x000000c2e8700000,0x000000c2e8800000)]
  0x000001e053599000 JavaThread "Unconstrained build operations Thread 35" [_thread_blocked, id=8520, stack(0x000000c2e8800000,0x000000c2e8900000)]
  0x000001e053595800 JavaThread "Unconstrained build operations Thread 36" [_thread_blocked, id=21392, stack(0x000000c2e8900000,0x000000c2e8a00000)]
  0x000001e05359c000 JavaThread "Unconstrained build operations Thread 37" [_thread_blocked, id=17704, stack(0x000000c2e8a00000,0x000000c2e8b00000)]
  0x000001e053598000 JavaThread "Unconstrained build operations Thread 38" [_thread_blocked, id=21376, stack(0x000000c2e8b00000,0x000000c2e8c00000)]
  0x000001e053596800 JavaThread "Unconstrained build operations Thread 39" [_thread_blocked, id=2780, stack(0x000000c2e8c00000,0x000000c2e8d00000)]
  0x000001e053599800 JavaThread "Unconstrained build operations Thread 40" [_thread_blocked, id=6960, stack(0x000000c2e8d00000,0x000000c2e8e00000)]
  0x000001e05359d000 JavaThread "Unconstrained build operations Thread 41" [_thread_blocked, id=19416, stack(0x000000c2e8e00000,0x000000c2e8f00000)]
  0x000001e05359d800 JavaThread "Unconstrained build operations Thread 42" [_thread_blocked, id=9600, stack(0x000000c2e8f00000,0x000000c2e9000000)]
  0x000001e05359b800 JavaThread "Unconstrained build operations Thread 43" [_thread_blocked, id=2656, stack(0x000000c2e9000000,0x000000c2e9100000)]
  0x000001e0554f3800 JavaThread "Unconstrained build operations Thread 44" [_thread_blocked, id=8524, stack(0x000000c2e9100000,0x000000c2e9200000)]
  0x000001e0554f4000 JavaThread "Unconstrained build operations Thread 45" [_thread_blocked, id=20072, stack(0x000000c2e9200000,0x000000c2e9300000)]
  0x000001e0554f2800 JavaThread "Unconstrained build operations Thread 46" [_thread_blocked, id=19572, stack(0x000000c2e9300000,0x000000c2e9400000)]
  0x000001e0554f5000 JavaThread "Unconstrained build operations Thread 47" [_thread_blocked, id=19580, stack(0x000000c2e9400000,0x000000c2e9500000)]
  0x000001e0554fb800 JavaThread "Unconstrained build operations Thread 48" [_thread_blocked, id=17272, stack(0x000000c2e9500000,0x000000c2e9600000)]
  0x000001e0554fb000 JavaThread "Unconstrained build operations Thread 49" [_thread_blocked, id=22148, stack(0x000000c2e9600000,0x000000c2e9700000)]
  0x000001e0554f6000 JavaThread "Unconstrained build operations Thread 50" [_thread_blocked, id=18156, stack(0x000000c2e9700000,0x000000c2e9800000)]
  0x000001e0554fc800 JavaThread "Unconstrained build operations Thread 51" [_thread_blocked, id=22196, stack(0x000000c2e9800000,0x000000c2e9900000)]
  0x000001e0554f8800 JavaThread "Unconstrained build operations Thread 52" [_thread_blocked, id=16576, stack(0x000000c2e9900000,0x000000c2e9a00000)]
  0x000001e0554fa000 JavaThread "Unconstrained build operations Thread 53" [_thread_blocked, id=20340, stack(0x000000c2e9a00000,0x000000c2e9b00000)]
  0x000001e0554f6800 JavaThread "Unconstrained build operations Thread 54" [_thread_blocked, id=15328, stack(0x000000c2e9b00000,0x000000c2e9c00000)]
  0x000001e0554fd000 JavaThread "Unconstrained build operations Thread 55" [_thread_blocked, id=18004, stack(0x000000c2e9c00000,0x000000c2e9d00000)]
  0x000001e0554f7800 JavaThread "Unconstrained build operations Thread 56" [_thread_blocked, id=22104, stack(0x000000c2e9d00000,0x000000c2e9e00000)]
  0x000001e0554fe000 JavaThread "Unconstrained build operations Thread 57" [_thread_blocked, id=18400, stack(0x000000c2e9e00000,0x000000c2e9f00000)]
  0x000001e0554ff000 JavaThread "Unconstrained build operations Thread 58" [_thread_blocked, id=21344, stack(0x000000c2e9f00000,0x000000c2ea000000)]
  0x000001e0554f9000 JavaThread "Unconstrained build operations Thread 59" [_thread_blocked, id=22136, stack(0x000000c2ea000000,0x000000c2ea100000)]
  0x000001e0554ff800 JavaThread "Unconstrained build operations Thread 60" [_thread_blocked, id=21644, stack(0x000000c2ea100000,0x000000c2ea200000)]
  0x000001e055501800 JavaThread "Unconstrained build operations Thread 61" [_thread_blocked, id=20968, stack(0x000000c2ea200000,0x000000c2ea300000)]
  0x000001e055500800 JavaThread "Unconstrained build operations Thread 62" [_thread_blocked, id=19396, stack(0x000000c2ea300000,0x000000c2ea400000)]
  0x000001e0568f9000 JavaThread "Unconstrained build operations Thread 63" [_thread_blocked, id=17528, stack(0x000000c2ea400000,0x000000c2ea500000)]
  0x000001e0568fa000 JavaThread "Unconstrained build operations Thread 64" [_thread_blocked, id=21732, stack(0x000000c2ea500000,0x000000c2ea600000)]
  0x000001e0568f8800 JavaThread "Unconstrained build operations Thread 65" [_thread_blocked, id=2620, stack(0x000000c2ea600000,0x000000c2ea700000)]
  0x000001e0568ff800 JavaThread "Unconstrained build operations Thread 66" [_thread_blocked, id=20868, stack(0x000000c2ea700000,0x000000c2ea800000)]
  0x000001e0568fe000 JavaThread "Unconstrained build operations Thread 67" [_thread_blocked, id=19440, stack(0x000000c2ea800000,0x000000c2ea900000)]
  0x000001e056900800 JavaThread "Unconstrained build operations Thread 68" [_thread_blocked, id=20276, stack(0x000000c2ea900000,0x000000c2eaa00000)]
  0x000001e0568fc800 JavaThread "Unconstrained build operations Thread 69" [_thread_blocked, id=19252, stack(0x000000c2eaa00000,0x000000c2eab00000)]
  0x000001e0568fa800 JavaThread "Unconstrained build operations Thread 70" [_thread_blocked, id=8796, stack(0x000000c2eab00000,0x000000c2eac00000)]
  0x000001e056901800 JavaThread "Unconstrained build operations Thread 71" [_thread_blocked, id=14564, stack(0x000000c2eac00000,0x000000c2ead00000)]
  0x000001e0568fb800 JavaThread "Unconstrained build operations Thread 72" [_thread_blocked, id=15172, stack(0x000000c2ead00000,0x000000c2eae00000)]
  0x000001e056902000 JavaThread "Unconstrained build operations Thread 73" [_thread_blocked, id=22068, stack(0x000000c2eae00000,0x000000c2eaf00000)]
  0x000001e056903000 JavaThread "Unconstrained build operations Thread 74" [_thread_blocked, id=16620, stack(0x000000c2eaf00000,0x000000c2eb000000)]
  0x000001e0568ff000 JavaThread "Unconstrained build operations Thread 75" [_thread_blocked, id=19912, stack(0x000000c2eb000000,0x000000c2eb100000)]
  0x000001e0568fd000 JavaThread "Unconstrained build operations Thread 76" [_thread_blocked, id=10320, stack(0x000000c2eb100000,0x000000c2eb200000)]
  0x000001e056903800 JavaThread "Unconstrained build operations Thread 77" [_thread_blocked, id=17516, stack(0x000000c2eb200000,0x000000c2eb300000)]
  0x000001e056904800 JavaThread "Unconstrained build operations Thread 78" [_thread_blocked, id=21552, stack(0x000000c2eb300000,0x000000c2eb400000)]
  0x000001e056905800 JavaThread "Unconstrained build operations Thread 79" [_thread_blocked, id=18508, stack(0x000000c2eb400000,0x000000c2eb500000)]
  0x000001e056906000 JavaThread "Unconstrained build operations Thread 80" [_thread_blocked, id=1608, stack(0x000000c2eb500000,0x000000c2eb600000)]
  0x000001e056907000 JavaThread "Unconstrained build operations Thread 81" [_thread_blocked, id=21036, stack(0x000000c2eb600000,0x000000c2eb700000)]
  0x000001e056836800 JavaThread "Unconstrained build operations Thread 82" [_thread_blocked, id=19524, stack(0x000000c2eb700000,0x000000c2eb800000)]
  0x000001e056837000 JavaThread "Unconstrained build operations Thread 83" [_thread_blocked, id=7068, stack(0x000000c2eb800000,0x000000c2eb900000)]
  0x000001e056839800 JavaThread "Unconstrained build operations Thread 84" [_thread_blocked, id=21352, stack(0x000000c2eb900000,0x000000c2eba00000)]
  0x000001e056838000 JavaThread "Unconstrained build operations Thread 85" [_thread_blocked, id=3412, stack(0x000000c2eba00000,0x000000c2ebb00000)]
  0x000001e056835000 JavaThread "Unconstrained build operations Thread 86" [_thread_blocked, id=8224, stack(0x000000c2ebb00000,0x000000c2ebc00000)]
  0x000001e056839000 JavaThread "Unconstrained build operations Thread 87" [_thread_blocked, id=13412, stack(0x000000c2ebc00000,0x000000c2ebd00000)]
  0x000001e056834000 JavaThread "Unconstrained build operations Thread 88" [_thread_blocked, id=22228, stack(0x000000c2ebd00000,0x000000c2ebe00000)]
  0x000001e056835800 JavaThread "Unconstrained build operations Thread 89" [_thread_blocked, id=20080, stack(0x000000c2ebe00000,0x000000c2ebf00000)]
  0x000001e05683d000 JavaThread "Unconstrained build operations Thread 90" [_thread_blocked, id=11272, stack(0x000000c2ebf00000,0x000000c2ec000000)]
  0x000001e05683a800 JavaThread "Unconstrained build operations Thread 91" [_thread_blocked, id=14532, stack(0x000000c2ec000000,0x000000c2ec100000)]
  0x000001e05683e000 JavaThread "Unconstrained build operations Thread 92" [_thread_blocked, id=20440, stack(0x000000c2ec100000,0x000000c2ec200000)]
  0x000001e05683f800 JavaThread "Unconstrained build operations Thread 93" [_thread_blocked, id=12612, stack(0x000000c2ec200000,0x000000c2ec300000)]
  0x000001e05683b800 JavaThread "Unconstrained build operations Thread 94" [_thread_blocked, id=20804, stack(0x000000c2ec300000,0x000000c2ec400000)]
  0x000001e056841000 JavaThread "Unconstrained build operations Thread 95" [_thread_blocked, id=15168, stack(0x000000c2ec400000,0x000000c2ec500000)]
  0x000001e05683c000 JavaThread "Unconstrained build operations Thread 96" [_thread_blocked, id=14032, stack(0x000000c2ec500000,0x000000c2ec600000)]
  0x000001e05683e800 JavaThread "Unconstrained build operations Thread 97" [_thread_blocked, id=19712, stack(0x000000c2ec600000,0x000000c2ec700000)]
  0x000001e056842000 JavaThread "Unconstrained build operations Thread 98" [_thread_blocked, id=19812, stack(0x000000c2ec700000,0x000000c2ec800000)]
  0x000001e056840000 JavaThread "Unconstrained build operations Thread 99" [_thread_blocked, id=21944, stack(0x000000c2ec800000,0x000000c2ec900000)]
  0x000001e056842800 JavaThread "Unconstrained build operations Thread 100" [_thread_blocked, id=21336, stack(0x000000c2ec900000,0x000000c2eca00000)]
  0x000001e0533f1800 JavaThread "Unconstrained build operations Thread 101" [_thread_blocked, id=1564, stack(0x000000c2eca00000,0x000000c2ecb00000)]
  0x000001e0533f4000 JavaThread "Unconstrained build operations Thread 102" [_thread_blocked, id=17712, stack(0x000000c2ecb00000,0x000000c2ecc00000)]
  0x000001e0533f5800 JavaThread "Unconstrained build operations Thread 103" [_thread_blocked, id=6664, stack(0x000000c2ecc00000,0x000000c2ecd00000)]
  0x000001e0533ef800 JavaThread "Unconstrained build operations Thread 104" [_thread_blocked, id=13352, stack(0x000000c2ecd00000,0x000000c2ece00000)]
  0x000001e0533f4800 JavaThread "Unconstrained build operations Thread 105" [_thread_blocked, id=17060, stack(0x000000c2ece00000,0x000000c2ecf00000)]
  0x000001e0533f2000 JavaThread "Unconstrained build operations Thread 106" [_thread_blocked, id=19036, stack(0x000000c2ecf00000,0x000000c2ed000000)]
  0x000001e0533f6000 JavaThread "Unconstrained build operations Thread 107" [_thread_blocked, id=14944, stack(0x000000c2ed000000,0x000000c2ed100000)]
  0x000001e0533f3000 JavaThread "Unconstrained build operations Thread 108" [_thread_blocked, id=21092, stack(0x000000c2ed100000,0x000000c2ed200000)]
  0x000001e0533f0800 JavaThread "Unconstrained build operations Thread 109" [_thread_blocked, id=21952, stack(0x000000c2ed200000,0x000000c2ed300000)]
  0x000001e0533f9800 JavaThread "Unconstrained build operations Thread 110" [_thread_blocked, id=6164, stack(0x000000c2ed300000,0x000000c2ed400000)]
  0x000001e0533f7000 JavaThread "Unconstrained build operations Thread 111" [_thread_blocked, id=20524, stack(0x000000c2ed400000,0x000000c2ed500000)]
  0x000001e0533fb000 JavaThread "Unconstrained build operations Thread 112" [_thread_blocked, id=19080, stack(0x000000c2ed500000,0x000000c2ed600000)]
  0x000001e0533fc000 JavaThread "Unconstrained build operations Thread 113" [_thread_blocked, id=2976, stack(0x000000c2ed600000,0x000000c2ed700000)]
  0x000001e0533f8000 JavaThread "Unconstrained build operations Thread 114" [_thread_blocked, id=21004, stack(0x000000c2ed700000,0x000000c2ed800000)]
  0x000001e0533fe800 JavaThread "Unconstrained build operations Thread 115" [_thread_blocked, id=20600, stack(0x000000c2ed800000,0x000000c2ed900000)]
  0x000001e0533fa800 JavaThread "Unconstrained build operations Thread 116" [_thread_blocked, id=17884, stack(0x000000c2ed900000,0x000000c2eda00000)]
  0x000001e0533fc800 JavaThread "Unconstrained build operations Thread 117" [_thread_blocked, id=18448, stack(0x000000c2eda00000,0x000000c2edb00000)]
  0x000001e0533fd800 JavaThread "Unconstrained build operations Thread 118" [_thread_blocked, id=21212, stack(0x000000c2edb00000,0x000000c2edc00000)]
  0x000001e0533f8800 JavaThread "Unconstrained build operations Thread 119" [_thread_blocked, id=17104, stack(0x000000c2edc00000,0x000000c2edd00000)]
  0x000001e05495c000 JavaThread "Unconstrained build operations Thread 120" [_thread_blocked, id=22360, stack(0x000000c2edd00000,0x000000c2ede00000)]
  0x000001e05495b800 JavaThread "jar transforms Thread 6" [_thread_blocked, id=22156, stack(0x000000c2ede00000,0x000000c2edf00000)]
  0x000001e05495d000 JavaThread "jar transforms Thread 7" [_thread_blocked, id=7092, stack(0x000000c2edf00000,0x000000c2ee000000)]
  0x000001e05495d800 JavaThread "jar transforms Thread 8" [_thread_blocked, id=17916, stack(0x000000c2ee000000,0x000000c2ee100000)]
  0x000001e05495e800 JavaThread "jar transforms Thread 9" [_thread_blocked, id=3988, stack(0x000000c2ee100000,0x000000c2ee200000)]
  0x000001e054959800 JavaThread "jar transforms Thread 10" [_thread_blocked, id=324, stack(0x000000c2ee200000,0x000000c2ee300000)]
  0x000001e054959000 JavaThread "jar transforms Thread 11" [_thread_blocked, id=16960, stack(0x000000c2ee300000,0x000000c2ee400000)]
  0x000001e05495f800 JavaThread "jar transforms Thread 12" [_thread_blocked, id=7692, stack(0x000000c2ee400000,0x000000c2ee500000)]
  0x000001e054960000 JavaThread "build event listener" [_thread_blocked, id=7460, stack(0x000000c2ee500000,0x000000c2ee600000)]
  0x000001e05495a800 JavaThread "Memory manager" [_thread_blocked, id=22208, stack(0x000000c2ee600000,0x000000c2ee700000)]

Other Threads:
  0x000001e04f6cd800 VMThread "VM Thread" [stack: 0x000000c2e3300000,0x000000c2e3400000] [id=17468]
  0x000001e04f8c6000 WatcherThread [stack: 0x000000c2e3d00000,0x000000c2e3e00000] [id=13844]
  0x000001e034579800 GCTaskThread "GC Thread#0" [stack: 0x000000c2e2e00000,0x000000c2e2f00000] [id=13212]
  0x000001e051139800 GCTaskThread "GC Thread#1" [stack: 0x000000c2e4000000,0x000000c2e4100000] [id=21104]
  0x000001e051340000 GCTaskThread "GC Thread#2" [stack: 0x000000c2e4100000,0x000000c2e4200000] [id=20580]
  0x000001e04fcc0800 GCTaskThread "GC Thread#3" [stack: 0x000000c2e4200000,0x000000c2e4300000] [id=17540]
  0x000001e0510c9800 GCTaskThread "GC Thread#4" [stack: 0x000000c2e4300000,0x000000c2e4400000] [id=19232]
  0x000001e0506e4800 GCTaskThread "GC Thread#5" [stack: 0x000000c2e4400000,0x000000c2e4500000] [id=19984]
  0x000001e050a64800 GCTaskThread "GC Thread#6" [stack: 0x000000c2e5000000,0x000000c2e5100000] [id=21604]
  0x000001e050d53800 GCTaskThread "GC Thread#7" [stack: 0x000000c2e5100000,0x000000c2e5200000] [id=19268]
  0x000001e052e2d800 GCTaskThread "GC Thread#8" [stack: 0x000000c2e5200000,0x000000c2e5300000] [id=18020]
  0x000001e052e2e000 GCTaskThread "GC Thread#9" [stack: 0x000000c2e5300000,0x000000c2e5400000] [id=17456]
  0x000001e0345ad000 ConcurrentGCThread "G1 Main Marker" [stack: 0x000000c2e2f00000,0x000000c2e3000000] [id=19320]
  0x000001e0345ae800 ConcurrentGCThread "G1 Conc#0" [stack: 0x000000c2e3000000,0x000000c2e3100000] [id=3740]
  0x000001e051ed2800 ConcurrentGCThread "G1 Conc#1" [stack: 0x000000c2e5400000,0x000000c2e5500000] [id=21884]
  0x000001e050728000 ConcurrentGCThread "G1 Conc#2" [stack: 0x000000c2e5500000,0x000000c2e5600000] [id=17760]
  0x000001e04ed15800 ConcurrentGCThread "G1 Refine#0" [stack: 0x000000c2e3100000,0x000000c2e3200000] [id=4052]
  0x000001e04ed17800 ConcurrentGCThread "G1 Young RemSet Sampling" [stack: 0x000000c2e3200000,0x000000c2e3300000] [id=14988]

Threads with active compile tasks:
C2 CompilerThread0     7068 7389       4       sun.reflect.generics.parser.SignatureParser::parsePackageNameAndSimpleClassTypeSignature (119 bytes)
C1 CompilerThread0     7068 7466       3       java.util.LinkedList$ListItr::set (28 bytes)
C2 CompilerThread1     7068 7459       4       org.gradle.internal.instantiation.generator.AbstractClassGenerator::inspectType (560 bytes)

VM state:not at safepoint (normal execution)

VM Mutex/Monitor currently owned by a thread: None

Heap address: 0x0000000080000000, size: 2048 MB, Compressed Oops mode: 32-bit
Narrow klass base: 0x0000000000000000, Narrow klass shift: 3
Compressed class space size: 1073741824 Address: 0x0000000100000000

Heap:
 garbage-first heap   total 260096K, used 157497K [0x0000000080000000, 0x0000000100000000)
  region size 1024K, 108 young (110592K), 11 survivors (11264K)
 Metaspace       used 74283K, capacity 76150K, committed 76200K, reserved 1120256K
  class space    used 9647K, capacity 10362K, committed 10368K, reserved 1048576K
Heap Regions: E=young(eden), S=young(survivor), O=old, HS=humongous(starts), HC=humongous(continues), CS=collection set, F=free, A=archive, TAMS=top-at-mark-start (previous, next)
|   0|0x0000000080000000, 0x0000000080100000, 0x0000000080100000|100%| O|  |TAMS 0x0000000080100000, 0x0000000080000000| Untracked 
|   1|0x0000000080100000, 0x0000000080200000, 0x0000000080200000|100%| O|  |TAMS 0x0000000080200000, 0x0000000080100000| Untracked 
|   2|0x0000000080200000, 0x0000000080300000, 0x0000000080300000|100%| O|  |TAMS 0x0000000080300000, 0x0000000080200000| Untracked 
|   3|0x0000000080300000, 0x0000000080400000, 0x0000000080400000|100%|HS|  |TAMS 0x0000000080400000, 0x0000000080300000| Complete 
|   4|0x0000000080400000, 0x0000000080500000, 0x0000000080500000|100%|HC|  |TAMS 0x0000000080500000, 0x0000000080400000| Complete 
|   5|0x0000000080500000, 0x0000000080600000, 0x0000000080600000|100%|HC|  |TAMS 0x0000000080600000, 0x0000000080500000| Complete 
|   6|0x0000000080600000, 0x0000000080700000, 0x0000000080700000|100%| O|  |TAMS 0x0000000080700000, 0x0000000080600000| Untracked 
|   7|0x0000000080700000, 0x0000000080800000, 0x0000000080800000|100%| O|  |TAMS 0x0000000080800000, 0x0000000080700000| Untracked 
|   8|0x0000000080800000, 0x0000000080900000, 0x0000000080900000|100%| O|  |TAMS 0x0000000080900000, 0x0000000080800000| Untracked 
|   9|0x0000000080900000, 0x0000000080a00000, 0x0000000080a00000|100%| O|  |TAMS 0x0000000080a00000, 0x0000000080900000| Untracked 
|  10|0x0000000080a00000, 0x0000000080b00000, 0x0000000080b00000|100%| O|  |TAMS 0x0000000080b00000, 0x0000000080a00000| Untracked 
|  11|0x0000000080b00000, 0x0000000080c00000, 0x0000000080c00000|100%| O|  |TAMS 0x0000000080c00000, 0x0000000080b00000| Untracked 
|  12|0x0000000080c00000, 0x0000000080d00000, 0x0000000080d00000|100%| O|  |TAMS 0x0000000080d00000, 0x0000000080c00000| Untracked 
|  13|0x0000000080d00000, 0x0000000080e00000, 0x0000000080e00000|100%| O|  |TAMS 0x0000000080e00000, 0x0000000080d00000| Untracked 
|  14|0x0000000080e00000, 0x0000000080f00000, 0x0000000080f00000|100%| O|  |TAMS 0x0000000080f00000, 0x0000000080e00000| Untracked 
|  15|0x0000000080f00000, 0x0000000081000000, 0x0000000081000000|100%| O|  |TAMS 0x0000000081000000, 0x0000000080f00000| Untracked 
|  16|0x0000000081000000, 0x0000000081100000, 0x0000000081100000|100%| O|  |TAMS 0x0000000081100000, 0x0000000081000000| Untracked 
|  17|0x0000000081100000, 0x0000000081200000, 0x0000000081200000|100%|HS|  |TAMS 0x0000000081200000, 0x0000000081100000| Complete 
|  18|0x0000000081200000, 0x0000000081300000, 0x0000000081300000|100%|HS|  |TAMS 0x0000000081300000, 0x0000000081200000| Complete 
|  19|0x0000000081300000, 0x0000000081400000, 0x0000000081400000|100%|HS|  |TAMS 0x0000000081400000, 0x0000000081300000| Complete 
|  20|0x0000000081400000, 0x0000000081500000, 0x0000000081500000|100%|HC|  |TAMS 0x0000000081500000, 0x0000000081400000| Complete 
|  21|0x0000000081500000, 0x0000000081600000, 0x0000000081600000|100%|HS|  |TAMS 0x0000000081600000, 0x0000000081500000| Complete 
|  22|0x0000000081600000, 0x0000000081700000, 0x0000000081700000|100%|HC|  |TAMS 0x0000000081700000, 0x0000000081600000| Complete 
|  23|0x0000000081700000, 0x0000000081800000, 0x0000000081800000|100%|HC|  |TAMS 0x0000000081800000, 0x0000000081700000| Complete 
|  24|0x0000000081800000, 0x0000000081900000, 0x0000000081900000|100%|HC|  |TAMS 0x0000000081900000, 0x0000000081800000| Complete 
|  25|0x0000000081900000, 0x0000000081a00000, 0x0000000081a00000|100%| O|  |TAMS 0x0000000081a00000, 0x0000000081900000| Untracked 
|  26|0x0000000081a00000, 0x0000000081b00000, 0x0000000081b00000|100%| O|  |TAMS 0x0000000081b00000, 0x0000000081a00000| Untracked 
|  27|0x0000000081b00000, 0x0000000081c00000, 0x0000000081c00000|100%| O|  |TAMS 0x0000000081c00000, 0x0000000081b00000| Untracked 
|  28|0x0000000081c00000, 0x0000000081d00000, 0x0000000081d00000|100%| O|  |TAMS 0x0000000081d00000, 0x0000000081c00000| Untracked 
|  29|0x0000000081d00000, 0x0000000081e00000, 0x0000000081e00000|100%| O|  |TAMS 0x0000000081e00000, 0x0000000081d00000| Untracked 
|  30|0x0000000081e00000, 0x0000000081f00000, 0x0000000081f00000|100%| O|  |TAMS 0x0000000081f00000, 0x0000000081e00000| Untracked 
|  31|0x0000000081f00000, 0x0000000082000000, 0x0000000082000000|100%| O|  |TAMS 0x0000000082000000, 0x0000000081f00000| Untracked 
|  32|0x0000000082000000, 0x0000000082100000, 0x0000000082100000|100%| O|  |TAMS 0x0000000082100000, 0x0000000082000000| Untracked 
|  33|0x0000000082100000, 0x0000000082200000, 0x0000000082200000|100%| O|  |TAMS 0x0000000082200000, 0x0000000082100000| Untracked 
|  34|0x0000000082200000, 0x0000000082300000, 0x0000000082300000|100%| O|  |TAMS 0x0000000082300000, 0x0000000082200000| Untracked 
|  35|0x0000000082300000, 0x0000000082400000, 0x0000000082400000|100%| O|  |TAMS 0x0000000082400000, 0x0000000082300000| Untracked 
|  36|0x0000000082400000, 0x0000000082500000, 0x0000000082500000|100%| O|  |TAMS 0x0000000082500000, 0x0000000082400000| Untracked 
|  37|0x0000000082500000, 0x0000000082600000, 0x0000000082600000|100%| O|  |TAMS 0x0000000082600000, 0x0000000082500000| Untracked 
|  38|0x0000000082600000, 0x0000000082700000, 0x0000000082700000|100%| O|  |TAMS 0x0000000082700000, 0x0000000082600000| Untracked 
|  39|0x0000000082700000, 0x0000000082800000, 0x0000000082800000|100%| O|  |TAMS 0x0000000082800000, 0x0000000082700000| Untracked 
|  40|0x0000000082800000, 0x0000000082900000, 0x0000000082900000|100%| O|  |TAMS 0x0000000082900000, 0x0000000082800000| Untracked 
|  41|0x0000000082900000, 0x0000000082a00000, 0x0000000082a00000|100%| O|  |TAMS 0x0000000082a00000, 0x0000000082900000| Untracked 
|  42|0x0000000082a00000, 0x0000000082b00000, 0x0000000082b00000|100%| O|  |TAMS 0x0000000082b00000, 0x0000000082a00000| Untracked 
|  43|0x0000000082b00000, 0x0000000082c00000, 0x0000000082c00000|100%| O|  |TAMS 0x0000000082c00000, 0x0000000082b00000| Untracked 
|  44|0x0000000082c00000, 0x0000000082d00000, 0x0000000082d00000|100%| O|  |TAMS 0x0000000082d00000, 0x0000000082c00000| Untracked 
|  45|0x0000000082d00000, 0x0000000082e00000, 0x0000000082e00000|100%| O|  |TAMS 0x0000000082e00000, 0x0000000082d00000| Untracked 
|  46|0x0000000082e00000, 0x0000000082f00000, 0x0000000082f00000|100%| O|  |TAMS 0x0000000082f00000, 0x0000000082e00000| Untracked 
|  47|0x0000000082f00000, 0x0000000082fb5c00, 0x0000000083000000| 70%| O|  |TAMS 0x0000000082fb5c00, 0x0000000082f00000| Untracked 
|  48|0x0000000083000000, 0x0000000083000000, 0x0000000083100000|  0%| F|  |TAMS 0x0000000083000000, 0x0000000083000000| Untracked 
|  49|0x0000000083100000, 0x0000000083100000, 0x0000000083200000|  0%| F|  |TAMS 0x0000000083100000, 0x0000000083100000| Untracked 
|  50|0x0000000083200000, 0x0000000083200000, 0x0000000083300000|  0%| F|  |TAMS 0x0000000083200000, 0x0000000083200000| Untracked 
|  51|0x0000000083300000, 0x0000000083300000, 0x0000000083400000|  0%| F|  |TAMS 0x0000000083300000, 0x0000000083300000| Untracked 
|  52|0x0000000083400000, 0x0000000083400000, 0x0000000083500000|  0%| F|  |TAMS 0x0000000083400000, 0x0000000083400000| Untracked 
|  53|0x0000000083500000, 0x0000000083500000, 0x0000000083600000|  0%| F|  |TAMS 0x0000000083500000, 0x0000000083500000| Untracked 
|  54|0x0000000083600000, 0x0000000083600000, 0x0000000083700000|  0%| F|  |TAMS 0x0000000083600000, 0x0000000083600000| Untracked 
|  55|0x0000000083700000, 0x0000000083700000, 0x0000000083800000|  0%| F|  |TAMS 0x0000000083700000, 0x0000000083700000| Untracked 
|  56|0x0000000083800000, 0x0000000083800000, 0x0000000083900000|  0%| F|  |TAMS 0x0000000083800000, 0x0000000083800000| Untracked 
|  57|0x0000000083900000, 0x0000000083900000, 0x0000000083a00000|  0%| F|  |TAMS 0x0000000083900000, 0x0000000083900000| Untracked 
|  58|0x0000000083a00000, 0x0000000083a00000, 0x0000000083b00000|  0%| F|  |TAMS 0x0000000083a00000, 0x0000000083a00000| Untracked 
|  59|0x0000000083b00000, 0x0000000083b00000, 0x0000000083c00000|  0%| F|  |TAMS 0x0000000083b00000, 0x0000000083b00000| Untracked 
|  60|0x0000000083c00000, 0x0000000083c00000, 0x0000000083d00000|  0%| F|  |TAMS 0x0000000083c00000, 0x0000000083c00000| Untracked 
|  61|0x0000000083d00000, 0x0000000083d00000, 0x0000000083e00000|  0%| F|  |TAMS 0x0000000083d00000, 0x0000000083d00000| Untracked 
|  62|0x0000000083e00000, 0x0000000083e00000, 0x0000000083f00000|  0%| F|  |TAMS 0x0000000083e00000, 0x0000000083e00000| Untracked 
|  63|0x0000000083f00000, 0x0000000083f00000, 0x0000000084000000|  0%| F|  |TAMS 0x0000000083f00000, 0x0000000083f00000| Untracked 
|  64|0x0000000084000000, 0x0000000084000000, 0x0000000084100000|  0%| F|  |TAMS 0x0000000084000000, 0x0000000084000000| Untracked 
|  65|0x0000000084100000, 0x0000000084100000, 0x0000000084200000|  0%| F|  |TAMS 0x0000000084100000, 0x0000000084100000| Untracked 
|  66|0x0000000084200000, 0x0000000084200000, 0x0000000084300000|  0%| F|  |TAMS 0x0000000084200000, 0x0000000084200000| Untracked 
|  67|0x0000000084300000, 0x0000000084300000, 0x0000000084400000|  0%| F|  |TAMS 0x0000000084300000, 0x0000000084300000| Untracked 
|  68|0x0000000084400000, 0x0000000084400000, 0x0000000084500000|  0%| F|  |TAMS 0x0000000084400000, 0x0000000084400000| Untracked 
|  69|0x0000000084500000, 0x0000000084500000, 0x0000000084600000|  0%| F|  |TAMS 0x0000000084500000, 0x0000000084500000| Untracked 
|  70|0x0000000084600000, 0x0000000084600000, 0x0000000084700000|  0%| F|  |TAMS 0x0000000084600000, 0x0000000084600000| Untracked 
|  71|0x0000000084700000, 0x0000000084700000, 0x0000000084800000|  0%| F|  |TAMS 0x0000000084700000, 0x0000000084700000| Untracked 
|  72|0x0000000084800000, 0x0000000084800000, 0x0000000084900000|  0%| F|  |TAMS 0x0000000084800000, 0x0000000084800000| Untracked 
|  73|0x0000000084900000, 0x0000000084900000, 0x0000000084a00000|  0%| F|  |TAMS 0x0000000084900000, 0x0000000084900000| Untracked 
|  74|0x0000000084a00000, 0x0000000084a00000, 0x0000000084b00000|  0%| F|  |TAMS 0x0000000084a00000, 0x0000000084a00000| Untracked 
|  75|0x0000000084b00000, 0x0000000084b00000, 0x0000000084c00000|  0%| F|  |TAMS 0x0000000084b00000, 0x0000000084b00000| Untracked 
|  76|0x0000000084c00000, 0x0000000084c00000, 0x0000000084d00000|  0%| F|  |TAMS 0x0000000084c00000, 0x0000000084c00000| Untracked 
|  77|0x0000000084d00000, 0x0000000084d00000, 0x0000000084e00000|  0%| F|  |TAMS 0x0000000084d00000, 0x0000000084d00000| Untracked 
|  78|0x0000000084e00000, 0x0000000084e00000, 0x0000000084f00000|  0%| F|  |TAMS 0x0000000084e00000, 0x0000000084e00000| Untracked 
|  79|0x0000000084f00000, 0x0000000084f00000, 0x0000000085000000|  0%| F|  |TAMS 0x0000000084f00000, 0x0000000084f00000| Untracked 
|  80|0x0000000085000000, 0x0000000085000000, 0x0000000085100000|  0%| F|  |TAMS 0x0000000085000000, 0x0000000085000000| Untracked 
|  81|0x0000000085100000, 0x0000000085100000, 0x0000000085200000|  0%| F|  |TAMS 0x0000000085100000, 0x0000000085100000| Untracked 
|  82|0x0000000085200000, 0x0000000085200000, 0x0000000085300000|  0%| F|  |TAMS 0x0000000085200000, 0x0000000085200000| Untracked 
|  83|0x0000000085300000, 0x0000000085300000, 0x0000000085400000|  0%| F|  |TAMS 0x0000000085300000, 0x0000000085300000| Untracked 
|  84|0x0000000085400000, 0x0000000085400000, 0x0000000085500000|  0%| F|  |TAMS 0x0000000085400000, 0x0000000085400000| Untracked 
|  85|0x0000000085500000, 0x0000000085500000, 0x0000000085600000|  0%| F|  |TAMS 0x0000000085500000, 0x0000000085500000| Untracked 
|  86|0x0000000085600000, 0x0000000085600000, 0x0000000085700000|  0%| F|  |TAMS 0x0000000085600000, 0x0000000085600000| Untracked 
|  87|0x0000000085700000, 0x0000000085700000, 0x0000000085800000|  0%| F|  |TAMS 0x0000000085700000, 0x0000000085700000| Untracked 
|  88|0x0000000085800000, 0x0000000085800000, 0x0000000085900000|  0%| F|  |TAMS 0x0000000085800000, 0x0000000085800000| Untracked 
|  89|0x0000000085900000, 0x0000000085900000, 0x0000000085a00000|  0%| F|  |TAMS 0x0000000085900000, 0x0000000085900000| Untracked 
|  90|0x0000000085a00000, 0x0000000085a00000, 0x0000000085b00000|  0%| F|  |TAMS 0x0000000085a00000, 0x0000000085a00000| Untracked 
|  91|0x0000000085b00000, 0x0000000085b00000, 0x0000000085c00000|  0%| F|  |TAMS 0x0000000085b00000, 0x0000000085b00000| Untracked 
|  92|0x0000000085c00000, 0x0000000085c00000, 0x0000000085d00000|  0%| F|  |TAMS 0x0000000085c00000, 0x0000000085c00000| Untracked 
|  93|0x0000000085d00000, 0x0000000085d00000, 0x0000000085e00000|  0%| F|  |TAMS 0x0000000085d00000, 0x0000000085d00000| Untracked 
|  94|0x0000000085e00000, 0x0000000085e00000, 0x0000000085f00000|  0%| F|  |TAMS 0x0000000085e00000, 0x0000000085e00000| Untracked 
|  95|0x0000000085f00000, 0x0000000085f00000, 0x0000000086000000|  0%| F|  |TAMS 0x0000000085f00000, 0x0000000085f00000| Untracked 
|  96|0x0000000086000000, 0x0000000086000000, 0x0000000086100000|  0%| F|  |TAMS 0x0000000086000000, 0x0000000086000000| Untracked 
|  97|0x0000000086100000, 0x0000000086100000, 0x0000000086200000|  0%| F|  |TAMS 0x0000000086100000, 0x0000000086100000| Untracked 
|  98|0x0000000086200000, 0x0000000086200000, 0x0000000086300000|  0%| F|  |TAMS 0x0000000086200000, 0x0000000086200000| Untracked 
|  99|0x0000000086300000, 0x0000000086300000, 0x0000000086400000|  0%| F|  |TAMS 0x0000000086300000, 0x0000000086300000| Untracked 
| 100|0x0000000086400000, 0x0000000086400000, 0x0000000086500000|  0%| F|  |TAMS 0x0000000086400000, 0x0000000086400000| Untracked 
| 101|0x0000000086500000, 0x0000000086500000, 0x0000000086600000|  0%| F|  |TAMS 0x0000000086500000, 0x0000000086500000| Untracked 
| 102|0x0000000086600000, 0x0000000086600000, 0x0000000086700000|  0%| F|  |TAMS 0x0000000086600000, 0x0000000086600000| Untracked 
| 103|0x0000000086700000, 0x0000000086700000, 0x0000000086800000|  0%| F|  |TAMS 0x0000000086700000, 0x0000000086700000| Untracked 
| 104|0x0000000086800000, 0x0000000086800000, 0x0000000086900000|  0%| F|  |TAMS 0x0000000086800000, 0x0000000086800000| Untracked 
| 105|0x0000000086900000, 0x0000000086900000, 0x0000000086a00000|  0%| F|  |TAMS 0x0000000086900000, 0x0000000086900000| Untracked 
| 106|0x0000000086a00000, 0x0000000086a00000, 0x0000000086b00000|  0%| F|  |TAMS 0x0000000086a00000, 0x0000000086a00000| Untracked 
| 107|0x0000000086b00000, 0x0000000086b00000, 0x0000000086c00000|  0%| F|  |TAMS 0x0000000086b00000, 0x0000000086b00000| Untracked 
| 108|0x0000000086c00000, 0x0000000086c00000, 0x0000000086d00000|  0%| F|  |TAMS 0x0000000086c00000, 0x0000000086c00000| Untracked 
| 109|0x0000000086d00000, 0x0000000086d00000, 0x0000000086e00000|  0%| F|  |TAMS 0x0000000086d00000, 0x0000000086d00000| Untracked 
| 110|0x0000000086e00000, 0x0000000086e00000, 0x0000000086f00000|  0%| F|  |TAMS 0x0000000086e00000, 0x0000000086e00000| Untracked 
| 111|0x0000000086f00000, 0x0000000086f00000, 0x0000000087000000|  0%| F|  |TAMS 0x0000000086f00000, 0x0000000086f00000| Untracked 
| 112|0x0000000087000000, 0x0000000087000000, 0x0000000087100000|  0%| F|  |TAMS 0x0000000087000000, 0x0000000087000000| Untracked 
| 113|0x0000000087100000, 0x0000000087100000, 0x0000000087200000|  0%| F|  |TAMS 0x0000000087100000, 0x0000000087100000| Untracked 
| 114|0x0000000087200000, 0x0000000087200000, 0x0000000087300000|  0%| F|  |TAMS 0x0000000087200000, 0x0000000087200000| Untracked 
| 115|0x0000000087300000, 0x0000000087300000, 0x0000000087400000|  0%| F|  |TAMS 0x0000000087300000, 0x0000000087300000| Untracked 
| 116|0x0000000087400000, 0x0000000087400000, 0x0000000087500000|  0%| F|  |TAMS 0x0000000087400000, 0x0000000087400000| Untracked 
| 117|0x0000000087500000, 0x0000000087500000, 0x0000000087600000|  0%| F|  |TAMS 0x0000000087500000, 0x0000000087500000| Untracked 
| 118|0x0000000087600000, 0x0000000087600000, 0x0000000087700000|  0%| F|  |TAMS 0x0000000087600000, 0x0000000087600000| Untracked 
| 119|0x0000000087700000, 0x0000000087700000, 0x0000000087800000|  0%| F|  |TAMS 0x0000000087700000, 0x0000000087700000| Untracked 
| 120|0x0000000087800000, 0x0000000087800000, 0x0000000087900000|  0%| F|  |TAMS 0x0000000087800000, 0x0000000087800000| Untracked 
| 121|0x0000000087900000, 0x0000000087900000, 0x0000000087a00000|  0%| F|  |TAMS 0x0000000087900000, 0x0000000087900000| Untracked 
| 122|0x0000000087a00000, 0x0000000087a00000, 0x0000000087b00000|  0%| F|  |TAMS 0x0000000087a00000, 0x0000000087a00000| Untracked 
| 123|0x0000000087b00000, 0x0000000087b00000, 0x0000000087c00000|  0%| F|  |TAMS 0x0000000087b00000, 0x0000000087b00000| Untracked 
| 124|0x0000000087c00000, 0x0000000087c00000, 0x0000000087d00000|  0%| F|  |TAMS 0x0000000087c00000, 0x0000000087c00000| Untracked 
| 125|0x0000000087d00000, 0x0000000087d00000, 0x0000000087e00000|  0%| F|  |TAMS 0x0000000087d00000, 0x0000000087d00000| Untracked 
| 126|0x0000000087e00000, 0x0000000087e00000, 0x0000000087f00000|  0%| F|  |TAMS 0x0000000087e00000, 0x0000000087e00000| Untracked 
| 127|0x0000000087f00000, 0x0000000087f00000, 0x0000000088000000|  0%| F|  |TAMS 0x0000000087f00000, 0x0000000087f00000| Untracked 
| 128|0x0000000088000000, 0x0000000088000000, 0x0000000088100000|  0%| F|  |TAMS 0x0000000088000000, 0x0000000088000000| Untracked 
| 129|0x0000000088100000, 0x0000000088118878, 0x0000000088200000|  9%| S|CS|TAMS 0x0000000088100000, 0x0000000088100000| Complete 
| 130|0x0000000088200000, 0x0000000088300000, 0x0000000088300000|100%| S|CS|TAMS 0x0000000088200000, 0x0000000088200000| Complete 
| 131|0x0000000088300000, 0x0000000088400000, 0x0000000088400000|100%| S|CS|TAMS 0x0000000088300000, 0x0000000088300000| Complete 
| 132|0x0000000088400000, 0x0000000088500000, 0x0000000088500000|100%| S|CS|TAMS 0x0000000088400000, 0x0000000088400000| Complete 
| 133|0x0000000088500000, 0x0000000088600000, 0x0000000088600000|100%| S|CS|TAMS 0x0000000088500000, 0x0000000088500000| Complete 
| 134|0x0000000088600000, 0x0000000088700000, 0x0000000088700000|100%| S|CS|TAMS 0x0000000088600000, 0x0000000088600000| Complete 
| 135|0x0000000088700000, 0x0000000088800000, 0x0000000088800000|100%| S|CS|TAMS 0x0000000088700000, 0x0000000088700000| Complete 
| 136|0x0000000088800000, 0x0000000088900000, 0x0000000088900000|100%| S|CS|TAMS 0x0000000088800000, 0x0000000088800000| Complete 
| 137|0x0000000088900000, 0x0000000088a00000, 0x0000000088a00000|100%| S|CS|TAMS 0x0000000088900000, 0x0000000088900000| Complete 
| 138|0x0000000088a00000, 0x0000000088b00000, 0x0000000088b00000|100%| S|CS|TAMS 0x0000000088a00000, 0x0000000088a00000| Complete 
| 139|0x0000000088b00000, 0x0000000088c00000, 0x0000000088c00000|100%| S|CS|TAMS 0x0000000088b00000, 0x0000000088b00000| Complete 
| 140|0x0000000088c00000, 0x0000000088c00000, 0x0000000088d00000|  0%| F|  |TAMS 0x0000000088c00000, 0x0000000088c00000| Untracked 
| 141|0x0000000088d00000, 0x0000000088d00000, 0x0000000088e00000|  0%| F|  |TAMS 0x0000000088d00000, 0x0000000088d00000| Untracked 
| 142|0x0000000088e00000, 0x0000000088e00000, 0x0000000088f00000|  0%| F|  |TAMS 0x0000000088e00000, 0x0000000088e00000| Untracked 
| 143|0x0000000088f00000, 0x0000000088f00000, 0x0000000089000000|  0%| F|  |TAMS 0x0000000088f00000, 0x0000000088f00000| Untracked 
| 144|0x0000000089000000, 0x0000000089000000, 0x0000000089100000|  0%| F|  |TAMS 0x0000000089000000, 0x0000000089000000| Untracked 
| 145|0x0000000089100000, 0x0000000089100000, 0x0000000089200000|  0%| F|  |TAMS 0x0000000089100000, 0x0000000089100000| Untracked 
| 146|0x0000000089200000, 0x0000000089200000, 0x0000000089300000|  0%| F|  |TAMS 0x0000000089200000, 0x0000000089200000| Untracked 
| 147|0x0000000089300000, 0x0000000089300000, 0x0000000089400000|  0%| F|  |TAMS 0x0000000089300000, 0x0000000089300000| Untracked 
| 148|0x0000000089400000, 0x0000000089400000, 0x0000000089500000|  0%| F|  |TAMS 0x0000000089400000, 0x0000000089400000| Untracked 
| 149|0x0000000089500000, 0x0000000089500000, 0x0000000089600000|  0%| F|  |TAMS 0x0000000089500000, 0x0000000089500000| Untracked 
| 150|0x0000000089600000, 0x0000000089600000, 0x0000000089700000|  0%| F|  |TAMS 0x0000000089600000, 0x0000000089600000| Untracked 
| 151|0x0000000089700000, 0x0000000089700000, 0x0000000089800000|  0%| F|  |TAMS 0x0000000089700000, 0x0000000089700000| Untracked 
| 152|0x0000000089800000, 0x0000000089800000, 0x0000000089900000|  0%| F|  |TAMS 0x0000000089800000, 0x0000000089800000| Untracked 
| 153|0x0000000089900000, 0x0000000089900000, 0x0000000089a00000|  0%| F|  |TAMS 0x0000000089900000, 0x0000000089900000| Untracked 
| 154|0x0000000089a00000, 0x0000000089a00000, 0x0000000089b00000|  0%| F|  |TAMS 0x0000000089a00000, 0x0000000089a00000| Untracked 
| 155|0x0000000089b00000, 0x0000000089b00000, 0x0000000089c00000|  0%| F|  |TAMS 0x0000000089b00000, 0x0000000089b00000| Untracked 
| 156|0x0000000089c00000, 0x0000000089c00000, 0x0000000089d00000|  0%| F|  |TAMS 0x0000000089c00000, 0x0000000089c00000| Untracked 
| 157|0x0000000089d00000, 0x0000000089d80800, 0x0000000089e00000| 50%| E|  |TAMS 0x0000000089d00000, 0x0000000089d00000| Complete 
| 158|0x0000000089e00000, 0x0000000089f00000, 0x0000000089f00000|100%| E|CS|TAMS 0x0000000089e00000, 0x0000000089e00000| Complete 
| 159|0x0000000089f00000, 0x000000008a000000, 0x000000008a000000|100%| E|CS|TAMS 0x0000000089f00000, 0x0000000089f00000| Complete 
| 160|0x000000008a000000, 0x000000008a100000, 0x000000008a100000|100%| E|CS|TAMS 0x000000008a000000, 0x000000008a000000| Complete 
| 161|0x000000008a100000, 0x000000008a200000, 0x000000008a200000|100%| E|CS|TAMS 0x000000008a100000, 0x000000008a100000| Complete 
| 162|0x000000008a200000, 0x000000008a300000, 0x000000008a300000|100%| E|CS|TAMS 0x000000008a200000, 0x000000008a200000| Complete 
| 163|0x000000008a300000, 0x000000008a400000, 0x000000008a400000|100%| E|CS|TAMS 0x000000008a300000, 0x000000008a300000| Complete 
| 164|0x000000008a400000, 0x000000008a500000, 0x000000008a500000|100%| E|CS|TAMS 0x000000008a400000, 0x000000008a400000| Complete 
| 165|0x000000008a500000, 0x000000008a600000, 0x000000008a600000|100%| E|CS|TAMS 0x000000008a500000, 0x000000008a500000| Complete 
| 166|0x000000008a600000, 0x000000008a700000, 0x000000008a700000|100%| E|CS|TAMS 0x000000008a600000, 0x000000008a600000| Complete 
| 167|0x000000008a700000, 0x000000008a800000, 0x000000008a800000|100%| E|CS|TAMS 0x000000008a700000, 0x000000008a700000| Complete 
| 168|0x000000008a800000, 0x000000008a900000, 0x000000008a900000|100%| E|CS|TAMS 0x000000008a800000, 0x000000008a800000| Complete 
| 169|0x000000008a900000, 0x000000008aa00000, 0x000000008aa00000|100%| E|CS|TAMS 0x000000008a900000, 0x000000008a900000| Complete 
| 170|0x000000008aa00000, 0x000000008ab00000, 0x000000008ab00000|100%| E|CS|TAMS 0x000000008aa00000, 0x000000008aa00000| Complete 
| 171|0x000000008ab00000, 0x000000008ac00000, 0x000000008ac00000|100%| E|CS|TAMS 0x000000008ab00000, 0x000000008ab00000| Complete 
| 172|0x000000008ac00000, 0x000000008ad00000, 0x000000008ad00000|100%| E|CS|TAMS 0x000000008ac00000, 0x000000008ac00000| Complete 
| 173|0x000000008ad00000, 0x000000008ae00000, 0x000000008ae00000|100%| E|CS|TAMS 0x000000008ad00000, 0x000000008ad00000| Complete 
| 174|0x000000008ae00000, 0x000000008af00000, 0x000000008af00000|100%| E|CS|TAMS 0x000000008ae00000, 0x000000008ae00000| Complete 
| 175|0x000000008af00000, 0x000000008b000000, 0x000000008b000000|100%| E|CS|TAMS 0x000000008af00000, 0x000000008af00000| Complete 
| 176|0x000000008b000000, 0x000000008b100000, 0x000000008b100000|100%| E|CS|TAMS 0x000000008b000000, 0x000000008b000000| Complete 
| 177|0x000000008b100000, 0x000000008b200000, 0x000000008b200000|100%| E|CS|TAMS 0x000000008b100000, 0x000000008b100000| Complete 
| 178|0x000000008b200000, 0x000000008b300000, 0x000000008b300000|100%| E|CS|TAMS 0x000000008b200000, 0x000000008b200000| Complete 
| 179|0x000000008b300000, 0x000000008b400000, 0x000000008b400000|100%| E|CS|TAMS 0x000000008b300000, 0x000000008b300000| Complete 
| 180|0x000000008b400000, 0x000000008b500000, 0x000000008b500000|100%| E|CS|TAMS 0x000000008b400000, 0x000000008b400000| Complete 
| 181|0x000000008b500000, 0x000000008b600000, 0x000000008b600000|100%| E|CS|TAMS 0x000000008b500000, 0x000000008b500000| Complete 
| 182|0x000000008b600000, 0x000000008b700000, 0x000000008b700000|100%| E|CS|TAMS 0x000000008b600000, 0x000000008b600000| Complete 
| 183|0x000000008b700000, 0x000000008b800000, 0x000000008b800000|100%| E|CS|TAMS 0x000000008b700000, 0x000000008b700000| Complete 
| 184|0x000000008b800000, 0x000000008b900000, 0x000000008b900000|100%| E|CS|TAMS 0x000000008b800000, 0x000000008b800000| Complete 
| 185|0x000000008b900000, 0x000000008ba00000, 0x000000008ba00000|100%| E|CS|TAMS 0x000000008b900000, 0x000000008b900000| Complete 
| 186|0x000000008ba00000, 0x000000008bb00000, 0x000000008bb00000|100%| E|CS|TAMS 0x000000008ba00000, 0x000000008ba00000| Complete 
| 187|0x000000008bb00000, 0x000000008bc00000, 0x000000008bc00000|100%| E|CS|TAMS 0x000000008bb00000, 0x000000008bb00000| Complete 
| 188|0x000000008bc00000, 0x000000008bd00000, 0x000000008bd00000|100%| E|CS|TAMS 0x000000008bc00000, 0x000000008bc00000| Complete 
| 189|0x000000008bd00000, 0x000000008be00000, 0x000000008be00000|100%| E|CS|TAMS 0x000000008bd00000, 0x000000008bd00000| Complete 
| 190|0x000000008be00000, 0x000000008bf00000, 0x000000008bf00000|100%| E|CS|TAMS 0x000000008be00000, 0x000000008be00000| Complete 
| 191|0x000000008bf00000, 0x000000008c000000, 0x000000008c000000|100%| E|CS|TAMS 0x000000008bf00000, 0x000000008bf00000| Complete 
| 192|0x000000008c000000, 0x000000008c100000, 0x000000008c100000|100%| E|CS|TAMS 0x000000008c000000, 0x000000008c000000| Complete 
| 193|0x000000008c100000, 0x000000008c200000, 0x000000008c200000|100%| E|CS|TAMS 0x000000008c100000, 0x000000008c100000| Complete 
| 194|0x000000008c200000, 0x000000008c300000, 0x000000008c300000|100%| E|CS|TAMS 0x000000008c200000, 0x000000008c200000| Complete 
| 195|0x000000008c300000, 0x000000008c400000, 0x000000008c400000|100%| E|CS|TAMS 0x000000008c300000, 0x000000008c300000| Complete 
| 196|0x000000008c400000, 0x000000008c500000, 0x000000008c500000|100%| E|CS|TAMS 0x000000008c400000, 0x000000008c400000| Complete 
| 197|0x000000008c500000, 0x000000008c600000, 0x000000008c600000|100%| E|CS|TAMS 0x000000008c500000, 0x000000008c500000| Complete 
| 198|0x000000008c600000, 0x000000008c700000, 0x000000008c700000|100%| E|CS|TAMS 0x000000008c600000, 0x000000008c600000| Complete 
| 199|0x000000008c700000, 0x000000008c800000, 0x000000008c800000|100%| E|CS|TAMS 0x000000008c700000, 0x000000008c700000| Complete 
| 200|0x000000008c800000, 0x000000008c900000, 0x000000008c900000|100%| E|CS|TAMS 0x000000008c800000, 0x000000008c800000| Complete 
| 201|0x000000008c900000, 0x000000008ca00000, 0x000000008ca00000|100%| E|CS|TAMS 0x000000008c900000, 0x000000008c900000| Complete 
| 202|0x000000008ca00000, 0x000000008cb00000, 0x000000008cb00000|100%| E|CS|TAMS 0x000000008ca00000, 0x000000008ca00000| Complete 
| 203|0x000000008cb00000, 0x000000008cc00000, 0x000000008cc00000|100%| E|CS|TAMS 0x000000008cb00000, 0x000000008cb00000| Complete 
| 204|0x000000008cc00000, 0x000000008cd00000, 0x000000008cd00000|100%| E|CS|TAMS 0x000000008cc00000, 0x000000008cc00000| Complete 
| 205|0x000000008cd00000, 0x000000008ce00000, 0x000000008ce00000|100%| E|CS|TAMS 0x000000008cd00000, 0x000000008cd00000| Complete 
| 206|0x000000008ce00000, 0x000000008cf00000, 0x000000008cf00000|100%| E|CS|TAMS 0x000000008ce00000, 0x000000008ce00000| Complete 
| 207|0x000000008cf00000, 0x000000008d000000, 0x000000008d000000|100%| E|CS|TAMS 0x000000008cf00000, 0x000000008cf00000| Complete 
| 208|0x000000008d000000, 0x000000008d100000, 0x000000008d100000|100%| E|CS|TAMS 0x000000008d000000, 0x000000008d000000| Complete 
| 209|0x000000008d100000, 0x000000008d200000, 0x000000008d200000|100%| E|CS|TAMS 0x000000008d100000, 0x000000008d100000| Complete 
| 210|0x000000008d200000, 0x000000008d300000, 0x000000008d300000|100%| E|CS|TAMS 0x000000008d200000, 0x000000008d200000| Complete 
| 211|0x000000008d300000, 0x000000008d400000, 0x000000008d400000|100%| E|CS|TAMS 0x000000008d300000, 0x000000008d300000| Complete 
| 212|0x000000008d400000, 0x000000008d500000, 0x000000008d500000|100%| E|CS|TAMS 0x000000008d400000, 0x000000008d400000| Complete 
| 213|0x000000008d500000, 0x000000008d600000, 0x000000008d600000|100%| E|CS|TAMS 0x000000008d500000, 0x000000008d500000| Complete 
| 214|0x000000008d600000, 0x000000008d700000, 0x000000008d700000|100%| E|CS|TAMS 0x000000008d600000, 0x000000008d600000| Complete 
| 215|0x000000008d700000, 0x000000008d800000, 0x000000008d800000|100%| E|CS|TAMS 0x000000008d700000, 0x000000008d700000| Complete 
| 216|0x000000008d800000, 0x000000008d900000, 0x000000008d900000|100%| E|CS|TAMS 0x000000008d800000, 0x000000008d800000| Complete 
| 217|0x000000008d900000, 0x000000008da00000, 0x000000008da00000|100%| E|CS|TAMS 0x000000008d900000, 0x000000008d900000| Complete 
| 218|0x000000008da00000, 0x000000008db00000, 0x000000008db00000|100%| E|CS|TAMS 0x000000008da00000, 0x000000008da00000| Complete 
| 219|0x000000008db00000, 0x000000008dc00000, 0x000000008dc00000|100%| E|CS|TAMS 0x000000008db00000, 0x000000008db00000| Complete 
| 220|0x000000008dc00000, 0x000000008dd00000, 0x000000008dd00000|100%| E|CS|TAMS 0x000000008dc00000, 0x000000008dc00000| Complete 
| 221|0x000000008dd00000, 0x000000008de00000, 0x000000008de00000|100%| E|CS|TAMS 0x000000008dd00000, 0x000000008dd00000| Complete 
| 222|0x000000008de00000, 0x000000008df00000, 0x000000008df00000|100%| E|CS|TAMS 0x000000008de00000, 0x000000008de00000| Complete 
| 223|0x000000008df00000, 0x000000008e000000, 0x000000008e000000|100%| E|CS|TAMS 0x000000008df00000, 0x000000008df00000| Complete 
| 224|0x000000008e000000, 0x000000008e100000, 0x000000008e100000|100%| E|CS|TAMS 0x000000008e000000, 0x000000008e000000| Complete 
| 225|0x000000008e100000, 0x000000008e200000, 0x000000008e200000|100%| E|CS|TAMS 0x000000008e100000, 0x000000008e100000| Complete 
| 226|0x000000008e200000, 0x000000008e300000, 0x000000008e300000|100%| E|CS|TAMS 0x000000008e200000, 0x000000008e200000| Complete 
| 227|0x000000008e300000, 0x000000008e400000, 0x000000008e400000|100%| E|CS|TAMS 0x000000008e300000, 0x000000008e300000| Complete 
| 228|0x000000008e400000, 0x000000008e500000, 0x000000008e500000|100%| E|CS|TAMS 0x000000008e400000, 0x000000008e400000| Complete 
| 229|0x000000008e500000, 0x000000008e600000, 0x000000008e600000|100%| E|CS|TAMS 0x000000008e500000, 0x000000008e500000| Complete 
| 230|0x000000008e600000, 0x000000008e700000, 0x000000008e700000|100%| E|CS|TAMS 0x000000008e600000, 0x000000008e600000| Complete 
| 231|0x000000008e700000, 0x000000008e800000, 0x000000008e800000|100%| E|CS|TAMS 0x000000008e700000, 0x000000008e700000| Complete 
| 232|0x000000008e800000, 0x000000008e900000, 0x000000008e900000|100%| E|CS|TAMS 0x000000008e800000, 0x000000008e800000| Complete 
| 233|0x000000008e900000, 0x000000008ea00000, 0x000000008ea00000|100%| E|CS|TAMS 0x000000008e900000, 0x000000008e900000| Complete 
| 234|0x000000008ea00000, 0x000000008eb00000, 0x000000008eb00000|100%| E|CS|TAMS 0x000000008ea00000, 0x000000008ea00000| Complete 
| 235|0x000000008eb00000, 0x000000008ec00000, 0x000000008ec00000|100%| E|CS|TAMS 0x000000008eb00000, 0x000000008eb00000| Complete 
| 236|0x000000008ec00000, 0x000000008ed00000, 0x000000008ed00000|100%| E|CS|TAMS 0x000000008ec00000, 0x000000008ec00000| Complete 
| 237|0x000000008ed00000, 0x000000008ee00000, 0x000000008ee00000|100%| E|CS|TAMS 0x000000008ed00000, 0x000000008ed00000| Complete 
| 238|0x000000008ee00000, 0x000000008ef00000, 0x000000008ef00000|100%| E|CS|TAMS 0x000000008ee00000, 0x000000008ee00000| Complete 
| 239|0x000000008ef00000, 0x000000008f000000, 0x000000008f000000|100%| E|CS|TAMS 0x000000008ef00000, 0x000000008ef00000| Complete 
| 240|0x000000008f000000, 0x000000008f100000, 0x000000008f100000|100%| E|CS|TAMS 0x000000008f000000, 0x000000008f000000| Complete 
| 241|0x000000008f100000, 0x000000008f200000, 0x000000008f200000|100%| E|CS|TAMS 0x000000008f100000, 0x000000008f100000| Complete 
| 242|0x000000008f200000, 0x000000008f300000, 0x000000008f300000|100%| E|CS|TAMS 0x000000008f200000, 0x000000008f200000| Complete 
| 243|0x000000008f300000, 0x000000008f400000, 0x000000008f400000|100%| E|CS|TAMS 0x000000008f300000, 0x000000008f300000| Complete 
| 244|0x000000008f400000, 0x000000008f500000, 0x000000008f500000|100%| E|CS|TAMS 0x000000008f400000, 0x000000008f400000| Complete 
| 245|0x000000008f500000, 0x000000008f600000, 0x000000008f600000|100%| E|CS|TAMS 0x000000008f500000, 0x000000008f500000| Complete 
| 246|0x000000008f600000, 0x000000008f700000, 0x000000008f700000|100%| E|CS|TAMS 0x000000008f600000, 0x000000008f600000| Complete 
| 247|0x000000008f700000, 0x000000008f800000, 0x000000008f800000|100%| E|CS|TAMS 0x000000008f700000, 0x000000008f700000| Complete 
| 248|0x000000008f800000, 0x000000008f900000, 0x000000008f900000|100%| E|CS|TAMS 0x000000008f800000, 0x000000008f800000| Complete 
| 249|0x000000008f900000, 0x000000008fa00000, 0x000000008fa00000|100%| E|CS|TAMS 0x000000008f900000, 0x000000008f900000| Complete 
| 250|0x000000008fa00000, 0x000000008fb00000, 0x000000008fb00000|100%| E|CS|TAMS 0x000000008fa00000, 0x000000008fa00000| Complete 
| 251|0x000000008fb00000, 0x000000008fc00000, 0x000000008fc00000|100%| E|CS|TAMS 0x000000008fb00000, 0x000000008fb00000| Complete 
| 252|0x000000008fc00000, 0x000000008fd00000, 0x000000008fd00000|100%| E|CS|TAMS 0x000000008fc00000, 0x000000008fc00000| Complete 
| 253|0x000000008fd00000, 0x000000008fe00000, 0x000000008fe00000|100%| E|CS|TAMS 0x000000008fd00000, 0x000000008fd00000| Complete 

Card table byte_map: [0x000001e0479d0000,0x000001e047dd0000] _byte_map_base: 0x000001e0475d0000

Marking Bits (Prev, Next): (CMBitMap*) 0x000001e0345a46f0, (CMBitMap*) 0x000001e0345a46b8
 Prev Bits: [0x000001e04a1d0000, 0x000001e04c1d0000)
 Next Bits: [0x000001e0481d0000, 0x000001e04a1d0000)

Polling page: 0x000001e0324e0000

Metaspace:

Usage:
  Non-class:     64.25 MB capacity,    63.15 MB ( 98%) used,   928.45 KB (  1%) free+waste,   198.62 KB ( <1%) overhead. 
      Class:     10.12 MB capacity,     9.42 MB ( 93%) used,   618.26 KB (  6%) free+waste,    93.38 KB ( <1%) overhead. 
       Both:     74.37 MB capacity,    72.57 MB ( 98%) used,     1.51 MB (  2%) free+waste,   292.00 KB ( <1%) overhead. 

Virtual space:
  Non-class space:       70.00 MB reserved,      64.29 MB ( 92%) committed 
      Class space:        1.00 GB reserved,      10.12 MB ( <1%) committed 
             Both:        1.07 GB reserved,      74.41 MB (  7%) committed 

Chunk freelists:
   Non-Class:  44.00 KB
       Class:  6.00 KB
        Both:  50.00 KB

MaxMetaspaceSize: 17179869184.00 GB
CompressedClassSpaceSize: 1.00 GB
Initial GC threshold: 20.80 MB
Current GC threshold: 99.23 MB
CDS: off

CodeHeap 'non-profiled nmethods': size=120000Kb used=4391Kb max_used=4391Kb free=115608Kb
 bounds [0x000001e03fb50000, 0x000001e03ffa0000, 0x000001e047080000]
CodeHeap 'profiled nmethods': size=120000Kb used=15596Kb max_used=15596Kb free=104403Kb
 bounds [0x000001e038620000, 0x000001e039560000, 0x000001e03fb50000]
CodeHeap 'non-nmethods': size=5760Kb used=2373Kb max_used=2420Kb free=3386Kb
 bounds [0x000001e038080000, 0x000001e0382f0000, 0x000001e038620000]
 total_blobs=8300 nmethods=7418 adapters=794
 compilation: enabled
              stopped_count=0, restarted_count=0
 full_count=0

Compilation events (20 events):
Event: 7.006 Thread 0x000001e04f73b000 7446       1       com.android.build.gradle.internal.services.ProjectServices::getProviderFactory (5 bytes)
Event: 7.006 Thread 0x000001e04f73b000 nmethod 7446 0x000001e03ff8df10 code [0x000001e03ff8e0c0, 0x000001e03ff8e178]
Event: 7.011 Thread 0x000001e04f73b000 7447       3       org.gradle.internal.instantiation.generator.AsmBackedClassGenerator$ClassBuilderImpl::access$5300 (4 bytes)
Event: 7.012 Thread 0x000001e04f73b000 nmethod 7447 0x000001e039533d90 code [0x000001e039533f40, 0x000001e039534038]
Event: 7.012 Thread 0x000001e04f73b000 7448       3       org.gradle.model.internal.asm.MethodVisitorScope::_AASTORE (7 bytes)
Event: 7.012 Thread 0x000001e04f73b000 nmethod 7448 0x000001e039534110 code [0x000001e0395342e0, 0x000001e039534548]
Event: 7.015 Thread 0x000001e04f73b000 7449       3       java.lang.reflect.ProxyGenerator$ProxyMethod::codeFieldInitialization (241 bytes)
Event: 7.019 Thread 0x000001e04f73b000 nmethod 7449 0x000001e039534690 code [0x000001e039534e60, 0x000001e039539108]
Event: 7.019 Thread 0x000001e04f73b000 7450       3       java.lang.reflect.ProxyGenerator$FieldInfo::write (50 bytes)
Event: 7.021 Thread 0x000001e04f73b000 nmethod 7450 0x000001e03953ac10 code [0x000001e03953af00, 0x000001e03953be38]
Event: 7.021 Thread 0x000001e04f73b000 7451       3       org.gradle.internal.instantiation.generator.AsmBackedClassGenerator$ClassBuilderImpl$LocalMethodVisitorScope::putServiceRegistryOnStack (56 bytes)
Event: 7.022 Thread 0x000001e04f73b000 nmethod 7451 0x000001e03953c390 code [0x000001e03953c620, 0x000001e03953d2f8]
Event: 7.036 Thread 0x000001e0528aa800 nmethod 7172% 0x000001e03ff8e210 code [0x000001e03ff8e6c0, 0x000001e03ff94ce0]
Event: 7.037 Thread 0x000001e0528aa800 7394       4       org.objectweb.asm.ByteVector::putByteArray (49 bytes)
Event: 7.038 Thread 0x000001e0528aa800 nmethod 7394 0x000001e03ff98490 code [0x000001e03ff98620, 0x000001e03ff98778]
Event: 7.038 Thread 0x000001e04f73b000 7452       3       org.gradle.internal.instantiation.generator.AsmBackedClassGenerator$ClassBuilderImpl::access$6100 (4 bytes)
Event: 7.038 Thread 0x000001e0528aa800 7391       4       org.objectweb.asm.Attribute::putAttributes (78 bytes)
Event: 7.038 Thread 0x000001e04f73b000 nmethod 7452 0x000001e03953d790 code [0x000001e03953d940, 0x000001e03953da38]
Event: 7.038 Thread 0x000001e04f73b000 7453       3       org.gradle.internal.instantiation.generator.AsmBackedClassGenerator$ClassBuilderImpl::applyConventionMappingToSetter (15 bytes)
Event: 7.039 Thread 0x000001e04f73b000 nmethod 7453 0x000001e03953db10 code [0x000001e03953dcc0, 0x000001e03953de48]

GC Heap History (16 events):
Event: 0.520 GC heap before
{Heap before GC invocations=0 (full 0):
 garbage-first heap   total 260096K, used 29696K [0x0000000080000000, 0x0000000100000000)
  region size 1024K, 24 young (24576K), 0 survivors (0K)
 Metaspace       used 10105K, capacity 10265K, committed 10368K, reserved 1058816K
  class space    used 1034K, capacity 1108K, committed 1152K, reserved 1048576K
}
Event: 0.523 GC heap after
{Heap after GC invocations=1 (full 0):
 garbage-first heap   total 260096K, used 9478K [0x0000000080000000, 0x0000000100000000)
  region size 1024K, 3 young (3072K), 3 survivors (3072K)
 Metaspace       used 10105K, capacity 10265K, committed 10368K, reserved 1058816K
  class space    used 1034K, capacity 1108K, committed 1152K, reserved 1048576K
}
Event: 1.887 GC heap before
{Heap before GC invocations=1 (full 0):
 garbage-first heap   total 260096K, used 107782K [0x0000000080000000, 0x0000000100000000)
  region size 1024K, 100 young (102400K), 3 survivors (3072K)
 Metaspace       used 20790K, capacity 21193K, committed 21296K, reserved 1069056K
  class space    used 2527K, capacity 2687K, committed 2688K, reserved 1048576K
}
Event: 1.896 GC heap after
{Heap after GC invocations=2 (full 0):
 garbage-first heap   total 260096K, used 17256K [0x0000000080000000, 0x0000000100000000)
  region size 1024K, 11 young (11264K), 11 survivors (11264K)
 Metaspace       used 20790K, capacity 21193K, committed 21296K, reserved 1069056K
  class space    used 2527K, capacity 2687K, committed 2688K, reserved 1048576K
}
Event: 2.156 GC heap before
{Heap before GC invocations=3 (full 0):
 garbage-first heap   total 260096K, used 49000K [0x0000000080000000, 0x0000000100000000)
  region size 1024K, 43 young (44032K), 11 survivors (11264K)
 Metaspace       used 24174K, capacity 24682K, committed 24832K, reserved 1071104K
  class space    used 3080K, capacity 3285K, committed 3328K, reserved 1048576K
}
Event: 2.160 GC heap after
{Heap after GC invocations=4 (full 0):
 garbage-first heap   total 260096K, used 18413K [0x0000000080000000, 0x0000000100000000)
  region size 1024K, 2 young (2048K), 2 survivors (2048K)
 Metaspace       used 24174K, capacity 24682K, committed 24832K, reserved 1071104K
  class space    used 3080K, capacity 3285K, committed 3328K, reserved 1048576K
}
Event: 2.985 GC heap before
{Heap before GC invocations=4 (full 0):
 garbage-first heap   total 260096K, used 108525K [0x0000000080000000, 0x0000000100000000)
  region size 1024K, 91 young (93184K), 2 survivors (2048K)
 Metaspace       used 35008K, capacity 35889K, committed 35968K, reserved 1081344K
  class space    used 4570K, capacity 4921K, committed 4992K, reserved 1048576K
}
Event: 2.992 GC heap after
{Heap after GC invocations=5 (full 0):
 garbage-first heap   total 260096K, used 22315K [0x0000000080000000, 0x0000000100000000)
  region size 1024K, 6 young (6144K), 6 survivors (6144K)
 Metaspace       used 35008K, capacity 35889K, committed 35968K, reserved 1081344K
  class space    used 4570K, capacity 4921K, committed 4992K, reserved 1048576K
}
Event: 3.932 GC heap before
{Heap before GC invocations=6 (full 0):
 garbage-first heap   total 260096K, used 140075K [0x0000000080000000, 0x0000000100000000)
  region size 1024K, 118 young (120832K), 6 survivors (6144K)
 Metaspace       used 45534K, capacity 46715K, committed 46876K, reserved 1089536K
  class space    used 5781K, capacity 6186K, committed 6272K, reserved 1048576K
}
Event: 3.940 GC heap after
{Heap after GC invocations=7 (full 0):
 garbage-first heap   total 260096K, used 30519K [0x0000000080000000, 0x0000000100000000)
  region size 1024K, 14 young (14336K), 14 survivors (14336K)
 Metaspace       used 45534K, capacity 46715K, committed 46876K, reserved 1089536K
  class space    used 5781K, capacity 6186K, committed 6272K, reserved 1048576K
}
Event: 4.746 GC heap before
{Heap before GC invocations=7 (full 0):
 garbage-first heap   total 260096K, used 171831K [0x0000000080000000, 0x0000000100000000)
  region size 1024K, 143 young (146432K), 14 survivors (14336K)
 Metaspace       used 51532K, capacity 52970K, committed 53148K, reserved 1095680K
  class space    used 6540K, capacity 7109K, committed 7168K, reserved 1048576K
}
Event: 4.755 GC heap after
{Heap after GC invocations=8 (full 0):
 garbage-first heap   total 260096K, used 48750K [0x0000000080000000, 0x0000000100000000)
  region size 1024K, 18 young (18432K), 18 survivors (18432K)
 Metaspace       used 51532K, capacity 52970K, committed 53148K, reserved 1095680K
  class space    used 6540K, capacity 7109K, committed 7168K, reserved 1048576K
}
Event: 5.311 GC heap before
{Heap before GC invocations=8 (full 0):
 garbage-first heap   total 260096K, used 103022K [0x0000000080000000, 0x0000000100000000)
  region size 1024K, 72 young (73728K), 18 survivors (18432K)
 Metaspace       used 58907K, capacity 60504K, committed 60572K, reserved 1101824K
  class space    used 7487K, capacity 8148K, committed 8192K, reserved 1048576K
}
Event: 5.323 GC heap after
{Heap after GC invocations=9 (full 0):
 garbage-first heap   total 260096K, used 52199K [0x0000000080000000, 0x0000000100000000)
  region size 1024K, 4 young (4096K), 4 survivors (4096K)
 Metaspace       used 58907K, capacity 60504K, committed 60572K, reserved 1101824K
  class space    used 7487K, capacity 8148K, committed 8192K, reserved 1048576K
}
Event: 6.215 GC heap before
{Heap before GC invocations=10 (full 0):
 garbage-first heap   total 260096K, used 172007K [0x0000000080000000, 0x0000000100000000)
  region size 1024K, 114 young (116736K), 4 survivors (4096K)
 Metaspace       used 68005K, capacity 69723K, committed 69800K, reserved 1110016K
  class space    used 8622K, capacity 9295K, committed 9344K, reserved 1048576K
}
Event: 6.221 GC heap after
{Heap after GC invocations=11 (full 0):
 garbage-first heap   total 260096K, used 59193K [0x0000000080000000, 0x0000000100000000)
  region size 1024K, 11 young (11264K), 11 survivors (11264K)
 Metaspace       used 68005K, capacity 69723K, committed 69800K, reserved 1110016K
  class space    used 8622K, capacity 9295K, committed 9344K, reserved 1048576K
}

Deoptimization events (20 events):
Event: 6.327 Thread 0x000001e050ab7000 Uncommon trap: trap_request=0xfffffff4 fr.pc=0x000001e03ff494f0 relative=0x0000000000000cd0
Event: 6.327 Thread 0x000001e050ab7000 Uncommon trap: reason=null_check action=make_not_entrant pc=0x000001e03ff494f0 method=java.lang.PublicMethods$MethodList.getMostSpecific()Ljava/lang/reflect/Method; @ 41 c2
Event: 6.327 Thread 0x000001e050ab7000 DEOPT PACKING pc=0x000001e03ff494f0 sp=0x000000c2e49f2bd0
Event: 6.327 Thread 0x000001e050ab7000 DEOPT UNPACKING pc=0x000001e0380885af sp=0x000000c2e49f2ab0 mode 2
Event: 6.341 Thread 0x000001e050ab7000 Uncommon trap: trap_request=0xfffffff4 fr.pc=0x000001e03ff45bc4 relative=0x00000000000009a4
Event: 6.341 Thread 0x000001e050ab7000 Uncommon trap: reason=null_check action=make_not_entrant pc=0x000001e03ff45bc4 method=com.sun.beans.introspect.MethodInfo$MethodOrder.compare(Ljava/lang/reflect/Method;Ljava/lang/reflect/Method;)I @ 133 c2
Event: 6.341 Thread 0x000001e050ab7000 DEOPT PACKING pc=0x000001e03ff45bc4 sp=0x000000c2e49f1b50
Event: 6.341 Thread 0x000001e050ab7000 DEOPT UNPACKING pc=0x000001e0380885af sp=0x000000c2e49f1af0 mode 2
Event: 6.386 Thread 0x000001e050ab7000 DEOPT PACKING pc=0x000001e038ab3391 sp=0x000000c2e49f8600
Event: 6.386 Thread 0x000001e050ab7000 DEOPT UNPACKING pc=0x000001e0380c9d0e sp=0x000000c2e49f7ad8 mode 0
Event: 6.685 Thread 0x000001e050ab7000 Uncommon trap: trap_request=0xffffff4d fr.pc=0x000001e03fde9c48 relative=0x0000000000000268
Event: 6.685 Thread 0x000001e050ab7000 Uncommon trap: reason=unstable_if action=reinterpret pc=0x000001e03fde9c48 method=java.io.WinNTFileSystem.prefixLength(Ljava/lang/String;)I @ 11 c2
Event: 6.685 Thread 0x000001e050ab7000 DEOPT PACKING pc=0x000001e03fde9c48 sp=0x000000c2e49f8d30
Event: 6.685 Thread 0x000001e050ab7000 DEOPT UNPACKING pc=0x000001e0380885af sp=0x000000c2e49f8cb0 mode 2
Event: 6.695 Thread 0x000001e050ab7000 DEOPT PACKING pc=0x000001e038bc0f16 sp=0x000000c2e49f8270
Event: 6.695 Thread 0x000001e050ab7000 DEOPT UNPACKING pc=0x000001e0380c9d0e sp=0x000000c2e49f7788 mode 0
Event: 7.018 Thread 0x000001e050ab7000 Uncommon trap: trap_request=0xffffffde fr.pc=0x000001e03fede2fc relative=0x0000000000000edc
Event: 7.018 Thread 0x000001e050ab7000 Uncommon trap: reason=class_check action=maybe_recompile pc=0x000001e03fede2fc method=org.gradle.internal.instantiation.generator.AbstractClassGenerator$InjectionAnnotationValidator.validateMethod(Ljava/lang/reflect/Method;Lorg/gradle/internal/reflect/Pro
Event: 7.018 Thread 0x000001e050ab7000 DEOPT PACKING pc=0x000001e03fede2fc sp=0x000000c2e49f8350
Event: 7.018 Thread 0x000001e050ab7000 DEOPT UNPACKING pc=0x000001e0380885af sp=0x000000c2e49f8308 mode 2

Classes redefined (0 events):
No events

Internal exceptions (20 events):
Event: 6.341 Thread 0x000001e050ab7000 Exception <a 'java/lang/ClassNotFoundException'{0x000000008da783c8}: com/android/builder/core/AbstractBuildTypeBeanInfo> (0x000000008da783c8) thrown at [src/hotspot/share/classfile/systemDictionary.cpp, line 230]
Event: 6.341 Thread 0x000001e050ab7000 Exception <a 'java/lang/ClassNotFoundException'{0x000000008da98698}: com/android/builder/core/AbstractBuildTypeCustomizer> (0x000000008da98698) thrown at [src/hotspot/share/classfile/systemDictionary.cpp, line 230]
Event: 6.341 Thread 0x000001e050ab7000 Implicit null exception at 0x000001e03ff4555a to 0x000001e03ff45bb0
Event: 6.342 Thread 0x000001e050ab7000 Exception <a 'java/lang/ClassNotFoundException'{0x000000008dad53c8}: com/android/build/gradle/internal/dsl/BuildTypeCustomizer> (0x000000008dad53c8) thrown at [src/hotspot/share/classfile/systemDictionary.cpp, line 230]
Event: 6.343 Thread 0x000001e050ab7000 Exception <a 'java/lang/ClassNotFoundException'{0x000000008d971218}: com/android/build/gradle/internal/dsl/BuildType$AgpDecoratedCustomizer> (0x000000008d971218) thrown at [src/hotspot/share/classfile/systemDictionary.cpp, line 230]
Event: 6.345 Thread 0x000001e050ab7000 Exception <a 'java/lang/ClassNotFoundException'{0x000000008d9d7dc0}: com/android/build/gradle/internal/dsl/BuildType$AgpDecorated_DecoratedCustomizer> (0x000000008d9d7dc0) thrown at [src/hotspot/share/classfile/systemDictionary.cpp, line 230]
Event: 6.350 Thread 0x000001e050ab7000 Exception <a 'java/lang/ClassNotFoundException'{0x000000008d8b50d8}: build_do40k9ee6zxf9xpvmxpubj4e2$_run_closure1$_closure5BeanInfo> (0x000000008d8b50d8) thrown at [src/hotspot/share/classfile/systemDictionary.cpp, line 230]
Event: 6.350 Thread 0x000001e050ab7000 Exception <a 'java/lang/ClassNotFoundException'{0x000000008d8c92b8}: build_do40k9ee6zxf9xpvmxpubj4e2$_run_closure1$_closure5Customizer> (0x000000008d8c92b8) thrown at [src/hotspot/share/classfile/systemDictionary.cpp, line 230]
Event: 6.352 Thread 0x000001e050ab7000 Exception <a 'java/lang/ClassNotFoundException'{0x000000008d8f7160}: build_do40k9ee6zxf9xpvmxpubj4e2$_run_closure1BeanInfo> (0x000000008d8f7160) thrown at [src/hotspot/share/classfile/systemDictionary.cpp, line 230]
Event: 6.353 Thread 0x000001e050ab7000 Exception <a 'java/lang/ClassNotFoundException'{0x000000008d70bb08}: build_do40k9ee6zxf9xpvmxpubj4e2$_run_closure1Customizer> (0x000000008d70bb08) thrown at [src/hotspot/share/classfile/systemDictionary.cpp, line 230]
Event: 6.358 Thread 0x000001e050ab7000 Exception <a 'java/lang/ClassNotFoundException'{0x000000008d7741c0}: org/gradle/api/JavaVersionBeanInfo> (0x000000008d7741c0) thrown at [src/hotspot/share/classfile/systemDictionary.cpp, line 230]
Event: 6.358 Thread 0x000001e050ab7000 Exception <a 'java/lang/ClassNotFoundException'{0x000000008d7a5fb8}: org/gradle/api/JavaVersionCustomizer> (0x000000008d7a5fb8) thrown at [src/hotspot/share/classfile/systemDictionary.cpp, line 230]
Event: 6.361 Thread 0x000001e050ab7000 Exception <a 'java/lang/ClassNotFoundException'{0x000000008d616360}: com/android/build/gradle/internal/CompileOptions$AgpDecorated_DecoratedBeanInfo> (0x000000008d616360) thrown at [src/hotspot/share/classfile/systemDictionary.cpp, line 230]
Event: 6.361 Thread 0x000001e050ab7000 Exception <a 'java/lang/ClassNotFoundException'{0x000000008d638650}: com/android/build/gradle/internal/CompileOptions$AgpDecoratedBeanInfo> (0x000000008d638650) thrown at [src/hotspot/share/classfile/systemDictionary.cpp, line 230]
Event: 6.361 Thread 0x000001e050ab7000 Exception <a 'java/lang/ClassNotFoundException'{0x000000008d657ba8}: com/android/build/gradle/internal/CompileOptionsBeanInfo> (0x000000008d657ba8) thrown at [src/hotspot/share/classfile/systemDictionary.cpp, line 230]
Event: 6.362 Thread 0x000001e050ab7000 Exception <a 'java/lang/ClassNotFoundException'{0x000000008d677a88}: com/android/build/gradle/internal/CompileOptionsCustomizer> (0x000000008d677a88) thrown at [src/hotspot/share/classfile/systemDictionary.cpp, line 230]
Event: 6.363 Thread 0x000001e050ab7000 Exception <a 'java/lang/ClassNotFoundException'{0x000000008d6a64a8}: com/android/build/gradle/internal/CompileOptions$AgpDecoratedCustomizer> (0x000000008d6a64a8) thrown at [src/hotspot/share/classfile/systemDictionary.cpp, line 230]
Event: 6.363 Thread 0x000001e050ab7000 Exception <a 'java/lang/ClassNotFoundException'{0x000000008d6d8990}: com/android/build/gradle/internal/CompileOptions$AgpDecorated_DecoratedCustomizer> (0x000000008d6d8990) thrown at [src/hotspot/share/classfile/systemDictionary.cpp, line 230]
Event: 6.366 Thread 0x000001e050ab7000 Exception <a 'java/lang/ClassNotFoundException'{0x000000008d5654b8}: org/jetbrains/kotlin/gradle/plugin/AndroidProjectHandler$configureTarget$kotlinOptions$1BeanInfo> (0x000000008d5654b8) thrown at [src/hotspot/share/classfile/systemDictionary.cpp, line 230]
Event: 6.367 Thread 0x000001e050ab7000 Exception <a 'java/lang/ClassNotFoundException'{0x000000008d58c218}: org/jetbrains/kotlin/gradle/plugin/AndroidProjectHandler$configureTarget$kotlinOptions$1Customizer> (0x000000008d58c218) thrown at [src/hotspot/share/classfile/systemDictionary.cpp, line 230]

Events (20 events):
Event: 7.021 Executing VM operation: CollectForMetadataAllocation
Event: 7.021 Executing VM operation: CollectForMetadataAllocation done
Event: 7.022 loading class com/android/build/gradle/internal/api/BaseVariantImpl
Event: 7.022 loading class com/android/build/gradle/internal/api/BaseVariantImpl done
Event: 7.024 loading class com/android/build/gradle/internal/api/TestVariantImpl
Event: 7.024 loading class com/android/build/gradle/internal/api/TestVariantImpl done
Event: 7.025 loading class com/android/build/gradle/internal/api/ApkVariantImpl
Event: 7.025 loading class com/android/build/gradle/internal/api/ApkVariantImpl done
Event: 7.025 loading class com/android/build/gradle/internal/api/InstallableVariantImpl
Event: 7.025 loading class com/android/build/gradle/internal/api/InstallableVariantImpl done
Event: 7.025 loading class com/android/build/gradle/internal/api/AndroidArtifactVariantImpl
Event: 7.025 loading class com/android/build/gradle/internal/api/AndroidArtifactVariantImpl done
Event: 7.026 loading class com/android/build/gradle/internal/api/ApplicationVariantImpl
Event: 7.026 loading class com/android/build/gradle/internal/api/ApplicationVariantImpl done
Event: 7.027 loading class com/android/build/api/artifact/SingleArtifact$OBFUSCATION_MAPPING_FILE
Event: 7.027 loading class com/android/build/api/artifact/SingleArtifact$OBFUSCATION_MAPPING_FILE done
Event: 7.029 loading class com/android/build/gradle/tasks/ExternalNativeBuildTask
Event: 7.029 loading class com/android/build/gradle/tasks/ExternalNativeBuildTask done
Event: 7.029 loading class com/android/build/gradle/internal/tasks/UnsafeOutputsTask
Event: 7.029 loading class com/android/build/gradle/internal/tasks/UnsafeOutputsTask done


Dynamic libraries:
0x00007ff6c5fd0000 - 0x00007ff6c5fda000 	C:\Program Files\Android\Android Studio\jbr\bin\java.exe
0x00007ffebf710000 - 0x00007ffebf924000 	C:\WINDOWS\SYSTEM32\ntdll.dll
0x00007ffebe0e0000 - 0x00007ffebe1a2000 	C:\WINDOWS\System32\KERNEL32.DLL
0x00007ffebd140000 - 0x00007ffebd4e3000 	C:\WINDOWS\System32\KERNELBASE.dll
0x00007ffebcc60000 - 0x00007ffebcd71000 	C:\WINDOWS\System32\ucrtbase.dll
0x00007ffe90090000 - 0x00007ffe900a7000 	C:\Program Files\Android\Android Studio\jbr\bin\jli.dll
0x00007ffe5bdf0000 - 0x00007ffe5be0b000 	C:\Program Files\Android\Android Studio\jbr\bin\VCRUNTIME140.dll
0x00007ffebd9b0000 - 0x00007ffebdb5b000 	C:\WINDOWS\System32\USER32.dll
0x00007ffebcc30000 - 0x00007ffebcc56000 	C:\WINDOWS\System32\win32u.dll
0x00007ffe9df00000 - 0x00007ffe9e18e000 	C:\WINDOWS\WinSxS\amd64_microsoft.windows.common-controls_6595b64144ccf1df_6.0.22621.1465_none_271271ab738361f1\COMCTL32.dll
0x00007ffebe660000 - 0x00007ffebe689000 	C:\WINDOWS\System32\GDI32.dll
0x00007ffebe1b0000 - 0x00007ffebe257000 	C:\WINDOWS\System32\msvcrt.dll
0x00007ffebcb10000 - 0x00007ffebcc29000 	C:\WINDOWS\System32\gdi32full.dll
0x00007ffebcf70000 - 0x00007ffebd00a000 	C:\WINDOWS\System32\msvcp_win.dll
0x00007ffebf050000 - 0x00007ffebf081000 	C:\WINDOWS\System32\IMM32.DLL
0x00007ffe68540000 - 0x00007ffe6854c000 	C:\Program Files\Android\Android Studio\jbr\bin\vcruntime140_1.dll
0x00007ffe4a6b0000 - 0x00007ffe4a73d000 	C:\Program Files\Android\Android Studio\jbr\bin\msvcp140.dll
0x00007ffe1ea80000 - 0x00007ffe1f63c000 	C:\Program Files\Android\Android Studio\jbr\bin\server\jvm.dll
0x00007ffebdb60000 - 0x00007ffebdc0e000 	C:\WINDOWS\System32\ADVAPI32.dll
0x00007ffebdfa0000 - 0x00007ffebe044000 	C:\WINDOWS\System32\sechost.dll
0x00007ffebd810000 - 0x00007ffebd927000 	C:\WINDOWS\System32\RPCRT4.dll
0x00007ffebe830000 - 0x00007ffebe838000 	C:\WINDOWS\System32\PSAPI.DLL
0x00007ffeaace0000 - 0x00007ffeaace9000 	C:\WINDOWS\SYSTEM32\WSOCK32.dll
0x00007ffeb3c40000 - 0x00007ffeb3c4a000 	C:\WINDOWS\SYSTEM32\VERSION.dll
0x00007ffebd930000 - 0x00007ffebd9a1000 	C:\WINDOWS\System32\WS2_32.dll
0x00007ffeb4270000 - 0x00007ffeb42a4000 	C:\WINDOWS\SYSTEM32\WINMM.dll
0x00007ffebbbc0000 - 0x00007ffebbbd8000 	C:\WINDOWS\SYSTEM32\kernel.appcore.dll
0x00007ffeb1350000 - 0x00007ffeb1360000 	C:\Program Files\Android\Android Studio\jbr\bin\verify.dll
0x00007ffeba6c0000 - 0x00007ffeba8ee000 	C:\WINDOWS\SYSTEM32\DBGHELP.DLL
0x00007ffebdc10000 - 0x00007ffebdf99000 	C:\WINDOWS\System32\combase.dll
0x00007ffebe260000 - 0x00007ffebe337000 	C:\WINDOWS\System32\OLEAUT32.dll
0x00007ffeb1b60000 - 0x00007ffeb1b92000 	C:\WINDOWS\SYSTEM32\dbgcore.DLL
0x00007ffebcef0000 - 0x00007ffebcf6b000 	C:\WINDOWS\System32\bcryptPrimitives.dll
0x00007ffeaa940000 - 0x00007ffeaa968000 	C:\Program Files\Android\Android Studio\jbr\bin\java.dll
0x00007ffeb0f20000 - 0x00007ffeb0f2a000 	C:\Program Files\Android\Android Studio\jbr\bin\jimage.dll
0x00007ffeaa920000 - 0x00007ffeaa938000 	C:\Program Files\Android\Android Studio\jbr\bin\zip.dll
0x00007ffebe840000 - 0x00007ffebf03a000 	C:\WINDOWS\System32\SHELL32.dll
0x00007ffebab20000 - 0x00007ffebb3ee000 	C:\WINDOWS\SYSTEM32\windows.storage.dll
0x00007ffeba900000 - 0x00007ffebaa3e000 	C:\WINDOWS\SYSTEM32\wintypes.dll
0x00007ffebd4f0000 - 0x00007ffebd5e1000 	C:\WINDOWS\System32\SHCORE.dll
0x00007ffebd670000 - 0x00007ffebd6ce000 	C:\WINDOWS\System32\shlwapi.dll
0x00007ffebca40000 - 0x00007ffebca61000 	C:\WINDOWS\SYSTEM32\profapi.dll
0x00007ffea90d0000 - 0x00007ffea90e9000 	C:\Program Files\Android\Android Studio\jbr\bin\net.dll
0x00007ffeb44c0000 - 0x00007ffeb45f7000 	C:\WINDOWS\SYSTEM32\WINHTTP.dll
0x00007ffebc0c0000 - 0x00007ffebc129000 	C:\WINDOWS\system32\mswsock.dll
0x00007ffe94450000 - 0x00007ffe94463000 	C:\Program Files\Android\Android Studio\jbr\bin\nio.dll
0x00007ffe688a0000 - 0x00007ffe688c7000 	C:\Users\ezmem\.gradle\native\e1d6ef7f7dcc3fd88c89a11ec53ec762bb8ba0a96d01ffa2cd45eb1d1d8dd5c5\windows-amd64\native-platform.dll
0x00007ffe540f0000 - 0x00007ffe54234000 	C:\Users\ezmem\.gradle\native\0d407fdbe67a94daf76414ababcb853783967236a71b16ec16e742cd7a986fd3\windows-amd64\native-platform-file-events.dll
0x00007ffeb0c20000 - 0x00007ffeb0c2a000 	C:\Program Files\Android\Android Studio\jbr\bin\management.dll
0x00007ffeb0490000 - 0x00007ffeb049b000 	C:\Program Files\Android\Android Studio\jbr\bin\management_ext.dll
0x00007ffebc320000 - 0x00007ffebc33b000 	C:\WINDOWS\SYSTEM32\CRYPTSP.dll
0x00007ffebbbe0000 - 0x00007ffebbc15000 	C:\WINDOWS\system32\rsaenh.dll
0x00007ffebc1c0000 - 0x00007ffebc1e8000 	C:\WINDOWS\SYSTEM32\USERENV.dll
0x00007ffebc4c0000 - 0x00007ffebc4e8000 	C:\WINDOWS\SYSTEM32\bcrypt.dll
0x00007ffebc340000 - 0x00007ffebc34c000 	C:\WINDOWS\SYSTEM32\CRYPTBASE.dll
0x00007ffebb6c0000 - 0x00007ffebb6ed000 	C:\WINDOWS\SYSTEM32\IPHLPAPI.DLL
0x00007ffebd5f0000 - 0x00007ffebd5f9000 	C:\WINDOWS\System32\NSI.dll
0x00007ffeb4b20000 - 0x00007ffeb4b39000 	C:\WINDOWS\SYSTEM32\dhcpcsvc6.DLL
0x00007ffeb42b0000 - 0x00007ffeb42cf000 	C:\WINDOWS\SYSTEM32\dhcpcsvc.DLL
0x00007ffebb730000 - 0x00007ffebb823000 	C:\WINDOWS\SYSTEM32\DNSAPI.dll

dbghelp: loaded successfully - version: 4.0.5 - missing functions: none
symbol engine: initialized successfully - sym options: 0x614 - pdb path: .;C:\Program Files\Android\Android Studio\jbr\bin;C:\WINDOWS\SYSTEM32;C:\WINDOWS\WinSxS\amd64_microsoft.windows.common-controls_6595b64144ccf1df_6.0.22621.1465_none_271271ab738361f1;C:\Program Files\Android\Android Studio\jbr\bin\server;C:\Users\ezmem\.gradle\native\e1d6ef7f7dcc3fd88c89a11ec53ec762bb8ba0a96d01ffa2cd45eb1d1d8dd5c5\windows-amd64;C:\Users\ezmem\.gradle\native\0d407fdbe67a94daf76414ababcb853783967236a71b16ec16e742cd7a986fd3\windows-amd64

VM Arguments:
jvm_args: --add-opens=java.base/java.util=ALL-UNNAMED --add-opens=java.base/java.lang=ALL-UNNAMED --add-opens=java.base/java.lang.invoke=ALL-UNNAMED --add-opens=java.base/java.util=ALL-UNNAMED --add-opens=java.prefs/java.util.prefs=ALL-UNNAMED --add-opens=java.prefs/java.util.prefs=ALL-UNNAMED --add-opens=java.base/java.nio.charset=ALL-UNNAMED --add-opens=java.base/java.net=ALL-UNNAMED --add-opens=java.base/java.util.concurrent.atomic=ALL-UNNAMED -Xmx2048m -Dfile.encoding=UTF-8 -Duser.country=GB -Duser.language=en -Duser.variant 
java_command: org.gradle.launcher.daemon.bootstrap.GradleDaemon 7.5
java_class_path (initial): C:\Users\ezmem\.gradle\wrapper\dists\gradle-7.5-bin\f1w0cc9nuo0eivz97x2xlu9sv\gradle-7.5\lib\gradle-launcher-7.5.jar
Launcher Type: SUN_STANDARD

[Global flags]
     intx CICompilerCount                          = 4                                         {product} {ergonomic}
     uint ConcGCThreads                            = 3                                         {product} {ergonomic}
     uint G1ConcRefinementThreads                  = 10                                        {product} {ergonomic}
   size_t G1HeapRegionSize                         = 1048576                                   {product} {ergonomic}
    uintx GCDrainStackTargetSize                   = 64                                        {product} {ergonomic}
   size_t InitialHeapSize                          = 266338304                                 {product} {ergonomic}
   size_t MarkStackSize                            = 4194304                                   {product} {ergonomic}
   size_t MaxHeapSize                              = 2147483648                                {product} {command line}
   size_t MaxNewSize                               = 1287651328                                {product} {ergonomic}
   size_t MinHeapDeltaBytes                        = 1048576                                   {product} {ergonomic}
    uintx NonNMethodCodeHeapSize                   = 5836300                                {pd product} {ergonomic}
    uintx NonProfiledCodeHeapSize                  = 122910970                              {pd product} {ergonomic}
    uintx ProfiledCodeHeapSize                     = 122910970                              {pd product} {ergonomic}
    uintx ReservedCodeCacheSize                    = 251658240                              {pd product} {ergonomic}
     bool SegmentedCodeCache                       = true                                      {product} {ergonomic}
     bool UseCompressedClassPointers               = true                                 {lp64_product} {ergonomic}
     bool UseCompressedOops                        = true                                 {lp64_product} {ergonomic}
     bool UseG1GC                                  = true                                      {product} {ergonomic}
     bool UseLargePagesIndividualAllocation        = false                                  {pd product} {ergonomic}

Logging:
Log output configuration:
 #0: stdout all=warning uptime,level,tags
 #1: stderr all=off uptime,level,tags

Environment Variables:
PATH=C:\app\ezmem\product\21c\dbhomeXE\bin;C:\Users\ezmem\Downloads\WINDOWS.X64_213000_db_home\bin;C:\app\ezmem\dbhomeXE\bin;C:\Windows\system32;C:\Windows;C:\Windows\System32\Wbem;C:\Windows\System32\WindowsPowerShell\v1.0\;C:\Windows\System32\OpenSSH\;C:\Program Files (x86)\NVIDIA Corporation\PhysX\Common;C:\Program Files\NVIDIA Corporation\NVIDIA NvDLISR;C:\WINDOWS\system32;C:\WINDOWS;C:\WINDOWS\System32\Wbem;C:\WINDOWS\System32\WindowsPowerShell\v1.0\;C:\WINDOWS\System32\OpenSSH\;C:\Users\ezmem\AppData\Local\Microsoft\WindowsApps;C:\Users\ezmem\AppData\Local\GitHubDesktop\bin;C:\Program Files\Azure Data Studio\bin;C:\Program Files\Azure Data Studio\bin;C:\Users\ezmem\AppData\Local\Programs\Microsoft VS Code\bin;C:\Program Files\Azure Data Studio\bin
USERNAME=ezmem
OS=Windows_NT
PROCESSOR_IDENTIFIER=Intel64 Family 6 Model 141 Stepping 1, GenuineIntel



---------------  S Y S T E M  ---------------

OS: Windows 11 , 64 bit Build 22621 (10.0.22621.1825)
OS uptime: 0 days 23:29 hours

CPU:total 12 (initial active 12) (6 cores per cpu, 2 threads per core) family 6 model 141 stepping 1 microcode 0x3c, cmov, cx8, fxsr, mmx, sse, sse2, sse3, ssse3, sse4.1, sse4.2, popcnt, avx, avx2, aes, clmul, erms, 3dnowpref, lzcnt, ht, tsc, tscinvbit, bmi1, bmi2, adx, evex, sha, fma

Memory: 4k page, system-wide physical 16163M (283M free)
TotalPageFile size 24355M (AvailPageFile size 7M)
current process WorkingSet (physical memory assigned to process): 448M, peak: 451M
current process commit charge ("private bytes"): 534M, peak: 536M

vm_info: OpenJDK 64-Bit Server VM (11.0.15+0-b2043.56-9505619) for windows-amd64 JRE (11.0.15+0-b2043.56-9505619), built on Jan 19 2023 02:48:00 by "builduser" with unknown MS VC++:1929

END.
