#
# There is insufficient memory for the Java Runtime Environment to continue.
# Native memory allocation (mmap) failed to map 266338304 bytes for Failed to commit area from 0x0000000703600000 to 0x0000000713400000 of length 266338304.
# Possible reasons:
#   The system is out of physical RAM or swap space
#   The process is running with CompressedOops enabled, and the Java Heap may be blocking the growth of the native heap
# Possible solutions:
#   Reduce memory load on the system
#   Increase physical memory or swap space
#   Check if swap backing store is full
#   Decrease Java heap size (-Xmx/-Xms)
#   Decrease number of Java threads
#   Decrease Java thread stack sizes (-Xss)
#   Set larger code cache with -XX:ReservedCodeCacheSize=
# This output file may be truncated or incomplete.
#
#  Out of Memory Error (src/hotspot/os/windows/os_windows.cpp:3627), pid=15016, tid=5832
#
# JRE version:  (11.0.15) (build )
# Java VM: OpenJDK 64-Bit Server VM (11.0.15+0-b2043.56-9505619, mixed mode, sharing, tiered, compressed oops, g1 gc, windows-amd64)
# No core dump will be written. Minidumps are not enabled by default on client versions of Windows
#

---------------  S U M M A R Y ------------

Command Line: org.jetbrains.kotlin.cli.jvm.K2JVMCompiler @C:\Users\ezmem\AndroidStudioProjects\FoodAppRecyclerView\app\build\20230605_16866573626839410260.compiler.options

Host: 11th Gen Intel(R) Core(TM) i5-11400H @ 2.70GHz, 12 cores, 15G,  Windows 11 , 64 bit Build 22621 (10.0.22621.1825)
Time: Mon Jun  5 05:01:58 2023 Azerbaijan Standard Time elapsed time: 0.009956 seconds (0d 0h 0m 0s)

---------------  T H R E A D  ---------------

Current thread (0x0000019f6b74e000):  JavaThread "Unknown thread" [_thread_in_vm, id=5832, stack(0x00000092c0a00000,0x00000092c0b00000)]

Stack: [0x00000092c0a00000,0x00000092c0b00000]
Native frames: (J=compiled Java code, j=interpreted, Vv=VM code, C=native code)
V  [jvm.dll+0x64135a]
V  [jvm.dll+0x7d39f9]
V  [jvm.dll+0x7d51b9]
V  [jvm.dll+0x7d58a3]
V  [jvm.dll+0x2691c5]
V  [jvm.dll+0x63e4e9]
V  [jvm.dll+0x632985]
V  [jvm.dll+0x3231ac]
V  [jvm.dll+0x323032]
V  [jvm.dll+0x327c06]
V  [jvm.dll+0x36ffa2]
V  [jvm.dll+0x36fa01]
V  [jvm.dll+0x2fea28]
V  [jvm.dll+0x2ffb25]
V  [jvm.dll+0x7accd7]
V  [jvm.dll+0x7ae49f]
V  [jvm.dll+0x37d299]
V  [jvm.dll+0x78ef9f]
V  [jvm.dll+0x3ec847]
V  [jvm.dll+0x3eed31]
C  [jli.dll+0x52cb]
C  [ucrtbase.dll+0x29363]
C  [KERNEL32.DLL+0x126ad]
C  [ntdll.dll+0x5a9f8]


---------------  P R O C E S S  ---------------

Threads class SMR info:
_java_thread_list=0x0000019f694542b0, length=0, elements={
}

Java Threads: ( => current thread )

Other Threads:
  0x0000019f6b765800 GCTaskThread "GC Thread#0" [stack: 0x00000092c0b00000,0x00000092c0c00000] [id=7132]
  0x0000019f6b7c1800 ConcurrentGCThread "G1 Main Marker" [stack: 0x00000092c0c00000,0x00000092c0d00000] [id=21240]
  0x0000019f6b7c6000 ConcurrentGCThread "G1 Conc#0" [stack: 0x00000092c0d00000,0x00000092c0e00000] [id=8520]

[error occurred during error reporting (printing all threads), id 0xc0000005, EXCEPTION_ACCESS_VIOLATION (0xc0000005) at pc=0x00007ffe1ed8f3e7]

VM state:not at safepoint (not fully initialized)

VM Mutex/Monitor currently owned by a thread:  ([mutex/lock_event])
[0x0000019f6b74b090] Heap_lock - owner thread: 0x0000019f6b74e000

Heap address: 0x0000000703600000, size: 4042 MB, Compressed Oops mode: Non-zero based: 0x0000000703600000
Narrow klass base: 0x0000000000000000, Narrow klass shift: 0

GC Heap History (0 events):
No events

Deoptimization events (0 events):
No events

Classes redefined (0 events):
No events

Internal exceptions (0 events):
No events

Events (1 events):
Event: 0.006 Loaded shared library C:\Program Files\Android\Android Studio\jbr\bin\zip.dll


Dynamic libraries:
0x00007ff6c5fd0000 - 0x00007ff6c5fda000 	C:\Program Files\Android\Android Studio\jbr\bin\java.exe
0x00007ffebf710000 - 0x00007ffebf924000 	C:\WINDOWS\SYSTEM32\ntdll.dll
0x00007ffebe0e0000 - 0x00007ffebe1a2000 	C:\WINDOWS\System32\KERNEL32.DLL
0x00007ffebd140000 - 0x00007ffebd4e3000 	C:\WINDOWS\System32\KERNELBASE.dll
0x00007ffebcc60000 - 0x00007ffebcd71000 	C:\WINDOWS\System32\ucrtbase.dll
0x00007ffe5bdf0000 - 0x00007ffe5be0b000 	C:\Program Files\Android\Android Studio\jbr\bin\VCRUNTIME140.dll
0x00007ffe90090000 - 0x00007ffe900a7000 	C:\Program Files\Android\Android Studio\jbr\bin\jli.dll
0x00007ffebd9b0000 - 0x00007ffebdb5b000 	C:\WINDOWS\System32\USER32.dll
0x00007ffebcc30000 - 0x00007ffebcc56000 	C:\WINDOWS\System32\win32u.dll
0x00007ffe9df00000 - 0x00007ffe9e18e000 	C:\WINDOWS\WinSxS\amd64_microsoft.windows.common-controls_6595b64144ccf1df_6.0.22621.1465_none_271271ab738361f1\COMCTL32.dll
0x00007ffebe660000 - 0x00007ffebe689000 	C:\WINDOWS\System32\GDI32.dll
0x00007ffebe1b0000 - 0x00007ffebe257000 	C:\WINDOWS\System32\msvcrt.dll
0x00007ffebcb10000 - 0x00007ffebcc29000 	C:\WINDOWS\System32\gdi32full.dll
0x00007ffebcf70000 - 0x00007ffebd00a000 	C:\WINDOWS\System32\msvcp_win.dll
0x00007ffebf050000 - 0x00007ffebf081000 	C:\WINDOWS\System32\IMM32.DLL
0x00007ffe68540000 - 0x00007ffe6854c000 	C:\Program Files\Android\Android Studio\jbr\bin\vcruntime140_1.dll
0x00007ffe4a6b0000 - 0x00007ffe4a73d000 	C:\Program Files\Android\Android Studio\jbr\bin\msvcp140.dll
0x00007ffe1ea80000 - 0x00007ffe1f63c000 	C:\Program Files\Android\Android Studio\jbr\bin\server\jvm.dll
0x00007ffebdb60000 - 0x00007ffebdc0e000 	C:\WINDOWS\System32\ADVAPI32.dll
0x00007ffebdfa0000 - 0x00007ffebe044000 	C:\WINDOWS\System32\sechost.dll
0x00007ffebd810000 - 0x00007ffebd927000 	C:\WINDOWS\System32\RPCRT4.dll
0x00007ffebe830000 - 0x00007ffebe838000 	C:\WINDOWS\System32\PSAPI.DLL
0x00007ffeaace0000 - 0x00007ffeaace9000 	C:\WINDOWS\SYSTEM32\WSOCK32.dll
0x00007ffeb4270000 - 0x00007ffeb42a4000 	C:\WINDOWS\SYSTEM32\WINMM.dll
0x00007ffebd930000 - 0x00007ffebd9a1000 	C:\WINDOWS\System32\WS2_32.dll
0x00007ffeb3c40000 - 0x00007ffeb3c4a000 	C:\WINDOWS\SYSTEM32\VERSION.dll
0x00007ffebbbc0000 - 0x00007ffebbbd8000 	C:\WINDOWS\SYSTEM32\kernel.appcore.dll
0x00007ffeb1350000 - 0x00007ffeb1360000 	C:\Program Files\Android\Android Studio\jbr\bin\verify.dll
0x00007ffeba6c0000 - 0x00007ffeba8ee000 	C:\WINDOWS\SYSTEM32\DBGHELP.DLL
0x00007ffebdc10000 - 0x00007ffebdf99000 	C:\WINDOWS\System32\combase.dll
0x00007ffebe260000 - 0x00007ffebe337000 	C:\WINDOWS\System32\OLEAUT32.dll
0x00007ffeb1b60000 - 0x00007ffeb1b92000 	C:\WINDOWS\SYSTEM32\dbgcore.DLL
0x00007ffebcef0000 - 0x00007ffebcf6b000 	C:\WINDOWS\System32\bcryptPrimitives.dll
0x00007ffeaa940000 - 0x00007ffeaa968000 	C:\Program Files\Android\Android Studio\jbr\bin\java.dll
0x00007ffeb0f20000 - 0x00007ffeb0f2a000 	C:\Program Files\Android\Android Studio\jbr\bin\jimage.dll
0x00007ffeaa920000 - 0x00007ffeaa938000 	C:\Program Files\Android\Android Studio\jbr\bin\zip.dll

dbghelp: loaded successfully - version: 4.0.5 - missing functions: none
symbol engine: initialized successfully - sym options: 0x614 - pdb path: .;C:\Program Files\Android\Android Studio\jbr\bin;C:\WINDOWS\SYSTEM32;C:\WINDOWS\WinSxS\amd64_microsoft.windows.common-controls_6595b64144ccf1df_6.0.22621.1465_none_271271ab738361f1;C:\Program Files\Android\Android Studio\jbr\bin\server

VM Arguments:
java_command: org.jetbrains.kotlin.cli.jvm.K2JVMCompiler @C:\Users\ezmem\AndroidStudioProjects\FoodAppRecyclerView\app\build\20230605_16866573626839410260.compiler.options
java_class_path (initial): C:\Users\ezmem\.gradle\caches\modules-2\files-2.1\org.jetbrains.kotlin\kotlin-compiler-embeddable\1.8.0\eb9118d4bcceaa2a94b2ae2a33a4ddba7c9a947f\kotlin-compiler-embeddable-1.8.0.jar;C:\Users\ezmem\.gradle\caches\modules-2\files-2.1\org.jetbrains.kotlin\kotlin-stdlib\1.8.0\1796921c7a3e2e2665a83e6c8d33399336cd39bc\kotlin-stdlib-1.8.0.jar;C:\Users\ezmem\.gradle\caches\modules-2\files-2.1\org.jetbrains.kotlin\kotlin-script-runtime\1.8.0\b2f7e760d283cb339974851c222a4c1d48f2d3d\kotlin-script-runtime-1.8.0.jar;C:\Users\ezmem\.gradle\caches\modules-2\files-2.1\org.jetbrains.kotlin\kotlin-reflect\1.6.10\1cbe9c92c12a94eea200d23c2bbaedaf3daf5132\kotlin-reflect-1.6.10.jar;C:\Users\ezmem\.gradle\caches\modules-2\files-2.1\org.jetbrains.kotlin\kotlin-daemon-embeddable\1.8.0\d255216c551685dc3a7e852b53617f5f01aaaa5c\kotlin-daemon-embeddable-1.8.0.jar;C:\Users\ezmem\.gradle\caches\modules-2\files-2.1\org.jetbrains.intellij.deps\trove4j\1.0.20200330\3afb14d5f9ceb459d724e907a21145e8ff394f02\trove4j-1.0.20200330.jar;C:\Users\ezmem\.gradle\caches\modules-2\files-2.1\net.java.dev.jna\jna\5.6.0\330f2244e9030119ab3030fc3fededc86713d9cc\jna-5.6.0.jar;C:\Users\ezmem\.gradle\caches\modules-2\files-2.1\org.jetbrains.kotlin\kotlin-stdlib-common\1.8.0\f7197e7cc76453ac59f8b0f8d5137cc600becd36\kotlin-stdlib-common-1.8.0.jar;C:\Users\ezmem\.gradle\caches\modules-2\files-2.1\org.jetbrains\annotations\13.0\919f0dfe192fb4e063e7dacadee7f8bb9a2672a9\annotations-13.0.jar
Launcher Type: SUN_STANDARD

[Global flags]
     intx CICompilerCount                          = 4                                         {product} {ergonomic}
     uint ConcGCThreads                            = 3                                         {product} {ergonomic}
     uint G1ConcRefinementThreads                  = 10                                        {product} {ergonomic}
   size_t G1HeapRegionSize                         = 1048576                                   {product} {ergonomic}
    uintx GCDrainStackTargetSize                   = 64                                        {product} {ergonomic}
   size_t InitialHeapSize                          = 266338304                                 {product} {ergonomic}
   size_t MarkStackSize                            = 4194304                                   {product} {ergonomic}
   size_t MaxHeapSize                              = 4238344192                                {product} {ergonomic}
   size_t MinHeapDeltaBytes                        = 1048576                                   {product} {ergonomic}
    uintx NonNMethodCodeHeapSize                   = 5836300                                {pd product} {ergonomic}
    uintx NonProfiledCodeHeapSize                  = 122910970                              {pd product} {ergonomic}
    uintx ProfiledCodeHeapSize                     = 122910970                              {pd product} {ergonomic}
    uintx ReservedCodeCacheSize                    = 251658240                              {pd product} {ergonomic}
     bool SegmentedCodeCache                       = true                                      {product} {ergonomic}
     bool UseCompressedClassPointers               = true                                 {lp64_product} {ergonomic}
     bool UseCompressedOops                        = true                                 {lp64_product} {ergonomic}
     bool UseG1GC                                  = true                                      {product} {ergonomic}
     bool UseLargePagesIndividualAllocation        = false                                  {pd product} {ergonomic}

Logging:
Log output configuration:
 #0: stdout all=warning uptime,level,tags
 #1: stderr all=off uptime,level,tags

Environment Variables:
PATH=C:\app\ezmem\product\21c\dbhomeXE\bin;C:\Users\ezmem\Downloads\WINDOWS.X64_213000_db_home\bin;C:\app\ezmem\dbhomeXE\bin;C:\Windows\system32;C:\Windows;C:\Windows\System32\Wbem;C:\Windows\System32\WindowsPowerShell\v1.0\;C:\Windows\System32\OpenSSH\;C:\Program Files (x86)\NVIDIA Corporation\PhysX\Common;C:\Program Files\NVIDIA Corporation\NVIDIA NvDLISR;C:\WINDOWS\system32;C:\WINDOWS;C:\WINDOWS\System32\Wbem;C:\WINDOWS\System32\WindowsPowerShell\v1.0\;C:\WINDOWS\System32\OpenSSH\;C:\Users\ezmem\AppData\Local\Microsoft\WindowsApps;C:\Users\ezmem\AppData\Local\GitHubDesktop\bin;C:\Program Files\Azure Data Studio\bin;C:\Program Files\Azure Data Studio\bin;C:\Users\ezmem\AppData\Local\Programs\Microsoft VS Code\bin;C:\Program Files\Azure Data Studio\bin
USERNAME=ezmem
OS=Windows_NT
PROCESSOR_IDENTIFIER=Intel64 Family 6 Model 141 Stepping 1, GenuineIntel



---------------  S Y S T E M  ---------------

OS: Windows 11 , 64 bit Build 22621 (10.0.22621.1825)
OS uptime: 1 days 2:28 hours

CPU:total 12 (initial active 12) (6 cores per cpu, 2 threads per core) family 6 model 141 stepping 1 microcode 0x3c, cmov, cx8, fxsr, mmx, sse, sse2, sse3, ssse3, sse4.1, sse4.2, popcnt, avx, avx2, aes, clmul, erms, 3dnowpref, lzcnt, ht, tsc, tscinvbit, bmi1, bmi2, adx, evex, sha, fma

Memory: 4k page, system-wide physical 16163M (346M free)
TotalPageFile size 24355M (AvailPageFile size 130M)
current process WorkingSet (physical memory assigned to process): 11M, peak: 11M
current process commit charge ("private bytes"): 64M, peak: 318M

vm_info: OpenJDK 64-Bit Server VM (11.0.15+0-b2043.56-9505619) for windows-amd64 JRE (11.0.15+0-b2043.56-9505619), built on Jan 19 2023 02:48:00 by "builduser" with unknown MS VC++:1929

END.
