#
# There is insufficient memory for the Java Runtime Environment to continue.
# Native memory allocation (malloc) failed to allocate 1046416 bytes for Chunk::new
# Possible reasons:
#   The system is out of physical RAM or swap space
#   The process is running with CompressedOops enabled, and the Java Heap may be blocking the growth of the native heap
# Possible solutions:
#   Reduce memory load on the system
#   Increase physical memory or swap space
#   Check if swap backing store is full
#   Decrease Java heap size (-Xmx/-Xms)
#   Decrease number of Java threads
#   Decrease Java thread stack sizes (-Xss)
#   Set larger code cache with -XX:ReservedCodeCacheSize=
#   JVM is running with Unscaled Compressed Oops mode in which the Java heap is
#     placed in the first 4GB address space. The Java Heap base address is the
#     maximum limit for the native heap growth. Please use -XX:HeapBaseMinAddress
#     to set the Java Heap base and to place the Java Heap above 4GB virtual address.
# This output file may be truncated or incomplete.
#
#  Out of Memory Error (src/hotspot/share/memory/arena.cpp:197), pid=10016, tid=2612
#
# JRE version: OpenJDK Runtime Environment (11.0.15) (build 11.0.15+0-b2043.56-9505619)
# Java VM: OpenJDK 64-Bit Server VM (11.0.15+0-b2043.56-9505619, mixed mode, tiered, compressed oops, g1 gc, windows-amd64)
# No core dump will be written. Minidumps are not enabled by default on client versions of Windows
#

---------------  S U M M A R Y ------------

Command Line: --add-opens=java.base/java.util=ALL-UNNAMED --add-opens=java.base/java.lang=ALL-UNNAMED --add-opens=java.base/java.lang.invoke=ALL-UNNAMED --add-opens=java.base/java.util=ALL-UNNAMED --add-opens=java.prefs/java.util.prefs=ALL-UNNAMED --add-opens=java.prefs/java.util.prefs=ALL-UNNAMED --add-opens=java.base/java.nio.charset=ALL-UNNAMED --add-opens=java.base/java.net=ALL-UNNAMED --add-opens=java.base/java.util.concurrent.atomic=ALL-UNNAMED -Xmx2048m -Dfile.encoding=UTF-8 -Duser.country=GB -Duser.language=en -Duser.variant org.gradle.launcher.daemon.bootstrap.GradleDaemon 7.5

Host: 11th Gen Intel(R) Core(TM) i5-11400H @ 2.70GHz, 12 cores, 15G,  Windows 11 , 64 bit Build 22621 (10.0.22621.1825)
Time: Mon Jun  5 02:02:09 2023 Azerbaijan Standard Time elapsed time: 6.990191 seconds (0d 0h 0m 6s)

---------------  T H R E A D  ---------------

Current thread (0x00000199c1bd5000):  JavaThread "C2 CompilerThread0" daemon [_thread_in_native, id=2612, stack(0x0000006564500000,0x0000006564600000)]


Current CompileTask:
C2:   6990 7317       4       java.lang.invoke.InvokerBytecodeGenerator::emitImplicitConversion (159 bytes)

Stack: [0x0000006564500000,0x0000006564600000]
Native frames: (J=compiled Java code, j=interpreted, Vv=VM code, C=native code)
V  [jvm.dll+0x64135a]
V  [jvm.dll+0x7d39f9]
V  [jvm.dll+0x7d51b9]
V  [jvm.dll+0x7d58a3]
V  [jvm.dll+0x2691c5]
V  [jvm.dll+0xc1a5c]
V  [jvm.dll+0xc200c]
V  [jvm.dll+0x3774a7]
V  [jvm.dll+0x342495]
V  [jvm.dll+0x34186a]
V  [jvm.dll+0x2214bd]
V  [jvm.dll+0x220498]
V  [jvm.dll+0x19e851]
V  [jvm.dll+0x230479]
V  [jvm.dll+0x22e5ef]
V  [jvm.dll+0x794de1]
V  [jvm.dll+0x78dc24]
V  [jvm.dll+0x6400f6]
C  [ucrtbase.dll+0x29363]
C  [KERNEL32.DLL+0x126ad]
C  [ntdll.dll+0x5a9f8]


---------------  P R O C E S S  ---------------

Threads class SMR info:
_java_thread_list=0x00000199c8eba500, length=168, elements={
0x00000199a6a0f800, 0x00000199c1b70800, 0x00000199c1b72800, 0x00000199c1bce800,
0x00000199c1bd1800, 0x00000199c1bd2800, 0x00000199c1bd5000, 0x00000199c1bd6000,
0x00000199c1bdb800, 0x00000199c1d47800, 0x00000199c2ebb800, 0x00000199c1e1f800,
0x00000199c2476800, 0x00000199c3ed6800, 0x00000199c3727000, 0x00000199c3023800,
0x00000199c45c4800, 0x00000199c3af8000, 0x00000199c3ca2800, 0x00000199c3ca0000,
0x00000199c3c9f000, 0x00000199c3ca3000, 0x00000199c3ca0800, 0x00000199c3f5d000,
0x00000199c3ca1800, 0x00000199c3c9d800, 0x00000199c3ca4000, 0x00000199c3c9e000,
0x00000199c74d7000, 0x00000199c74d8800, 0x00000199c74d5000, 0x00000199c74d4800,
0x00000199c74d6000, 0x00000199c74d7800, 0x00000199c74d9000, 0x00000199c74d3800,
0x00000199c74da000, 0x00000199c74dd800, 0x00000199c74e0000, 0x00000199c74de000,
0x00000199c74db000, 0x00000199c74dc800, 0x00000199c74df000, 0x00000199c74e0800,
0x00000199c74e1800, 0x00000199c74db800, 0x00000199c7079800, 0x00000199c707a000,
0x00000199c7077000, 0x00000199c707d800, 0x00000199c7078800, 0x00000199c707b000,
0x00000199c707c800, 0x00000199c707b800, 0x00000199c7077800, 0x00000199c7080000,
0x00000199c7082800, 0x00000199c7080800, 0x00000199c7083000, 0x00000199c7081800,
0x00000199c7084000, 0x00000199c707f000, 0x00000199c707e000, 0x00000199c7084800,
0x00000199c7085800, 0x00000199c7a4e000, 0x00000199c7a4f800, 0x00000199c7a4b800,
0x00000199c7a4c800, 0x00000199c7a50800, 0x00000199c7a4f000, 0x00000199c7a4a800,
0x00000199c7a53000, 0x00000199c7a51000, 0x00000199c7a52000, 0x00000199c7a4d000,
0x00000199c7a54800, 0x00000199c7a58000, 0x00000199c7a53800, 0x00000199c7a55800,
0x00000199c7a59800, 0x00000199c7a56000, 0x00000199c7a58800, 0x00000199c7a57000,
0x00000199c790c000, 0x00000199c7911000, 0x00000199c790d000, 0x00000199c790b800,
0x00000199c790d800, 0x00000199c7910000, 0x00000199c7912000, 0x00000199c7912800,
0x00000199c7913800, 0x00000199c7914800, 0x00000199c790f800, 0x00000199c790e800,
0x00000199c7915000, 0x00000199c7919000, 0x00000199c791a000, 0x00000199c7916800,
0x00000199c7916000, 0x00000199c7917800, 0x00000199c7918800, 0x00000199c77a4800,
0x00000199c77a3800, 0x00000199c77a7800, 0x00000199c77a2000, 0x00000199c77a3000,
0x00000199c77ab000, 0x00000199c77a8800, 0x00000199c77a9800, 0x00000199c77a5000,
0x00000199c77a7000, 0x00000199c77aa000, 0x00000199c77ac000, 0x00000199c77a6000,
0x00000199c77ad800, 0x00000199c77ae000, 0x00000199c77ac800, 0x00000199c77af000,
0x00000199c77b0000, 0x00000199c77b0800, 0x00000199c778f800, 0x00000199c7789800,
0x00000199c778e800, 0x00000199c7790000, 0x00000199c778a800, 0x00000199c778d800,
0x00000199c778b000, 0x00000199c7791000, 0x00000199c7792000, 0x00000199c778c000,
0x00000199c778d000, 0x00000199c7793800, 0x00000199c7798800, 0x00000199c7794000,
0x00000199c7795000, 0x00000199c7792800, 0x00000199c7796000, 0x00000199c7796800,
0x00000199c7797800, 0x00000199c77b5000, 0x00000199c77b4800, 0x00000199c77b6000,
0x00000199c77b7800, 0x00000199c77b7000, 0x00000199c77b2000, 0x00000199c77b8800,
0x00000199c77b3000, 0x00000199c77b9800, 0x00000199c77b3800, 0x00000199c77bc800,
0x00000199c77bd800, 0x00000199c77be000, 0x00000199c77bf000, 0x00000199c77ba000,
0x00000199c77c0000, 0x00000199c77bb000, 0x00000199c77c0800, 0x00000199c77bc000,
0x00000199c71b3000, 0x00000199c71b4000, 0x00000199c71b6800, 0x00000199c71b0800,
0x00000199c71b5800, 0x00000199c71b4800, 0x00000199c71b1800, 0x00000199c71b7000
}

Java Threads: ( => current thread )
  0x00000199a6a0f800 JavaThread "main" [_thread_blocked, id=21236, stack(0x0000006563900000,0x0000006563a00000)]
  0x00000199c1b70800 JavaThread "Reference Handler" daemon [_thread_blocked, id=20824, stack(0x0000006564000000,0x0000006564100000)]
  0x00000199c1b72800 JavaThread "Finalizer" daemon [_thread_blocked, id=20752, stack(0x0000006564100000,0x0000006564200000)]
  0x00000199c1bce800 JavaThread "Signal Dispatcher" daemon [_thread_blocked, id=17368, stack(0x0000006564200000,0x0000006564300000)]
  0x00000199c1bd1800 JavaThread "Attach Listener" daemon [_thread_blocked, id=10136, stack(0x0000006564300000,0x0000006564400000)]
  0x00000199c1bd2800 JavaThread "Service Thread" daemon [_thread_blocked, id=4220, stack(0x0000006564400000,0x0000006564500000)]
=>0x00000199c1bd5000 JavaThread "C2 CompilerThread0" daemon [_thread_in_native, id=2612, stack(0x0000006564500000,0x0000006564600000)]
  0x00000199c1bd6000 JavaThread "C1 CompilerThread0" daemon [_thread_blocked, id=16592, stack(0x0000006564600000,0x0000006564700000)]
  0x00000199c1bdb800 JavaThread "Sweeper thread" daemon [_thread_blocked, id=19540, stack(0x0000006564700000,0x0000006564800000)]
  0x00000199c1d47800 JavaThread "Common-Cleaner" daemon [_thread_blocked, id=11516, stack(0x0000006564800000,0x0000006564900000)]
  0x00000199c2ebb800 JavaThread "Daemon health stats" [_thread_blocked, id=7952, stack(0x0000006565100000,0x0000006565200000)]
  0x00000199c1e1f800 JavaThread "Incoming local TCP Connector on port 64886" [_thread_in_native, id=7072, stack(0x0000006564a00000,0x0000006564b00000)]
  0x00000199c2476800 JavaThread "Daemon periodic checks" [_thread_blocked, id=21540, stack(0x0000006564b00000,0x0000006564c00000)]
  0x00000199c3ed6800 JavaThread "Daemon" [_thread_blocked, id=12224, stack(0x0000006565200000,0x0000006565300000)]
  0x00000199c3727000 JavaThread "Handler for socket connection from /127.0.0.1:64886 to /127.0.0.1:64887" [_thread_in_native, id=5616, stack(0x0000006565300000,0x0000006565400000)]
  0x00000199c3023800 JavaThread "Cancel handler" [_thread_blocked, id=11320, stack(0x0000006565400000,0x0000006565500000)]
  0x00000199c45c4800 JavaThread "Daemon worker" [_thread_in_vm, id=1768, stack(0x0000006565500000,0x0000006565600000)]
  0x00000199c3af8000 JavaThread "Asynchronous log dispatcher for DefaultDaemonConnection: socket connection from /127.0.0.1:64886 to /127.0.0.1:64887" [_thread_blocked, id=18196, stack(0x0000006565600000,0x0000006565700000)]
  0x00000199c3ca2800 JavaThread "Stdin handler" [_thread_blocked, id=16348, stack(0x0000006565700000,0x0000006565800000)]
  0x00000199c3ca0000 JavaThread "Daemon client event forwarder" [_thread_blocked, id=4988, stack(0x0000006565800000,0x0000006565900000)]
  0x00000199c3c9f000 JavaThread "Cache worker for journal cache (C:\Users\ezmem\.gradle\caches\journal-1)" [_thread_blocked, id=8768, stack(0x0000006565900000,0x0000006565a00000)]
  0x00000199c3ca3000 JavaThread "File lock request listener" [_thread_in_native, id=11856, stack(0x0000006565a00000,0x0000006565b00000)]
  0x00000199c3ca0800 JavaThread "Cache worker for file hash cache (C:\Users\ezmem\.gradle\caches\7.5\fileHashes)" [_thread_blocked, id=10224, stack(0x0000006565b00000,0x0000006565c00000)]
  0x00000199c3f5d000 JavaThread "C2 CompilerThread1" daemon [_thread_in_native, id=3424, stack(0x0000006566200000,0x0000006566300000)]
  0x00000199c3ca1800 JavaThread "File watcher server" daemon [_thread_in_native, id=12392, stack(0x0000006566300000,0x0000006566400000)]
  0x00000199c3c9d800 JavaThread "File watcher consumer" daemon [_thread_blocked, id=5948, stack(0x0000006566400000,0x0000006566500000)]
  0x00000199c3ca4000 JavaThread "Cache worker for checksums cache (C:\Users\ezmem\AndroidStudioProjects\FoodAppRecyclerView\.gradle\7.5\checksums)" [_thread_blocked, id=6396, stack(0x0000006566500000,0x0000006566600000)]
  0x00000199c3c9e000 JavaThread "Cache worker for cache directory md-rule (C:\Users\ezmem\.gradle\caches\7.5\md-rule)" [_thread_blocked, id=6556, stack(0x0000006566600000,0x0000006566700000)]
  0x00000199c74d7000 JavaThread "Cache worker for file content cache (C:\Users\ezmem\.gradle\caches\7.5\fileContent)" [_thread_blocked, id=3980, stack(0x0000006566700000,0x0000006566800000)]
  0x00000199c74d8800 JavaThread "Cache worker for file hash cache (C:\Users\ezmem\AndroidStudioProjects\FoodAppRecyclerView\.gradle\7.5\fileHashes)" [_thread_blocked, id=20492, stack(0x0000006566800000,0x0000006566900000)]
  0x00000199c74d5000 JavaThread "Cache worker for cache directory md-supplier (C:\Users\ezmem\.gradle\caches\7.5\md-supplier)" [_thread_blocked, id=8732, stack(0x0000006566900000,0x0000006566a00000)]
  0x00000199c74d4800 JavaThread "Cache worker for execution history cache (C:\Users\ezmem\.gradle\caches\7.5\executionHistory)" [_thread_blocked, id=22168, stack(0x0000006566a00000,0x0000006566b00000)]
  0x00000199c74d6000 JavaThread "jar transforms" [_thread_blocked, id=16040, stack(0x0000006566b00000,0x0000006566c00000)]
  0x00000199c74d7800 JavaThread "jar transforms Thread 2" [_thread_blocked, id=20672, stack(0x0000006566c00000,0x0000006566d00000)]
  0x00000199c74d9000 JavaThread "jar transforms Thread 3" [_thread_blocked, id=9876, stack(0x0000006566d00000,0x0000006566e00000)]
  0x00000199c74d3800 JavaThread "jar transforms Thread 4" [_thread_blocked, id=7380, stack(0x0000006566e00000,0x0000006566f00000)]
  0x00000199c74da000 JavaThread "Cache worker for dependencies-accessors (C:\Users\ezmem\AndroidStudioProjects\FoodAppRecyclerView\.gradle\7.5\dependencies-accessors)" [_thread_blocked, id=21008, stack(0x0000006566f00000,0x0000006567000000)]
  0x00000199c74dd800 JavaThread "jar transforms Thread 5" [_thread_blocked, id=21408, stack(0x0000006567000000,0x0000006567100000)]
  0x00000199c74e0000 JavaThread "Cache worker for Build Output Cleanup Cache (C:\Users\ezmem\AndroidStudioProjects\FoodAppRecyclerView\.gradle\buildOutputCleanup)" [_thread_blocked, id=21384, stack(0x0000006567100000,0x0000006567200000)]
  0x00000199c74de000 JavaThread "Unconstrained build operations" [_thread_blocked, id=20704, stack(0x0000006567200000,0x0000006567300000)]
  0x00000199c74db000 JavaThread "Unconstrained build operations Thread 2" [_thread_blocked, id=21412, stack(0x0000006567300000,0x0000006567400000)]
  0x00000199c74dc800 JavaThread "Unconstrained build operations Thread 3" [_thread_blocked, id=6500, stack(0x0000006567400000,0x0000006567500000)]
  0x00000199c74df000 JavaThread "Unconstrained build operations Thread 4" [_thread_blocked, id=8648, stack(0x0000006567500000,0x0000006567600000)]
  0x00000199c74e0800 JavaThread "Unconstrained build operations Thread 5" [_thread_blocked, id=22212, stack(0x0000006567600000,0x0000006567700000)]
  0x00000199c74e1800 JavaThread "Unconstrained build operations Thread 6" [_thread_blocked, id=12592, stack(0x0000006567700000,0x0000006567800000)]
  0x00000199c74db800 JavaThread "Unconstrained build operations Thread 7" [_thread_blocked, id=16840, stack(0x0000006567800000,0x0000006567900000)]
  0x00000199c7079800 JavaThread "Unconstrained build operations Thread 8" [_thread_blocked, id=21168, stack(0x0000006567900000,0x0000006567a00000)]
  0x00000199c707a000 JavaThread "Unconstrained build operations Thread 9" [_thread_blocked, id=10680, stack(0x0000006567a00000,0x0000006567b00000)]
  0x00000199c7077000 JavaThread "Unconstrained build operations Thread 10" [_thread_blocked, id=18112, stack(0x0000006567b00000,0x0000006567c00000)]
  0x00000199c707d800 JavaThread "Unconstrained build operations Thread 11" [_thread_blocked, id=20384, stack(0x0000006567c00000,0x0000006567d00000)]
  0x00000199c7078800 JavaThread "Unconstrained build operations Thread 12" [_thread_blocked, id=19924, stack(0x0000006567d00000,0x0000006567e00000)]
  0x00000199c707b000 JavaThread "Unconstrained build operations Thread 13" [_thread_blocked, id=14092, stack(0x0000006567e00000,0x0000006567f00000)]
  0x00000199c707c800 JavaThread "Unconstrained build operations Thread 14" [_thread_blocked, id=21740, stack(0x0000006567f00000,0x0000006568000000)]
  0x00000199c707b800 JavaThread "Unconstrained build operations Thread 15" [_thread_blocked, id=5648, stack(0x0000006568000000,0x0000006568100000)]
  0x00000199c7077800 JavaThread "Unconstrained build operations Thread 16" [_thread_blocked, id=14624, stack(0x0000006568100000,0x0000006568200000)]
  0x00000199c7080000 JavaThread "Unconstrained build operations Thread 17" [_thread_blocked, id=860, stack(0x0000006568200000,0x0000006568300000)]
  0x00000199c7082800 JavaThread "Unconstrained build operations Thread 18" [_thread_blocked, id=20676, stack(0x0000006568300000,0x0000006568400000)]
  0x00000199c7080800 JavaThread "Unconstrained build operations Thread 19" [_thread_blocked, id=18572, stack(0x0000006568400000,0x0000006568500000)]
  0x00000199c7083000 JavaThread "Unconstrained build operations Thread 20" [_thread_blocked, id=18680, stack(0x0000006568500000,0x0000006568600000)]
  0x00000199c7081800 JavaThread "Unconstrained build operations Thread 21" [_thread_blocked, id=848, stack(0x0000006568600000,0x0000006568700000)]
  0x00000199c7084000 JavaThread "Unconstrained build operations Thread 22" [_thread_blocked, id=10760, stack(0x0000006568700000,0x0000006568800000)]
  0x00000199c707f000 JavaThread "Unconstrained build operations Thread 23" [_thread_blocked, id=15380, stack(0x0000006568800000,0x0000006568900000)]
  0x00000199c707e000 JavaThread "Unconstrained build operations Thread 24" [_thread_blocked, id=20304, stack(0x0000006568900000,0x0000006568a00000)]
  0x00000199c7084800 JavaThread "Unconstrained build operations Thread 25" [_thread_blocked, id=22080, stack(0x0000006568a00000,0x0000006568b00000)]
  0x00000199c7085800 JavaThread "Unconstrained build operations Thread 26" [_thread_blocked, id=1492, stack(0x0000006568b00000,0x0000006568c00000)]
  0x00000199c7a4e000 JavaThread "Unconstrained build operations Thread 27" [_thread_blocked, id=10176, stack(0x0000006568c00000,0x0000006568d00000)]
  0x00000199c7a4f800 JavaThread "Unconstrained build operations Thread 28" [_thread_blocked, id=18900, stack(0x0000006568d00000,0x0000006568e00000)]
  0x00000199c7a4b800 JavaThread "Unconstrained build operations Thread 29" [_thread_blocked, id=6648, stack(0x0000006568e00000,0x0000006568f00000)]
  0x00000199c7a4c800 JavaThread "Unconstrained build operations Thread 30" [_thread_blocked, id=20572, stack(0x0000006568f00000,0x0000006569000000)]
  0x00000199c7a50800 JavaThread "Unconstrained build operations Thread 31" [_thread_blocked, id=4272, stack(0x0000006569000000,0x0000006569100000)]
  0x00000199c7a4f000 JavaThread "Unconstrained build operations Thread 32" [_thread_blocked, id=21796, stack(0x0000006569100000,0x0000006569200000)]
  0x00000199c7a4a800 JavaThread "Unconstrained build operations Thread 33" [_thread_blocked, id=19536, stack(0x0000006569200000,0x0000006569300000)]
  0x00000199c7a53000 JavaThread "Unconstrained build operations Thread 34" [_thread_blocked, id=10132, stack(0x0000006569300000,0x0000006569400000)]
  0x00000199c7a51000 JavaThread "Unconstrained build operations Thread 35" [_thread_blocked, id=1968, stack(0x0000006569400000,0x0000006569500000)]
  0x00000199c7a52000 JavaThread "Unconstrained build operations Thread 36" [_thread_blocked, id=7104, stack(0x0000006569500000,0x0000006569600000)]
  0x00000199c7a4d000 JavaThread "Unconstrained build operations Thread 37" [_thread_blocked, id=144, stack(0x0000006569600000,0x0000006569700000)]
  0x00000199c7a54800 JavaThread "Unconstrained build operations Thread 38" [_thread_blocked, id=21652, stack(0x0000006569700000,0x0000006569800000)]
  0x00000199c7a58000 JavaThread "Unconstrained build operations Thread 39" [_thread_blocked, id=16944, stack(0x0000006569800000,0x0000006569900000)]
  0x00000199c7a53800 JavaThread "Unconstrained build operations Thread 40" [_thread_blocked, id=21828, stack(0x0000006569900000,0x0000006569a00000)]
  0x00000199c7a55800 JavaThread "Unconstrained build operations Thread 41" [_thread_blocked, id=21288, stack(0x0000006569a00000,0x0000006569b00000)]
  0x00000199c7a59800 JavaThread "Unconstrained build operations Thread 42" [_thread_blocked, id=10552, stack(0x0000006569b00000,0x0000006569c00000)]
  0x00000199c7a56000 JavaThread "Unconstrained build operations Thread 43" [_thread_blocked, id=21140, stack(0x0000006569c00000,0x0000006569d00000)]
  0x00000199c7a58800 JavaThread "Unconstrained build operations Thread 44" [_thread_blocked, id=22160, stack(0x0000006569d00000,0x0000006569e00000)]
  0x00000199c7a57000 JavaThread "Unconstrained build operations Thread 45" [_thread_blocked, id=10300, stack(0x0000006569e00000,0x0000006569f00000)]
  0x00000199c790c000 JavaThread "Unconstrained build operations Thread 46" [_thread_blocked, id=20788, stack(0x0000006569f00000,0x000000656a000000)]
  0x00000199c7911000 JavaThread "Unconstrained build operations Thread 47" [_thread_blocked, id=9380, stack(0x000000656a000000,0x000000656a100000)]
  0x00000199c790d000 JavaThread "Unconstrained build operations Thread 48" [_thread_blocked, id=8324, stack(0x000000656a100000,0x000000656a200000)]
  0x00000199c790b800 JavaThread "Unconstrained build operations Thread 49" [_thread_blocked, id=9960, stack(0x000000656a200000,0x000000656a300000)]
  0x00000199c790d800 JavaThread "Unconstrained build operations Thread 50" [_thread_blocked, id=8532, stack(0x000000656a300000,0x000000656a400000)]
  0x00000199c7910000 JavaThread "Unconstrained build operations Thread 51" [_thread_blocked, id=20604, stack(0x000000656a400000,0x000000656a500000)]
  0x00000199c7912000 JavaThread "Unconstrained build operations Thread 52" [_thread_blocked, id=6052, stack(0x000000656a500000,0x000000656a600000)]
  0x00000199c7912800 JavaThread "Unconstrained build operations Thread 53" [_thread_blocked, id=17944, stack(0x000000656a600000,0x000000656a700000)]
  0x00000199c7913800 JavaThread "Unconstrained build operations Thread 54" [_thread_blocked, id=22352, stack(0x000000656a700000,0x000000656a800000)]
  0x00000199c7914800 JavaThread "Unconstrained build operations Thread 55" [_thread_blocked, id=10156, stack(0x000000656a800000,0x000000656a900000)]
  0x00000199c790f800 JavaThread "Unconstrained build operations Thread 56" [_thread_blocked, id=1588, stack(0x000000656a900000,0x000000656aa00000)]
  0x00000199c790e800 JavaThread "Unconstrained build operations Thread 57" [_thread_blocked, id=21072, stack(0x000000656aa00000,0x000000656ab00000)]
  0x00000199c7915000 JavaThread "Unconstrained build operations Thread 58" [_thread_blocked, id=20756, stack(0x000000656ab00000,0x000000656ac00000)]
  0x00000199c7919000 JavaThread "Unconstrained build operations Thread 59" [_thread_blocked, id=17992, stack(0x000000656ac00000,0x000000656ad00000)]
  0x00000199c791a000 JavaThread "Unconstrained build operations Thread 60" [_thread_blocked, id=18268, stack(0x000000656ad00000,0x000000656ae00000)]
  0x00000199c7916800 JavaThread "Unconstrained build operations Thread 61" [_thread_blocked, id=6044, stack(0x000000656ae00000,0x000000656af00000)]
  0x00000199c7916000 JavaThread "Unconstrained build operations Thread 62" [_thread_blocked, id=8356, stack(0x000000656af00000,0x000000656b000000)]
  0x00000199c7917800 JavaThread "Unconstrained build operations Thread 63" [_thread_blocked, id=20092, stack(0x000000656b000000,0x000000656b100000)]
  0x00000199c7918800 JavaThread "Unconstrained build operations Thread 64" [_thread_blocked, id=22400, stack(0x000000656b100000,0x000000656b200000)]
  0x00000199c77a4800 JavaThread "Unconstrained build operations Thread 65" [_thread_blocked, id=22488, stack(0x000000656b200000,0x000000656b300000)]
  0x00000199c77a3800 JavaThread "Unconstrained build operations Thread 66" [_thread_blocked, id=14592, stack(0x000000656b300000,0x000000656b400000)]
  0x00000199c77a7800 JavaThread "Unconstrained build operations Thread 67" [_thread_blocked, id=4816, stack(0x000000656b400000,0x000000656b500000)]
  0x00000199c77a2000 JavaThread "Unconstrained build operations Thread 68" [_thread_blocked, id=5448, stack(0x000000656b500000,0x000000656b600000)]
  0x00000199c77a3000 JavaThread "Unconstrained build operations Thread 69" [_thread_blocked, id=14740, stack(0x000000656b600000,0x000000656b700000)]
  0x00000199c77ab000 JavaThread "Unconstrained build operations Thread 70" [_thread_blocked, id=21612, stack(0x000000656b700000,0x000000656b800000)]
  0x00000199c77a8800 JavaThread "Unconstrained build operations Thread 71" [_thread_blocked, id=13944, stack(0x000000656b800000,0x000000656b900000)]
  0x00000199c77a9800 JavaThread "Unconstrained build operations Thread 72" [_thread_blocked, id=11572, stack(0x000000656b900000,0x000000656ba00000)]
  0x00000199c77a5000 JavaThread "Unconstrained build operations Thread 73" [_thread_blocked, id=6628, stack(0x000000656ba00000,0x000000656bb00000)]
  0x00000199c77a7000 JavaThread "Unconstrained build operations Thread 74" [_thread_blocked, id=12192, stack(0x000000656bb00000,0x000000656bc00000)]
  0x00000199c77aa000 JavaThread "Unconstrained build operations Thread 75" [_thread_blocked, id=10216, stack(0x000000656bc00000,0x000000656bd00000)]
  0x00000199c77ac000 JavaThread "Unconstrained build operations Thread 76" [_thread_blocked, id=20052, stack(0x000000656bd00000,0x000000656be00000)]
  0x00000199c77a6000 JavaThread "Unconstrained build operations Thread 77" [_thread_blocked, id=21180, stack(0x000000656be00000,0x000000656bf00000)]
  0x00000199c77ad800 JavaThread "Unconstrained build operations Thread 78" [_thread_blocked, id=21272, stack(0x000000656bf00000,0x000000656c000000)]
  0x00000199c77ae000 JavaThread "Unconstrained build operations Thread 79" [_thread_blocked, id=5312, stack(0x000000656c000000,0x000000656c100000)]
  0x00000199c77ac800 JavaThread "Unconstrained build operations Thread 80" [_thread_blocked, id=6708, stack(0x000000656c100000,0x000000656c200000)]
  0x00000199c77af000 JavaThread "Unconstrained build operations Thread 81" [_thread_blocked, id=21852, stack(0x000000656c200000,0x000000656c300000)]
  0x00000199c77b0000 JavaThread "Unconstrained build operations Thread 82" [_thread_blocked, id=6192, stack(0x000000656c300000,0x000000656c400000)]
  0x00000199c77b0800 JavaThread "Unconstrained build operations Thread 83" [_thread_blocked, id=1964, stack(0x000000656c400000,0x000000656c500000)]
  0x00000199c778f800 JavaThread "Unconstrained build operations Thread 84" [_thread_blocked, id=20708, stack(0x000000656c500000,0x000000656c600000)]
  0x00000199c7789800 JavaThread "Unconstrained build operations Thread 85" [_thread_blocked, id=15800, stack(0x000000656c600000,0x000000656c700000)]
  0x00000199c778e800 JavaThread "Unconstrained build operations Thread 86" [_thread_blocked, id=15856, stack(0x000000656c700000,0x000000656c800000)]
  0x00000199c7790000 JavaThread "Unconstrained build operations Thread 87" [_thread_blocked, id=15284, stack(0x000000656c800000,0x000000656c900000)]
  0x00000199c778a800 JavaThread "Unconstrained build operations Thread 88" [_thread_blocked, id=18532, stack(0x000000656c900000,0x000000656ca00000)]
  0x00000199c778d800 JavaThread "Unconstrained build operations Thread 89" [_thread_blocked, id=13572, stack(0x000000656ca00000,0x000000656cb00000)]
  0x00000199c778b000 JavaThread "Unconstrained build operations Thread 90" [_thread_blocked, id=5960, stack(0x000000656cb00000,0x000000656cc00000)]
  0x00000199c7791000 JavaThread "Unconstrained build operations Thread 91" [_thread_blocked, id=15140, stack(0x000000656cc00000,0x000000656cd00000)]
  0x00000199c7792000 JavaThread "Unconstrained build operations Thread 92" [_thread_blocked, id=16628, stack(0x000000656cd00000,0x000000656ce00000)]
  0x00000199c778c000 JavaThread "Unconstrained build operations Thread 93" [_thread_blocked, id=22016, stack(0x000000656ce00000,0x000000656cf00000)]
  0x00000199c778d000 JavaThread "Unconstrained build operations Thread 94" [_thread_blocked, id=13304, stack(0x000000656cf00000,0x000000656d000000)]
  0x00000199c7793800 JavaThread "Unconstrained build operations Thread 95" [_thread_blocked, id=10468, stack(0x000000656d000000,0x000000656d100000)]
  0x00000199c7798800 JavaThread "Unconstrained build operations Thread 96" [_thread_blocked, id=9920, stack(0x000000656d100000,0x000000656d200000)]
  0x00000199c7794000 JavaThread "Unconstrained build operations Thread 97" [_thread_blocked, id=20352, stack(0x000000656d200000,0x000000656d300000)]
  0x00000199c7795000 JavaThread "Unconstrained build operations Thread 98" [_thread_blocked, id=6924, stack(0x000000656d300000,0x000000656d400000)]
  0x00000199c7792800 JavaThread "Unconstrained build operations Thread 99" [_thread_blocked, id=15048, stack(0x000000656d400000,0x000000656d500000)]
  0x00000199c7796000 JavaThread "Unconstrained build operations Thread 100" [_thread_blocked, id=19680, stack(0x000000656d500000,0x000000656d600000)]
  0x00000199c7796800 JavaThread "Unconstrained build operations Thread 101" [_thread_blocked, id=7668, stack(0x000000656d600000,0x000000656d700000)]
  0x00000199c7797800 JavaThread "Unconstrained build operations Thread 102" [_thread_blocked, id=16508, stack(0x000000656d700000,0x000000656d800000)]
  0x00000199c77b5000 JavaThread "Unconstrained build operations Thread 103" [_thread_blocked, id=3540, stack(0x000000656d800000,0x000000656d900000)]
  0x00000199c77b4800 JavaThread "Unconstrained build operations Thread 104" [_thread_blocked, id=21096, stack(0x000000656d900000,0x000000656da00000)]
  0x00000199c77b6000 JavaThread "Unconstrained build operations Thread 105" [_thread_blocked, id=16492, stack(0x000000656da00000,0x000000656db00000)]
  0x00000199c77b7800 JavaThread "Unconstrained build operations Thread 106" [_thread_blocked, id=18364, stack(0x000000656db00000,0x000000656dc00000)]
  0x00000199c77b7000 JavaThread "Unconstrained build operations Thread 107" [_thread_blocked, id=2812, stack(0x000000656dc00000,0x000000656dd00000)]
  0x00000199c77b2000 JavaThread "Unconstrained build operations Thread 108" [_thread_blocked, id=5040, stack(0x000000656dd00000,0x000000656de00000)]
  0x00000199c77b8800 JavaThread "Unconstrained build operations Thread 109" [_thread_blocked, id=20668, stack(0x000000656de00000,0x000000656df00000)]
  0x00000199c77b3000 JavaThread "Unconstrained build operations Thread 110" [_thread_blocked, id=21940, stack(0x000000656df00000,0x000000656e000000)]
  0x00000199c77b9800 JavaThread "Unconstrained build operations Thread 111" [_thread_blocked, id=22364, stack(0x000000656e000000,0x000000656e100000)]
  0x00000199c77b3800 JavaThread "Unconstrained build operations Thread 112" [_thread_blocked, id=19920, stack(0x000000656e100000,0x000000656e200000)]
  0x00000199c77bc800 JavaThread "Unconstrained build operations Thread 113" [_thread_blocked, id=20800, stack(0x000000656e200000,0x000000656e300000)]
  0x00000199c77bd800 JavaThread "Unconstrained build operations Thread 114" [_thread_blocked, id=21280, stack(0x000000656e300000,0x000000656e400000)]
  0x00000199c77be000 JavaThread "Unconstrained build operations Thread 115" [_thread_blocked, id=18016, stack(0x000000656e400000,0x000000656e500000)]
  0x00000199c77bf000 JavaThread "Unconstrained build operations Thread 116" [_thread_blocked, id=7968, stack(0x000000656e500000,0x000000656e600000)]
  0x00000199c77ba000 JavaThread "Unconstrained build operations Thread 117" [_thread_blocked, id=14664, stack(0x000000656e600000,0x000000656e700000)]
  0x00000199c77c0000 JavaThread "Unconstrained build operations Thread 118" [_thread_blocked, id=17548, stack(0x000000656e700000,0x000000656e800000)]
  0x00000199c77bb000 JavaThread "Unconstrained build operations Thread 119" [_thread_blocked, id=5480, stack(0x000000656e800000,0x000000656e900000)]
  0x00000199c77c0800 JavaThread "Unconstrained build operations Thread 120" [_thread_blocked, id=14508, stack(0x000000656e900000,0x000000656ea00000)]
  0x00000199c77bc000 JavaThread "jar transforms Thread 6" [_thread_blocked, id=7032, stack(0x000000656ea00000,0x000000656eb00000)]
  0x00000199c71b3000 JavaThread "jar transforms Thread 7" [_thread_blocked, id=21576, stack(0x000000656eb00000,0x000000656ec00000)]
  0x00000199c71b4000 JavaThread "jar transforms Thread 8" [_thread_blocked, id=21872, stack(0x000000656ec00000,0x000000656ed00000)]
  0x00000199c71b6800 JavaThread "jar transforms Thread 9" [_thread_blocked, id=18456, stack(0x000000656ed00000,0x000000656ee00000)]
  0x00000199c71b0800 JavaThread "jar transforms Thread 10" [_thread_blocked, id=1708, stack(0x000000656ee00000,0x000000656ef00000)]
  0x00000199c71b5800 JavaThread "jar transforms Thread 11" [_thread_blocked, id=20160, stack(0x000000656ef00000,0x000000656f000000)]
  0x00000199c71b4800 JavaThread "jar transforms Thread 12" [_thread_blocked, id=20508, stack(0x000000656f000000,0x000000656f100000)]
  0x00000199c71b1800 JavaThread "build event listener" [_thread_blocked, id=16192, stack(0x000000656f100000,0x000000656f200000)]
  0x00000199c71b7000 JavaThread "Memory manager" [_thread_blocked, id=12824, stack(0x000000656f200000,0x000000656f300000)]

Other Threads:
  0x00000199c1b6c800 VMThread "VM Thread" [stack: 0x0000006563f00000,0x0000006564000000] [id=3640]
  0x00000199c1d4c000 WatcherThread [stack: 0x0000006564900000,0x0000006564a00000] [id=19600]
  0x00000199a6a28800 GCTaskThread "GC Thread#0" [stack: 0x0000006563a00000,0x0000006563b00000] [id=1248]
  0x00000199c2668000 GCTaskThread "GC Thread#1" [stack: 0x0000006564c00000,0x0000006564d00000] [id=3728]
  0x00000199c275d800 GCTaskThread "GC Thread#2" [stack: 0x0000006564d00000,0x0000006564e00000] [id=3604]
  0x00000199c2b7a800 GCTaskThread "GC Thread#3" [stack: 0x0000006564e00000,0x0000006564f00000] [id=3144]
  0x00000199c2fb0800 GCTaskThread "GC Thread#4" [stack: 0x0000006564f00000,0x0000006565000000] [id=7632]
  0x00000199c2a05000 GCTaskThread "GC Thread#5" [stack: 0x0000006565000000,0x0000006565100000] [id=21472]
  0x00000199c403a800 GCTaskThread "GC Thread#6" [stack: 0x0000006565c00000,0x0000006565d00000] [id=6672]
  0x00000199c4493800 GCTaskThread "GC Thread#7" [stack: 0x0000006565d00000,0x0000006565e00000] [id=22008]
  0x00000199c3bab800 GCTaskThread "GC Thread#8" [stack: 0x0000006565e00000,0x0000006565f00000] [id=19828]
  0x00000199c4469800 GCTaskThread "GC Thread#9" [stack: 0x0000006565f00000,0x0000006566000000] [id=19520]
  0x00000199a6a5a800 ConcurrentGCThread "G1 Main Marker" [stack: 0x0000006563b00000,0x0000006563c00000] [id=20048]
  0x00000199a6a5b800 ConcurrentGCThread "G1 Conc#0" [stack: 0x0000006563c00000,0x0000006563d00000] [id=14908]
  0x00000199c5261800 ConcurrentGCThread "G1 Conc#1" [stack: 0x0000006566000000,0x0000006566100000] [id=22188]
  0x00000199c3732800 ConcurrentGCThread "G1 Conc#2" [stack: 0x0000006566100000,0x0000006566200000] [id=7244]
  0x00000199a6ade000 ConcurrentGCThread "G1 Refine#0" [stack: 0x0000006563d00000,0x0000006563e00000] [id=20512]
  0x00000199c11b7000 ConcurrentGCThread "G1 Young RemSet Sampling" [stack: 0x0000006563e00000,0x0000006563f00000] [id=18976]

Threads with active compile tasks:
C2 CompilerThread0     7011 7317       4       java.lang.invoke.InvokerBytecodeGenerator::emitImplicitConversion (159 bytes)
C2 CompilerThread1     7011 7133 %     4       org.gradle.internal.instantiation.generator.AbstractClassGenerator::inspectType @ 250 (560 bytes)

VM state:not at safepoint (normal execution)

VM Mutex/Monitor currently owned by a thread: None

Heap address: 0x0000000080000000, size: 2048 MB, Compressed Oops mode: 32-bit
Narrow klass base: 0x0000000000000000, Narrow klass shift: 3
Compressed class space size: 1073741824 Address: 0x0000000100000000

Heap:
 garbage-first heap   total 260096K, used 150071K [0x0000000080000000, 0x0000000100000000)
  region size 1024K, 100 young (102400K), 10 survivors (10240K)
 Metaspace       used 73371K, capacity 75232K, committed 75420K, reserved 1114112K
  class space    used 9532K, capacity 10234K, committed 10240K, reserved 1048576K
Heap Regions: E=young(eden), S=young(survivor), O=old, HS=humongous(starts), HC=humongous(continues), CS=collection set, F=free, A=archive, TAMS=top-at-mark-start (previous, next)
|   0|0x0000000080000000, 0x0000000080100000, 0x0000000080100000|100%| O|  |TAMS 0x0000000080100000, 0x0000000080000000| Untracked 
|   1|0x0000000080100000, 0x0000000080200000, 0x0000000080200000|100%| O|  |TAMS 0x0000000080200000, 0x0000000080100000| Untracked 
|   2|0x0000000080200000, 0x0000000080300000, 0x0000000080300000|100%| O|  |TAMS 0x0000000080300000, 0x0000000080200000| Untracked 
|   3|0x0000000080300000, 0x0000000080400000, 0x0000000080400000|100%|HS|  |TAMS 0x0000000080400000, 0x0000000080300000| Complete 
|   4|0x0000000080400000, 0x0000000080500000, 0x0000000080500000|100%|HC|  |TAMS 0x0000000080500000, 0x0000000080400000| Complete 
|   5|0x0000000080500000, 0x0000000080600000, 0x0000000080600000|100%|HC|  |TAMS 0x0000000080600000, 0x0000000080500000| Complete 
|   6|0x0000000080600000, 0x0000000080700000, 0x0000000080700000|100%| O|  |TAMS 0x0000000080700000, 0x0000000080600000| Untracked 
|   7|0x0000000080700000, 0x0000000080800000, 0x0000000080800000|100%| O|  |TAMS 0x0000000080800000, 0x0000000080700000| Untracked 
|   8|0x0000000080800000, 0x0000000080900000, 0x0000000080900000|100%| O|  |TAMS 0x0000000080900000, 0x0000000080800000| Untracked 
|   9|0x0000000080900000, 0x0000000080a00000, 0x0000000080a00000|100%| O|  |TAMS 0x0000000080a00000, 0x0000000080900000| Untracked 
|  10|0x0000000080a00000, 0x0000000080b00000, 0x0000000080b00000|100%| O|  |TAMS 0x0000000080b00000, 0x0000000080a00000| Untracked 
|  11|0x0000000080b00000, 0x0000000080c00000, 0x0000000080c00000|100%| O|  |TAMS 0x0000000080c00000, 0x0000000080b00000| Untracked 
|  12|0x0000000080c00000, 0x0000000080d00000, 0x0000000080d00000|100%| O|  |TAMS 0x0000000080d00000, 0x0000000080c00000| Untracked 
|  13|0x0000000080d00000, 0x0000000080e00000, 0x0000000080e00000|100%| O|  |TAMS 0x0000000080e00000, 0x0000000080d00000| Untracked 
|  14|0x0000000080e00000, 0x0000000080f00000, 0x0000000080f00000|100%| O|  |TAMS 0x0000000080f00000, 0x0000000080e00000| Untracked 
|  15|0x0000000080f00000, 0x0000000081000000, 0x0000000081000000|100%| O|  |TAMS 0x0000000081000000, 0x0000000080f00000| Untracked 
|  16|0x0000000081000000, 0x0000000081100000, 0x0000000081100000|100%| O|  |TAMS 0x0000000081100000, 0x0000000081000000| Untracked 
|  17|0x0000000081100000, 0x0000000081200000, 0x0000000081200000|100%|HS|  |TAMS 0x0000000081200000, 0x0000000081100000| Complete 
|  18|0x0000000081200000, 0x0000000081300000, 0x0000000081300000|100%|HS|  |TAMS 0x0000000081300000, 0x0000000081200000| Complete 
|  19|0x0000000081300000, 0x0000000081400000, 0x0000000081400000|100%|HS|  |TAMS 0x0000000081400000, 0x0000000081300000| Complete 
|  20|0x0000000081400000, 0x0000000081500000, 0x0000000081500000|100%|HC|  |TAMS 0x0000000081500000, 0x0000000081400000| Complete 
|  21|0x0000000081500000, 0x0000000081600000, 0x0000000081600000|100%|HS|  |TAMS 0x0000000081600000, 0x0000000081500000| Complete 
|  22|0x0000000081600000, 0x0000000081700000, 0x0000000081700000|100%|HC|  |TAMS 0x0000000081700000, 0x0000000081600000| Complete 
|  23|0x0000000081700000, 0x0000000081800000, 0x0000000081800000|100%|HC|  |TAMS 0x0000000081800000, 0x0000000081700000| Complete 
|  24|0x0000000081800000, 0x0000000081900000, 0x0000000081900000|100%|HC|  |TAMS 0x0000000081900000, 0x0000000081800000| Complete 
|  25|0x0000000081900000, 0x0000000081a00000, 0x0000000081a00000|100%| O|  |TAMS 0x0000000081a00000, 0x0000000081900000| Untracked 
|  26|0x0000000081a00000, 0x0000000081b00000, 0x0000000081b00000|100%| O|  |TAMS 0x0000000081b00000, 0x0000000081a00000| Untracked 
|  27|0x0000000081b00000, 0x0000000081c00000, 0x0000000081c00000|100%| O|  |TAMS 0x0000000081c00000, 0x0000000081b00000| Untracked 
|  28|0x0000000081c00000, 0x0000000081d00000, 0x0000000081d00000|100%| O|  |TAMS 0x0000000081d00000, 0x0000000081c00000| Untracked 
|  29|0x0000000081d00000, 0x0000000081e00000, 0x0000000081e00000|100%| O|  |TAMS 0x0000000081e00000, 0x0000000081d00000| Untracked 
|  30|0x0000000081e00000, 0x0000000081f00000, 0x0000000081f00000|100%| O|  |TAMS 0x0000000081f00000, 0x0000000081e00000| Untracked 
|  31|0x0000000081f00000, 0x0000000082000000, 0x0000000082000000|100%| O|  |TAMS 0x0000000082000000, 0x0000000081f00000| Untracked 
|  32|0x0000000082000000, 0x0000000082100000, 0x0000000082100000|100%| O|  |TAMS 0x0000000082100000, 0x0000000082000000| Untracked 
|  33|0x0000000082100000, 0x0000000082200000, 0x0000000082200000|100%| O|  |TAMS 0x0000000082200000, 0x0000000082100000| Untracked 
|  34|0x0000000082200000, 0x0000000082300000, 0x0000000082300000|100%| O|  |TAMS 0x0000000082300000, 0x0000000082200000| Untracked 
|  35|0x0000000082300000, 0x0000000082400000, 0x0000000082400000|100%| O|  |TAMS 0x0000000082400000, 0x0000000082300000| Untracked 
|  36|0x0000000082400000, 0x0000000082500000, 0x0000000082500000|100%| O|  |TAMS 0x0000000082500000, 0x0000000082400000| Untracked 
|  37|0x0000000082500000, 0x0000000082600000, 0x0000000082600000|100%| O|  |TAMS 0x0000000082600000, 0x0000000082500000| Untracked 
|  38|0x0000000082600000, 0x0000000082700000, 0x0000000082700000|100%| O|  |TAMS 0x0000000082700000, 0x0000000082600000| Untracked 
|  39|0x0000000082700000, 0x0000000082800000, 0x0000000082800000|100%| O|  |TAMS 0x0000000082800000, 0x0000000082700000| Untracked 
|  40|0x0000000082800000, 0x0000000082900000, 0x0000000082900000|100%| O|  |TAMS 0x0000000082900000, 0x0000000082800000| Untracked 
|  41|0x0000000082900000, 0x0000000082a00000, 0x0000000082a00000|100%| O|  |TAMS 0x0000000082a00000, 0x0000000082900000| Untracked 
|  42|0x0000000082a00000, 0x0000000082b00000, 0x0000000082b00000|100%| O|  |TAMS 0x0000000082b00000, 0x0000000082a00000| Untracked 
|  43|0x0000000082b00000, 0x0000000082c00000, 0x0000000082c00000|100%| O|  |TAMS 0x0000000082c00000, 0x0000000082b00000| Untracked 
|  44|0x0000000082c00000, 0x0000000082d00000, 0x0000000082d00000|100%| O|  |TAMS 0x0000000082d00000, 0x0000000082c00000| Untracked 
|  45|0x0000000082d00000, 0x0000000082e00000, 0x0000000082e00000|100%| O|  |TAMS 0x0000000082e00000, 0x0000000082d00000| Untracked 
|  46|0x0000000082e00000, 0x0000000082f00000, 0x0000000082f00000|100%| O|  |TAMS 0x0000000082f00000, 0x0000000082e00000| Untracked 
|  47|0x0000000082f00000, 0x0000000082f9fa00, 0x0000000083000000| 62%| O|  |TAMS 0x0000000082f9fa00, 0x0000000082f00000| Untracked 
|  48|0x0000000083000000, 0x0000000083000000, 0x0000000083100000|  0%| F|  |TAMS 0x0000000083000000, 0x0000000083000000| Untracked 
|  49|0x0000000083100000, 0x0000000083100000, 0x0000000083200000|  0%| F|  |TAMS 0x0000000083100000, 0x0000000083100000| Untracked 
|  50|0x0000000083200000, 0x0000000083200000, 0x0000000083300000|  0%| F|  |TAMS 0x0000000083200000, 0x0000000083200000| Untracked 
|  51|0x0000000083300000, 0x0000000083300000, 0x0000000083400000|  0%| F|  |TAMS 0x0000000083300000, 0x0000000083300000| Untracked 
|  52|0x0000000083400000, 0x0000000083400000, 0x0000000083500000|  0%| F|  |TAMS 0x0000000083400000, 0x0000000083400000| Untracked 
|  53|0x0000000083500000, 0x0000000083500000, 0x0000000083600000|  0%| F|  |TAMS 0x0000000083500000, 0x0000000083500000| Untracked 
|  54|0x0000000083600000, 0x0000000083600000, 0x0000000083700000|  0%| F|  |TAMS 0x0000000083600000, 0x0000000083600000| Untracked 
|  55|0x0000000083700000, 0x0000000083700000, 0x0000000083800000|  0%| F|  |TAMS 0x0000000083700000, 0x0000000083700000| Untracked 
|  56|0x0000000083800000, 0x0000000083800000, 0x0000000083900000|  0%| F|  |TAMS 0x0000000083800000, 0x0000000083800000| Untracked 
|  57|0x0000000083900000, 0x0000000083900000, 0x0000000083a00000|  0%| F|  |TAMS 0x0000000083900000, 0x0000000083900000| Untracked 
|  58|0x0000000083a00000, 0x0000000083a00000, 0x0000000083b00000|  0%| F|  |TAMS 0x0000000083a00000, 0x0000000083a00000| Untracked 
|  59|0x0000000083b00000, 0x0000000083b00000, 0x0000000083c00000|  0%| F|  |TAMS 0x0000000083b00000, 0x0000000083b00000| Untracked 
|  60|0x0000000083c00000, 0x0000000083c00000, 0x0000000083d00000|  0%| F|  |TAMS 0x0000000083c00000, 0x0000000083c00000| Untracked 
|  61|0x0000000083d00000, 0x0000000083d00000, 0x0000000083e00000|  0%| F|  |TAMS 0x0000000083d00000, 0x0000000083d00000| Untracked 
|  62|0x0000000083e00000, 0x0000000083e00000, 0x0000000083f00000|  0%| F|  |TAMS 0x0000000083e00000, 0x0000000083e00000| Untracked 
|  63|0x0000000083f00000, 0x0000000083f00000, 0x0000000084000000|  0%| F|  |TAMS 0x0000000083f00000, 0x0000000083f00000| Untracked 
|  64|0x0000000084000000, 0x0000000084000000, 0x0000000084100000|  0%| F|  |TAMS 0x0000000084000000, 0x0000000084000000| Untracked 
|  65|0x0000000084100000, 0x0000000084100000, 0x0000000084200000|  0%| F|  |TAMS 0x0000000084100000, 0x0000000084100000| Untracked 
|  66|0x0000000084200000, 0x0000000084200000, 0x0000000084300000|  0%| F|  |TAMS 0x0000000084200000, 0x0000000084200000| Untracked 
|  67|0x0000000084300000, 0x0000000084300000, 0x0000000084400000|  0%| F|  |TAMS 0x0000000084300000, 0x0000000084300000| Untracked 
|  68|0x0000000084400000, 0x0000000084400000, 0x0000000084500000|  0%| F|  |TAMS 0x0000000084400000, 0x0000000084400000| Untracked 
|  69|0x0000000084500000, 0x0000000084500000, 0x0000000084600000|  0%| F|  |TAMS 0x0000000084500000, 0x0000000084500000| Untracked 
|  70|0x0000000084600000, 0x0000000084600000, 0x0000000084700000|  0%| F|  |TAMS 0x0000000084600000, 0x0000000084600000| Untracked 
|  71|0x0000000084700000, 0x0000000084700000, 0x0000000084800000|  0%| F|  |TAMS 0x0000000084700000, 0x0000000084700000| Untracked 
|  72|0x0000000084800000, 0x0000000084800000, 0x0000000084900000|  0%| F|  |TAMS 0x0000000084800000, 0x0000000084800000| Untracked 
|  73|0x0000000084900000, 0x0000000084900000, 0x0000000084a00000|  0%| F|  |TAMS 0x0000000084900000, 0x0000000084900000| Untracked 
|  74|0x0000000084a00000, 0x0000000084a00000, 0x0000000084b00000|  0%| F|  |TAMS 0x0000000084a00000, 0x0000000084a00000| Untracked 
|  75|0x0000000084b00000, 0x0000000084b00000, 0x0000000084c00000|  0%| F|  |TAMS 0x0000000084b00000, 0x0000000084b00000| Untracked 
|  76|0x0000000084c00000, 0x0000000084c00000, 0x0000000084d00000|  0%| F|  |TAMS 0x0000000084c00000, 0x0000000084c00000| Untracked 
|  77|0x0000000084d00000, 0x0000000084d00000, 0x0000000084e00000|  0%| F|  |TAMS 0x0000000084d00000, 0x0000000084d00000| Untracked 
|  78|0x0000000084e00000, 0x0000000084e00000, 0x0000000084f00000|  0%| F|  |TAMS 0x0000000084e00000, 0x0000000084e00000| Untracked 
|  79|0x0000000084f00000, 0x0000000084f00000, 0x0000000085000000|  0%| F|  |TAMS 0x0000000084f00000, 0x0000000084f00000| Untracked 
|  80|0x0000000085000000, 0x0000000085000000, 0x0000000085100000|  0%| F|  |TAMS 0x0000000085000000, 0x0000000085000000| Untracked 
|  81|0x0000000085100000, 0x0000000085100000, 0x0000000085200000|  0%| F|  |TAMS 0x0000000085100000, 0x0000000085100000| Untracked 
|  82|0x0000000085200000, 0x0000000085200000, 0x0000000085300000|  0%| F|  |TAMS 0x0000000085200000, 0x0000000085200000| Untracked 
|  83|0x0000000085300000, 0x0000000085300000, 0x0000000085400000|  0%| F|  |TAMS 0x0000000085300000, 0x0000000085300000| Untracked 
|  84|0x0000000085400000, 0x0000000085400000, 0x0000000085500000|  0%| F|  |TAMS 0x0000000085400000, 0x0000000085400000| Untracked 
|  85|0x0000000085500000, 0x0000000085500000, 0x0000000085600000|  0%| F|  |TAMS 0x0000000085500000, 0x0000000085500000| Untracked 
|  86|0x0000000085600000, 0x0000000085600000, 0x0000000085700000|  0%| F|  |TAMS 0x0000000085600000, 0x0000000085600000| Untracked 
|  87|0x0000000085700000, 0x0000000085700000, 0x0000000085800000|  0%| F|  |TAMS 0x0000000085700000, 0x0000000085700000| Untracked 
|  88|0x0000000085800000, 0x0000000085800000, 0x0000000085900000|  0%| F|  |TAMS 0x0000000085800000, 0x0000000085800000| Untracked 
|  89|0x0000000085900000, 0x0000000085900000, 0x0000000085a00000|  0%| F|  |TAMS 0x0000000085900000, 0x0000000085900000| Untracked 
|  90|0x0000000085a00000, 0x0000000085a00000, 0x0000000085b00000|  0%| F|  |TAMS 0x0000000085a00000, 0x0000000085a00000| Untracked 
|  91|0x0000000085b00000, 0x0000000085b00000, 0x0000000085c00000|  0%| F|  |TAMS 0x0000000085b00000, 0x0000000085b00000| Untracked 
|  92|0x0000000085c00000, 0x0000000085c00000, 0x0000000085d00000|  0%| F|  |TAMS 0x0000000085c00000, 0x0000000085c00000| Untracked 
|  93|0x0000000085d00000, 0x0000000085d00000, 0x0000000085e00000|  0%| F|  |TAMS 0x0000000085d00000, 0x0000000085d00000| Untracked 
|  94|0x0000000085e00000, 0x0000000085e00000, 0x0000000085f00000|  0%| F|  |TAMS 0x0000000085e00000, 0x0000000085e00000| Untracked 
|  95|0x0000000085f00000, 0x0000000085f00000, 0x0000000086000000|  0%| F|  |TAMS 0x0000000085f00000, 0x0000000085f00000| Untracked 
|  96|0x0000000086000000, 0x0000000086000000, 0x0000000086100000|  0%| F|  |TAMS 0x0000000086000000, 0x0000000086000000| Untracked 
|  97|0x0000000086100000, 0x0000000086100000, 0x0000000086200000|  0%| F|  |TAMS 0x0000000086100000, 0x0000000086100000| Untracked 
|  98|0x0000000086200000, 0x0000000086200000, 0x0000000086300000|  0%| F|  |TAMS 0x0000000086200000, 0x0000000086200000| Untracked 
|  99|0x0000000086300000, 0x0000000086300000, 0x0000000086400000|  0%| F|  |TAMS 0x0000000086300000, 0x0000000086300000| Untracked 
| 100|0x0000000086400000, 0x0000000086400000, 0x0000000086500000|  0%| F|  |TAMS 0x0000000086400000, 0x0000000086400000| Untracked 
| 101|0x0000000086500000, 0x0000000086500000, 0x0000000086600000|  0%| F|  |TAMS 0x0000000086500000, 0x0000000086500000| Untracked 
| 102|0x0000000086600000, 0x0000000086600000, 0x0000000086700000|  0%| F|  |TAMS 0x0000000086600000, 0x0000000086600000| Untracked 
| 103|0x0000000086700000, 0x0000000086700000, 0x0000000086800000|  0%| F|  |TAMS 0x0000000086700000, 0x0000000086700000| Untracked 
| 104|0x0000000086800000, 0x0000000086800000, 0x0000000086900000|  0%| F|  |TAMS 0x0000000086800000, 0x0000000086800000| Untracked 
| 105|0x0000000086900000, 0x0000000086900000, 0x0000000086a00000|  0%| F|  |TAMS 0x0000000086900000, 0x0000000086900000| Untracked 
| 106|0x0000000086a00000, 0x0000000086a00000, 0x0000000086b00000|  0%| F|  |TAMS 0x0000000086a00000, 0x0000000086a00000| Untracked 
| 107|0x0000000086b00000, 0x0000000086b00000, 0x0000000086c00000|  0%| F|  |TAMS 0x0000000086b00000, 0x0000000086b00000| Untracked 
| 108|0x0000000086c00000, 0x0000000086c00000, 0x0000000086d00000|  0%| F|  |TAMS 0x0000000086c00000, 0x0000000086c00000| Untracked 
| 109|0x0000000086d00000, 0x0000000086d00000, 0x0000000086e00000|  0%| F|  |TAMS 0x0000000086d00000, 0x0000000086d00000| Untracked 
| 110|0x0000000086e00000, 0x0000000086e00000, 0x0000000086f00000|  0%| F|  |TAMS 0x0000000086e00000, 0x0000000086e00000| Untracked 
| 111|0x0000000086f00000, 0x0000000086f00000, 0x0000000087000000|  0%| F|  |TAMS 0x0000000086f00000, 0x0000000086f00000| Untracked 
| 112|0x0000000087000000, 0x0000000087000000, 0x0000000087100000|  0%| F|  |TAMS 0x0000000087000000, 0x0000000087000000| Untracked 
| 113|0x0000000087100000, 0x0000000087100000, 0x0000000087200000|  0%| F|  |TAMS 0x0000000087100000, 0x0000000087100000| Untracked 
| 114|0x0000000087200000, 0x0000000087200000, 0x0000000087300000|  0%| F|  |TAMS 0x0000000087200000, 0x0000000087200000| Untracked 
| 115|0x0000000087300000, 0x0000000087300000, 0x0000000087400000|  0%| F|  |TAMS 0x0000000087300000, 0x0000000087300000| Untracked 
| 116|0x0000000087400000, 0x0000000087400000, 0x0000000087500000|  0%| F|  |TAMS 0x0000000087400000, 0x0000000087400000| Untracked 
| 117|0x0000000087500000, 0x0000000087500000, 0x0000000087600000|  0%| F|  |TAMS 0x0000000087500000, 0x0000000087500000| Untracked 
| 118|0x0000000087600000, 0x0000000087600000, 0x0000000087700000|  0%| F|  |TAMS 0x0000000087600000, 0x0000000087600000| Untracked 
| 119|0x0000000087700000, 0x0000000087700000, 0x0000000087800000|  0%| F|  |TAMS 0x0000000087700000, 0x0000000087700000| Untracked 
| 120|0x0000000087800000, 0x0000000087800000, 0x0000000087900000|  0%| F|  |TAMS 0x0000000087800000, 0x0000000087800000| Untracked 
| 121|0x0000000087900000, 0x0000000087900000, 0x0000000087a00000|  0%| F|  |TAMS 0x0000000087900000, 0x0000000087900000| Untracked 
| 122|0x0000000087a00000, 0x0000000087a00000, 0x0000000087b00000|  0%| F|  |TAMS 0x0000000087a00000, 0x0000000087a00000| Untracked 
| 123|0x0000000087b00000, 0x0000000087b00000, 0x0000000087c00000|  0%| F|  |TAMS 0x0000000087b00000, 0x0000000087b00000| Untracked 
| 124|0x0000000087c00000, 0x0000000087c00000, 0x0000000087d00000|  0%| F|  |TAMS 0x0000000087c00000, 0x0000000087c00000| Untracked 
| 125|0x0000000087d00000, 0x0000000087d00000, 0x0000000087e00000|  0%| F|  |TAMS 0x0000000087d00000, 0x0000000087d00000| Untracked 
| 126|0x0000000087e00000, 0x0000000087e00000, 0x0000000087f00000|  0%| F|  |TAMS 0x0000000087e00000, 0x0000000087e00000| Untracked 
| 127|0x0000000087f00000, 0x0000000087f00000, 0x0000000088000000|  0%| F|  |TAMS 0x0000000087f00000, 0x0000000087f00000| Untracked 
| 128|0x0000000088000000, 0x0000000088000000, 0x0000000088100000|  0%| F|  |TAMS 0x0000000088000000, 0x0000000088000000| Untracked 
| 129|0x0000000088100000, 0x0000000088100000, 0x0000000088200000|  0%| F|  |TAMS 0x0000000088100000, 0x0000000088100000| Untracked 
| 130|0x0000000088200000, 0x0000000088200000, 0x0000000088300000|  0%| F|  |TAMS 0x0000000088200000, 0x0000000088200000| Untracked 
| 131|0x0000000088300000, 0x0000000088300000, 0x0000000088400000|  0%| F|  |TAMS 0x0000000088300000, 0x0000000088300000| Untracked 
| 132|0x0000000088400000, 0x0000000088400000, 0x0000000088500000|  0%| F|  |TAMS 0x0000000088400000, 0x0000000088400000| Untracked 
| 133|0x0000000088500000, 0x0000000088500000, 0x0000000088600000|  0%| F|  |TAMS 0x0000000088500000, 0x0000000088500000| Untracked 
| 134|0x0000000088600000, 0x0000000088600000, 0x0000000088700000|  0%| F|  |TAMS 0x0000000088600000, 0x0000000088600000| Untracked 
| 135|0x0000000088700000, 0x00000000887ee520, 0x0000000088800000| 93%| S|CS|TAMS 0x0000000088700000, 0x0000000088700000| Complete 
| 136|0x0000000088800000, 0x0000000088900000, 0x0000000088900000|100%| S|CS|TAMS 0x0000000088800000, 0x0000000088800000| Complete 
| 137|0x0000000088900000, 0x0000000088a00000, 0x0000000088a00000|100%| S|CS|TAMS 0x0000000088900000, 0x0000000088900000| Complete 
| 138|0x0000000088a00000, 0x0000000088b00000, 0x0000000088b00000|100%| S|CS|TAMS 0x0000000088a00000, 0x0000000088a00000| Complete 
| 139|0x0000000088b00000, 0x0000000088c00000, 0x0000000088c00000|100%| S|CS|TAMS 0x0000000088b00000, 0x0000000088b00000| Complete 
| 140|0x0000000088c00000, 0x0000000088d00000, 0x0000000088d00000|100%| S|CS|TAMS 0x0000000088c00000, 0x0000000088c00000| Complete 
| 141|0x0000000088d00000, 0x0000000088e00000, 0x0000000088e00000|100%| S|CS|TAMS 0x0000000088d00000, 0x0000000088d00000| Complete 
| 142|0x0000000088e00000, 0x0000000088f00000, 0x0000000088f00000|100%| S|CS|TAMS 0x0000000088e00000, 0x0000000088e00000| Complete 
| 143|0x0000000088f00000, 0x0000000089000000, 0x0000000089000000|100%| S|CS|TAMS 0x0000000088f00000, 0x0000000088f00000| Complete 
| 144|0x0000000089000000, 0x0000000089100000, 0x0000000089100000|100%| S|CS|TAMS 0x0000000089000000, 0x0000000089000000| Complete 
| 145|0x0000000089100000, 0x0000000089100000, 0x0000000089200000|  0%| F|  |TAMS 0x0000000089100000, 0x0000000089100000| Untracked 
| 146|0x0000000089200000, 0x0000000089200000, 0x0000000089300000|  0%| F|  |TAMS 0x0000000089200000, 0x0000000089200000| Untracked 
| 147|0x0000000089300000, 0x0000000089300000, 0x0000000089400000|  0%| F|  |TAMS 0x0000000089300000, 0x0000000089300000| Untracked 
| 148|0x0000000089400000, 0x0000000089400000, 0x0000000089500000|  0%| F|  |TAMS 0x0000000089400000, 0x0000000089400000| Untracked 
| 149|0x0000000089500000, 0x0000000089500000, 0x0000000089600000|  0%| F|  |TAMS 0x0000000089500000, 0x0000000089500000| Untracked 
| 150|0x0000000089600000, 0x0000000089600000, 0x0000000089700000|  0%| F|  |TAMS 0x0000000089600000, 0x0000000089600000| Untracked 
| 151|0x0000000089700000, 0x0000000089700000, 0x0000000089800000|  0%| F|  |TAMS 0x0000000089700000, 0x0000000089700000| Untracked 
| 152|0x0000000089800000, 0x0000000089800000, 0x0000000089900000|  0%| F|  |TAMS 0x0000000089800000, 0x0000000089800000| Untracked 
| 153|0x0000000089900000, 0x0000000089900000, 0x0000000089a00000|  0%| F|  |TAMS 0x0000000089900000, 0x0000000089900000| Untracked 
| 154|0x0000000089a00000, 0x0000000089a00000, 0x0000000089b00000|  0%| F|  |TAMS 0x0000000089a00000, 0x0000000089a00000| Untracked 
| 155|0x0000000089b00000, 0x0000000089b00000, 0x0000000089c00000|  0%| F|  |TAMS 0x0000000089b00000, 0x0000000089b00000| Untracked 
| 156|0x0000000089c00000, 0x0000000089c00000, 0x0000000089d00000|  0%| F|  |TAMS 0x0000000089c00000, 0x0000000089c00000| Untracked 
| 157|0x0000000089d00000, 0x0000000089d00000, 0x0000000089e00000|  0%| F|  |TAMS 0x0000000089d00000, 0x0000000089d00000| Untracked 
| 158|0x0000000089e00000, 0x0000000089e00000, 0x0000000089f00000|  0%| F|  |TAMS 0x0000000089e00000, 0x0000000089e00000| Untracked 
| 159|0x0000000089f00000, 0x0000000089f00000, 0x000000008a000000|  0%| F|  |TAMS 0x0000000089f00000, 0x0000000089f00000| Untracked 
| 160|0x000000008a000000, 0x000000008a000000, 0x000000008a100000|  0%| F|  |TAMS 0x000000008a000000, 0x000000008a000000| Untracked 
| 161|0x000000008a100000, 0x000000008a100000, 0x000000008a200000|  0%| F|  |TAMS 0x000000008a100000, 0x000000008a100000| Untracked 
| 162|0x000000008a200000, 0x000000008a200000, 0x000000008a300000|  0%| F|  |TAMS 0x000000008a200000, 0x000000008a200000| Untracked 
| 163|0x000000008a300000, 0x000000008a380800, 0x000000008a400000| 50%| E|  |TAMS 0x000000008a300000, 0x000000008a300000| Complete 
| 164|0x000000008a400000, 0x000000008a500000, 0x000000008a500000|100%| E|CS|TAMS 0x000000008a400000, 0x000000008a400000| Complete 
| 165|0x000000008a500000, 0x000000008a600000, 0x000000008a600000|100%| E|CS|TAMS 0x000000008a500000, 0x000000008a500000| Complete 
| 166|0x000000008a600000, 0x000000008a700000, 0x000000008a700000|100%| E|CS|TAMS 0x000000008a600000, 0x000000008a600000| Complete 
| 167|0x000000008a700000, 0x000000008a800000, 0x000000008a800000|100%| E|CS|TAMS 0x000000008a700000, 0x000000008a700000| Complete 
| 168|0x000000008a800000, 0x000000008a900000, 0x000000008a900000|100%| E|CS|TAMS 0x000000008a800000, 0x000000008a800000| Complete 
| 169|0x000000008a900000, 0x000000008aa00000, 0x000000008aa00000|100%| E|CS|TAMS 0x000000008a900000, 0x000000008a900000| Complete 
| 170|0x000000008aa00000, 0x000000008ab00000, 0x000000008ab00000|100%| E|CS|TAMS 0x000000008aa00000, 0x000000008aa00000| Complete 
| 171|0x000000008ab00000, 0x000000008ac00000, 0x000000008ac00000|100%| E|CS|TAMS 0x000000008ab00000, 0x000000008ab00000| Complete 
| 172|0x000000008ac00000, 0x000000008ad00000, 0x000000008ad00000|100%| E|CS|TAMS 0x000000008ac00000, 0x000000008ac00000| Complete 
| 173|0x000000008ad00000, 0x000000008ae00000, 0x000000008ae00000|100%| E|CS|TAMS 0x000000008ad00000, 0x000000008ad00000| Complete 
| 174|0x000000008ae00000, 0x000000008af00000, 0x000000008af00000|100%| E|CS|TAMS 0x000000008ae00000, 0x000000008ae00000| Complete 
| 175|0x000000008af00000, 0x000000008b000000, 0x000000008b000000|100%| E|CS|TAMS 0x000000008af00000, 0x000000008af00000| Complete 
| 176|0x000000008b000000, 0x000000008b100000, 0x000000008b100000|100%| E|CS|TAMS 0x000000008b000000, 0x000000008b000000| Complete 
| 177|0x000000008b100000, 0x000000008b200000, 0x000000008b200000|100%| E|CS|TAMS 0x000000008b100000, 0x000000008b100000| Complete 
| 178|0x000000008b200000, 0x000000008b300000, 0x000000008b300000|100%| E|CS|TAMS 0x000000008b200000, 0x000000008b200000| Complete 
| 179|0x000000008b300000, 0x000000008b400000, 0x000000008b400000|100%| E|CS|TAMS 0x000000008b300000, 0x000000008b300000| Complete 
| 180|0x000000008b400000, 0x000000008b500000, 0x000000008b500000|100%| E|CS|TAMS 0x000000008b400000, 0x000000008b400000| Complete 
| 181|0x000000008b500000, 0x000000008b600000, 0x000000008b600000|100%| E|CS|TAMS 0x000000008b500000, 0x000000008b500000| Complete 
| 182|0x000000008b600000, 0x000000008b700000, 0x000000008b700000|100%| E|CS|TAMS 0x000000008b600000, 0x000000008b600000| Complete 
| 183|0x000000008b700000, 0x000000008b800000, 0x000000008b800000|100%| E|CS|TAMS 0x000000008b700000, 0x000000008b700000| Complete 
| 184|0x000000008b800000, 0x000000008b900000, 0x000000008b900000|100%| E|CS|TAMS 0x000000008b800000, 0x000000008b800000| Complete 
| 185|0x000000008b900000, 0x000000008ba00000, 0x000000008ba00000|100%| E|CS|TAMS 0x000000008b900000, 0x000000008b900000| Complete 
| 186|0x000000008ba00000, 0x000000008bb00000, 0x000000008bb00000|100%| E|CS|TAMS 0x000000008ba00000, 0x000000008ba00000| Complete 
| 187|0x000000008bb00000, 0x000000008bc00000, 0x000000008bc00000|100%| E|CS|TAMS 0x000000008bb00000, 0x000000008bb00000| Complete 
| 188|0x000000008bc00000, 0x000000008bd00000, 0x000000008bd00000|100%| E|CS|TAMS 0x000000008bc00000, 0x000000008bc00000| Complete 
| 189|0x000000008bd00000, 0x000000008be00000, 0x000000008be00000|100%| E|CS|TAMS 0x000000008bd00000, 0x000000008bd00000| Complete 
| 190|0x000000008be00000, 0x000000008bf00000, 0x000000008bf00000|100%| E|CS|TAMS 0x000000008be00000, 0x000000008be00000| Complete 
| 191|0x000000008bf00000, 0x000000008c000000, 0x000000008c000000|100%| E|CS|TAMS 0x000000008bf00000, 0x000000008bf00000| Complete 
| 192|0x000000008c000000, 0x000000008c100000, 0x000000008c100000|100%| E|CS|TAMS 0x000000008c000000, 0x000000008c000000| Complete 
| 193|0x000000008c100000, 0x000000008c200000, 0x000000008c200000|100%| E|CS|TAMS 0x000000008c100000, 0x000000008c100000| Complete 
| 194|0x000000008c200000, 0x000000008c300000, 0x000000008c300000|100%| E|CS|TAMS 0x000000008c200000, 0x000000008c200000| Complete 
| 195|0x000000008c300000, 0x000000008c400000, 0x000000008c400000|100%| E|CS|TAMS 0x000000008c300000, 0x000000008c300000| Complete 
| 196|0x000000008c400000, 0x000000008c500000, 0x000000008c500000|100%| E|CS|TAMS 0x000000008c400000, 0x000000008c400000| Complete 
| 197|0x000000008c500000, 0x000000008c600000, 0x000000008c600000|100%| E|CS|TAMS 0x000000008c500000, 0x000000008c500000| Complete 
| 198|0x000000008c600000, 0x000000008c700000, 0x000000008c700000|100%| E|CS|TAMS 0x000000008c600000, 0x000000008c600000| Complete 
| 199|0x000000008c700000, 0x000000008c800000, 0x000000008c800000|100%| E|CS|TAMS 0x000000008c700000, 0x000000008c700000| Complete 
| 200|0x000000008c800000, 0x000000008c900000, 0x000000008c900000|100%| E|CS|TAMS 0x000000008c800000, 0x000000008c800000| Complete 
| 201|0x000000008c900000, 0x000000008ca00000, 0x000000008ca00000|100%| E|CS|TAMS 0x000000008c900000, 0x000000008c900000| Complete 
| 202|0x000000008ca00000, 0x000000008cb00000, 0x000000008cb00000|100%| E|CS|TAMS 0x000000008ca00000, 0x000000008ca00000| Complete 
| 203|0x000000008cb00000, 0x000000008cc00000, 0x000000008cc00000|100%| E|CS|TAMS 0x000000008cb00000, 0x000000008cb00000| Complete 
| 204|0x000000008cc00000, 0x000000008cd00000, 0x000000008cd00000|100%| E|CS|TAMS 0x000000008cc00000, 0x000000008cc00000| Complete 
| 205|0x000000008cd00000, 0x000000008ce00000, 0x000000008ce00000|100%| E|CS|TAMS 0x000000008cd00000, 0x000000008cd00000| Complete 
| 206|0x000000008ce00000, 0x000000008cf00000, 0x000000008cf00000|100%| E|CS|TAMS 0x000000008ce00000, 0x000000008ce00000| Complete 
| 207|0x000000008cf00000, 0x000000008d000000, 0x000000008d000000|100%| E|CS|TAMS 0x000000008cf00000, 0x000000008cf00000| Complete 
| 208|0x000000008d000000, 0x000000008d100000, 0x000000008d100000|100%| E|CS|TAMS 0x000000008d000000, 0x000000008d000000| Complete 
| 209|0x000000008d100000, 0x000000008d200000, 0x000000008d200000|100%| E|CS|TAMS 0x000000008d100000, 0x000000008d100000| Complete 
| 210|0x000000008d200000, 0x000000008d300000, 0x000000008d300000|100%| E|CS|TAMS 0x000000008d200000, 0x000000008d200000| Complete 
| 211|0x000000008d300000, 0x000000008d400000, 0x000000008d400000|100%| E|CS|TAMS 0x000000008d300000, 0x000000008d300000| Complete 
| 212|0x000000008d400000, 0x000000008d500000, 0x000000008d500000|100%| E|CS|TAMS 0x000000008d400000, 0x000000008d400000| Complete 
| 213|0x000000008d500000, 0x000000008d600000, 0x000000008d600000|100%| E|CS|TAMS 0x000000008d500000, 0x000000008d500000| Complete 
| 214|0x000000008d600000, 0x000000008d700000, 0x000000008d700000|100%| E|CS|TAMS 0x000000008d600000, 0x000000008d600000| Complete 
| 215|0x000000008d700000, 0x000000008d800000, 0x000000008d800000|100%| E|CS|TAMS 0x000000008d700000, 0x000000008d700000| Complete 
| 216|0x000000008d800000, 0x000000008d900000, 0x000000008d900000|100%| E|CS|TAMS 0x000000008d800000, 0x000000008d800000| Complete 
| 217|0x000000008d900000, 0x000000008da00000, 0x000000008da00000|100%| E|CS|TAMS 0x000000008d900000, 0x000000008d900000| Complete 
| 218|0x000000008da00000, 0x000000008db00000, 0x000000008db00000|100%| E|CS|TAMS 0x000000008da00000, 0x000000008da00000| Complete 
| 219|0x000000008db00000, 0x000000008dc00000, 0x000000008dc00000|100%| E|CS|TAMS 0x000000008db00000, 0x000000008db00000| Complete 
| 220|0x000000008dc00000, 0x000000008dd00000, 0x000000008dd00000|100%| E|CS|TAMS 0x000000008dc00000, 0x000000008dc00000| Complete 
| 221|0x000000008dd00000, 0x000000008de00000, 0x000000008de00000|100%| E|CS|TAMS 0x000000008dd00000, 0x000000008dd00000| Complete 
| 222|0x000000008de00000, 0x000000008df00000, 0x000000008df00000|100%| E|CS|TAMS 0x000000008de00000, 0x000000008de00000| Complete 
| 223|0x000000008df00000, 0x000000008e000000, 0x000000008e000000|100%| E|CS|TAMS 0x000000008df00000, 0x000000008df00000| Complete 
| 224|0x000000008e000000, 0x000000008e100000, 0x000000008e100000|100%| E|CS|TAMS 0x000000008e000000, 0x000000008e000000| Complete 
| 225|0x000000008e100000, 0x000000008e200000, 0x000000008e200000|100%| E|CS|TAMS 0x000000008e100000, 0x000000008e100000| Complete 
| 226|0x000000008e200000, 0x000000008e300000, 0x000000008e300000|100%| E|CS|TAMS 0x000000008e200000, 0x000000008e200000| Complete 
| 227|0x000000008e300000, 0x000000008e400000, 0x000000008e400000|100%| E|CS|TAMS 0x000000008e300000, 0x000000008e300000| Complete 
| 228|0x000000008e400000, 0x000000008e500000, 0x000000008e500000|100%| E|CS|TAMS 0x000000008e400000, 0x000000008e400000| Complete 
| 229|0x000000008e500000, 0x000000008e600000, 0x000000008e600000|100%| E|CS|TAMS 0x000000008e500000, 0x000000008e500000| Complete 
| 230|0x000000008e600000, 0x000000008e700000, 0x000000008e700000|100%| E|CS|TAMS 0x000000008e600000, 0x000000008e600000| Complete 
| 231|0x000000008e700000, 0x000000008e800000, 0x000000008e800000|100%| E|CS|TAMS 0x000000008e700000, 0x000000008e700000| Complete 
| 232|0x000000008e800000, 0x000000008e900000, 0x000000008e900000|100%| E|CS|TAMS 0x000000008e800000, 0x000000008e800000| Complete 
| 233|0x000000008e900000, 0x000000008ea00000, 0x000000008ea00000|100%| E|CS|TAMS 0x000000008e900000, 0x000000008e900000| Complete 
| 234|0x000000008ea00000, 0x000000008eb00000, 0x000000008eb00000|100%| E|CS|TAMS 0x000000008ea00000, 0x000000008ea00000| Complete 
| 235|0x000000008eb00000, 0x000000008ec00000, 0x000000008ec00000|100%| E|CS|TAMS 0x000000008eb00000, 0x000000008eb00000| Complete 
| 236|0x000000008ec00000, 0x000000008ed00000, 0x000000008ed00000|100%| E|CS|TAMS 0x000000008ec00000, 0x000000008ec00000| Complete 
| 237|0x000000008ed00000, 0x000000008ee00000, 0x000000008ee00000|100%| E|CS|TAMS 0x000000008ed00000, 0x000000008ed00000| Complete 
| 238|0x000000008ee00000, 0x000000008ef00000, 0x000000008ef00000|100%| E|CS|TAMS 0x000000008ee00000, 0x000000008ee00000| Complete 
| 239|0x000000008ef00000, 0x000000008f000000, 0x000000008f000000|100%| E|CS|TAMS 0x000000008ef00000, 0x000000008ef00000| Complete 
| 240|0x000000008f000000, 0x000000008f100000, 0x000000008f100000|100%| E|CS|TAMS 0x000000008f000000, 0x000000008f000000| Complete 
| 241|0x000000008f100000, 0x000000008f200000, 0x000000008f200000|100%| E|CS|TAMS 0x000000008f100000, 0x000000008f100000| Complete 
| 242|0x000000008f200000, 0x000000008f300000, 0x000000008f300000|100%| E|CS|TAMS 0x000000008f200000, 0x000000008f200000| Complete 
| 243|0x000000008f300000, 0x000000008f400000, 0x000000008f400000|100%| E|CS|TAMS 0x000000008f300000, 0x000000008f300000| Complete 
| 244|0x000000008f400000, 0x000000008f500000, 0x000000008f500000|100%| E|CS|TAMS 0x000000008f400000, 0x000000008f400000| Complete 
| 245|0x000000008f500000, 0x000000008f600000, 0x000000008f600000|100%| E|CS|TAMS 0x000000008f500000, 0x000000008f500000| Complete 
| 246|0x000000008f600000, 0x000000008f700000, 0x000000008f700000|100%| E|CS|TAMS 0x000000008f600000, 0x000000008f600000| Complete 
| 247|0x000000008f700000, 0x000000008f800000, 0x000000008f800000|100%| E|CS|TAMS 0x000000008f700000, 0x000000008f700000| Complete 
| 248|0x000000008f800000, 0x000000008f900000, 0x000000008f900000|100%| E|CS|TAMS 0x000000008f800000, 0x000000008f800000| Complete 
| 249|0x000000008f900000, 0x000000008fa00000, 0x000000008fa00000|100%| E|CS|TAMS 0x000000008f900000, 0x000000008f900000| Complete 
| 250|0x000000008fa00000, 0x000000008fb00000, 0x000000008fb00000|100%| E|CS|TAMS 0x000000008fa00000, 0x000000008fa00000| Complete 
| 251|0x000000008fb00000, 0x000000008fc00000, 0x000000008fc00000|100%| E|CS|TAMS 0x000000008fb00000, 0x000000008fb00000| Complete 
| 252|0x000000008fc00000, 0x000000008fd00000, 0x000000008fd00000|100%| E|CS|TAMS 0x000000008fc00000, 0x000000008fc00000| Complete 
| 253|0x000000008fd00000, 0x000000008fe00000, 0x000000008fe00000|100%| E|CS|TAMS 0x000000008fd00000, 0x000000008fd00000| Complete 

Card table byte_map: [0x00000199b9e80000,0x00000199ba280000] _byte_map_base: 0x00000199b9a80000

Marking Bits (Prev, Next): (CMBitMap*) 0x00000199a6a51dc0, (CMBitMap*) 0x00000199a6a51d88
 Prev Bits: [0x00000199bc680000, 0x00000199be680000)
 Next Bits: [0x00000199ba680000, 0x00000199bc680000)

Polling page: 0x00000199a49b0000

Metaspace:

Usage:
  Non-class:     63.47 MB capacity,    62.38 MB ( 98%) used,   922.48 KB (  1%) free+waste,   197.62 KB ( <1%) overhead. 
      Class:      9.99 MB capacity,     9.31 MB ( 93%) used,   603.68 KB (  6%) free+waste,    93.12 KB ( <1%) overhead. 
       Both:     73.47 MB capacity,    71.69 MB ( 98%) used,     1.49 MB (  2%) free+waste,   290.75 KB ( <1%) overhead. 

Virtual space:
  Non-class space:       64.00 MB reserved,      63.65 MB (>99%) committed 
      Class space:        1.00 GB reserved,      10.00 MB ( <1%) committed 
             Both:        1.06 GB reserved,      73.65 MB (  7%) committed 

Chunk freelists:
   Non-Class:  54.00 KB
       Class:  6.00 KB
        Both:  60.00 KB

MaxMetaspaceSize: 17179869184.00 GB
CompressedClassSpaceSize: 1.00 GB
Initial GC threshold: 20.80 MB
Current GC threshold: 99.00 MB
CDS: off

CodeHeap 'non-profiled nmethods': size=120000Kb used=4469Kb max_used=4469Kb free=115531Kb
 bounds [0x00000199b2000000, 0x00000199b2460000, 0x00000199b9530000]
CodeHeap 'profiled nmethods': size=120000Kb used=15476Kb max_used=15476Kb free=104523Kb
 bounds [0x00000199aaad0000, 0x00000199ab9f0000, 0x00000199b2000000]
CodeHeap 'non-nmethods': size=5760Kb used=2373Kb max_used=2420Kb free=3386Kb
 bounds [0x00000199aa530000, 0x00000199aa7a0000, 0x00000199aaad0000]
 total_blobs=8205 nmethods=7326 adapters=791
 compilation: enabled
              stopped_count=0, restarted_count=0
 full_count=0

Compilation events (20 events):
Event: 6.949 Thread 0x00000199c1bd6000 7325       3       org.gradle.model.internal.core.ModelPath::path (55 bytes)
Event: 6.949 Thread 0x00000199c1bd6000 nmethod 7325 0x00000199ab9dc690 code [0x00000199ab9dc8c0, 0x00000199ab9dd018]
Event: 6.949 Thread 0x00000199c1bd6000 7326       3       org.gradle.util.Path::createFullPath (68 bytes)
Event: 6.950 Thread 0x00000199c1bd6000 nmethod 7326 0x00000199ab9dd310 code [0x00000199ab9dd580, 0x00000199ab9ddef8]
Event: 6.950 Thread 0x00000199c1bd6000 7324       1       com.android.build.api.component.impl.ComponentImpl::getServices (5 bytes)
Event: 6.950 Thread 0x00000199c1bd6000 nmethod 7324 0x00000199b245ce10 code [0x00000199b245cfc0, 0x00000199b245d078]
Event: 6.954 Thread 0x00000199c1bd6000 7327       3       kotlin.LazyKt__LazyJVMKt::lazy (21 bytes)
Event: 6.954 Thread 0x00000199c1bd6000 nmethod 7327 0x00000199ab9de310 code [0x00000199ab9de560, 0x00000199ab9debe8]
Event: 6.954 Thread 0x00000199c1bd6000 7328       3       kotlin.SynchronizedLazyImpl::<init> (15 bytes)
Event: 6.955 Thread 0x00000199c1bd6000 nmethod 7328 0x00000199ab9dee90 code [0x00000199ab9df0e0, 0x00000199ab9df8f8]
Event: 6.955 Thread 0x00000199c1bd6000 7329       3       com.android.build.api.artifact.impl.ArtifactsImpl::setInitialProvider (29 bytes)
Event: 6.957 Thread 0x00000199c1bd6000 nmethod 7329 0x00000199ab9dfb90 code [0x00000199ab9dfe40, 0x00000199ab9e0988]
Event: 6.957 Thread 0x00000199c1bd6000 7330       3       com.android.build.api.artifact.impl.SingleInitialProviderRequestImpl$on$2::<init> (10 bytes)
Event: 6.957 Thread 0x00000199c1bd6000 nmethod 7330 0x00000199ab9e0e10 code [0x00000199ab9e0fc0, 0x00000199ab9e1178]
Event: 6.966 Thread 0x00000199c1bd6000 7331       3       java.lang.invoke.DelegatingMethodHandle::makeReinvokerForm (344 bytes)
Event: 6.968 Thread 0x00000199c1bd6000 nmethod 7331 0x00000199ab9e1210 code [0x00000199ab9e15e0, 0x00000199ab9e3578]
Event: 6.972 Thread 0x00000199c1bd6000 7333       3       com.android.build.api.component.impl.ComponentImpl::getName (10 bytes)
Event: 6.972 Thread 0x00000199c1bd6000 nmethod 7333 0x00000199ab9e4390 code [0x00000199ab9e4540, 0x00000199ab9e4708]
Event: 6.973 Thread 0x00000199c1bd6000 7334       3       java.util.concurrent.atomic.AtomicBoolean::compareAndSet (26 bytes)
Event: 6.975 Thread 0x00000199c1bd6000 nmethod 7334 0x00000199ab9e4810 code [0x00000199ab9e4a40, 0x00000199ab9e5098]

GC Heap History (16 events):
Event: 0.517 GC heap before
{Heap before GC invocations=0 (full 0):
 garbage-first heap   total 260096K, used 29696K [0x0000000080000000, 0x0000000100000000)
  region size 1024K, 24 young (24576K), 0 survivors (0K)
 Metaspace       used 10108K, capacity 10265K, committed 10368K, reserved 1058816K
  class space    used 1033K, capacity 1108K, committed 1152K, reserved 1048576K
}
Event: 0.521 GC heap after
{Heap after GC invocations=1 (full 0):
 garbage-first heap   total 260096K, used 9516K [0x0000000080000000, 0x0000000100000000)
  region size 1024K, 3 young (3072K), 3 survivors (3072K)
 Metaspace       used 10108K, capacity 10265K, committed 10368K, reserved 1058816K
  class space    used 1033K, capacity 1108K, committed 1152K, reserved 1048576K
}
Event: 1.954 GC heap before
{Heap before GC invocations=1 (full 0):
 garbage-first heap   total 260096K, used 107820K [0x0000000080000000, 0x0000000100000000)
  region size 1024K, 100 young (102400K), 3 survivors (3072K)
 Metaspace       used 20778K, capacity 21193K, committed 21296K, reserved 1069056K
  class space    used 2527K, capacity 2687K, committed 2688K, reserved 1048576K
}
Event: 1.964 GC heap after
{Heap after GC invocations=2 (full 0):
 garbage-first heap   total 260096K, used 17506K [0x0000000080000000, 0x0000000100000000)
  region size 1024K, 11 young (11264K), 11 survivors (11264K)
 Metaspace       used 20778K, capacity 21193K, committed 21296K, reserved 1069056K
  class space    used 2527K, capacity 2687K, committed 2688K, reserved 1048576K
}
Event: 2.490 GC heap before
{Heap before GC invocations=3 (full 0):
 garbage-first heap   total 260096K, used 83042K [0x0000000080000000, 0x0000000100000000)
  region size 1024K, 75 young (76800K), 11 survivors (11264K)
 Metaspace       used 27395K, capacity 28039K, committed 28160K, reserved 1073152K
  class space    used 3576K, capacity 3834K, committed 3840K, reserved 1048576K
}
Event: 2.495 GC heap after
{Heap after GC invocations=4 (full 0):
 garbage-first heap   total 260096K, used 19566K [0x0000000080000000, 0x0000000100000000)
  region size 1024K, 3 young (3072K), 3 survivors (3072K)
 Metaspace       used 27395K, capacity 28039K, committed 28160K, reserved 1073152K
  class space    used 3576K, capacity 3834K, committed 3840K, reserved 1048576K
}
Event: 3.074 GC heap before
{Heap before GC invocations=4 (full 0):
 garbage-first heap   total 260096K, used 75886K [0x0000000080000000, 0x0000000100000000)
  region size 1024K, 59 young (60416K), 3 survivors (3072K)
 Metaspace       used 35014K, capacity 35889K, committed 35968K, reserved 1081344K
  class space    used 4570K, capacity 4921K, committed 4992K, reserved 1048576K
}
Event: 3.081 GC heap after
{Heap after GC invocations=5 (full 0):
 garbage-first heap   total 260096K, used 22642K [0x0000000080000000, 0x0000000100000000)
  region size 1024K, 6 young (6144K), 6 survivors (6144K)
 Metaspace       used 35014K, capacity 35889K, committed 35968K, reserved 1081344K
  class space    used 4570K, capacity 4921K, committed 4992K, reserved 1048576K
}
Event: 3.960 GC heap before
{Heap before GC invocations=6 (full 0):
 garbage-first heap   total 260096K, used 137330K [0x0000000080000000, 0x0000000100000000)
  region size 1024K, 115 young (117760K), 6 survivors (6144K)
 Metaspace       used 45342K, capacity 46510K, committed 46620K, reserved 1089536K
  class space    used 5750K, capacity 6182K, committed 6272K, reserved 1048576K
}
Event: 3.967 GC heap after
{Heap after GC invocations=7 (full 0):
 garbage-first heap   total 260096K, used 30797K [0x0000000080000000, 0x0000000100000000)
  region size 1024K, 14 young (14336K), 14 survivors (14336K)
 Metaspace       used 45342K, capacity 46510K, committed 46620K, reserved 1089536K
  class space    used 5750K, capacity 6182K, committed 6272K, reserved 1048576K
}
Event: 4.800 GC heap before
{Heap before GC invocations=7 (full 0):
 garbage-first heap   total 260096K, used 170061K [0x0000000080000000, 0x0000000100000000)
  region size 1024K, 141 young (144384K), 14 survivors (14336K)
 Metaspace       used 51095K, capacity 52541K, committed 52892K, reserved 1095680K
  class space    used 6481K, capacity 7070K, committed 7168K, reserved 1048576K
}
Event: 4.810 GC heap after
{Heap after GC invocations=8 (full 0):
 garbage-first heap   total 260096K, used 49354K [0x0000000080000000, 0x0000000100000000)
  region size 1024K, 18 young (18432K), 18 survivors (18432K)
 Metaspace       used 51095K, capacity 52541K, committed 52892K, reserved 1095680K
  class space    used 6481K, capacity 7070K, committed 7168K, reserved 1048576K
}
Event: 5.484 GC heap before
{Heap before GC invocations=8 (full 0):
 garbage-first heap   total 260096K, used 107722K [0x0000000080000000, 0x0000000100000000)
  region size 1024K, 76 young (77824K), 18 survivors (18432K)
 Metaspace       used 58850K, capacity 60496K, committed 60572K, reserved 1101824K
  class space    used 7483K, capacity 8125K, committed 8192K, reserved 1048576K
}
Event: 5.498 GC heap after
{Heap after GC invocations=9 (full 0):
 garbage-first heap   total 260096K, used 52122K [0x0000000080000000, 0x0000000100000000)
  region size 1024K, 4 young (4096K), 4 survivors (4096K)
 Metaspace       used 58850K, capacity 60496K, committed 60572K, reserved 1101824K
  class space    used 7483K, capacity 8125K, committed 8192K, reserved 1048576K
}
Event: 6.399 GC heap before
{Heap before GC invocations=10 (full 0):
 garbage-first heap   total 260096K, used 166810K [0x0000000080000000, 0x0000000100000000)
  region size 1024K, 109 young (111616K), 4 survivors (4096K)
 Metaspace       used 67860K, capacity 69583K, committed 69660K, reserved 1110016K
  class space    used 8605K, capacity 9271K, committed 9344K, reserved 1048576K
}
Event: 6.404 GC heap after
{Heap after GC invocations=11 (full 0):
 garbage-first heap   total 260096K, used 58935K [0x0000000080000000, 0x0000000100000000)
  region size 1024K, 10 young (10240K), 10 survivors (10240K)
 Metaspace       used 67860K, capacity 69583K, committed 69660K, reserved 1110016K
  class space    used 8605K, capacity 9271K, committed 9344K, reserved 1048576K
}

Deoptimization events (20 events):
Event: 6.461 Thread 0x00000199c45c4800 Uncommon trap: trap_request=0xffffff4d fr.pc=0x00000199b21dfe80 relative=0x0000000000000340
Event: 6.461 Thread 0x00000199c45c4800 Uncommon trap: reason=unstable_if action=reinterpret pc=0x00000199b21dfe80 method=java.util.StringJoiner.add(Ljava/lang/CharSequence;)Ljava/util/StringJoiner; @ 33 c2
Event: 6.461 Thread 0x00000199c45c4800 DEOPT PACKING pc=0x00000199b21dfe80 sp=0x00000065655f50c0
Event: 6.461 Thread 0x00000199c45c4800 DEOPT UNPACKING pc=0x00000199aa5385af sp=0x00000065655f5070 mode 2
Event: 6.502 Thread 0x00000199c45c4800 Uncommon trap: trap_request=0xfffffff4 fr.pc=0x00000199b23d219c relative=0x00000000000009fc
Event: 6.502 Thread 0x00000199c45c4800 Uncommon trap: reason=null_check action=make_not_entrant pc=0x00000199b23d219c method=com.sun.beans.introspect.MethodInfo$MethodOrder.compare(Ljava/lang/reflect/Method;Ljava/lang/reflect/Method;)I @ 133 c2
Event: 6.502 Thread 0x00000199c45c4800 DEOPT PACKING pc=0x00000199b23d219c sp=0x00000065655f2f20
Event: 6.502 Thread 0x00000199c45c4800 DEOPT UNPACKING pc=0x00000199aa5385af sp=0x00000065655f2e50 mode 2
Event: 6.527 Thread 0x00000199c45c4800 Uncommon trap: trap_request=0xffffffde fr.pc=0x00000199b2167aa8 relative=0x00000000000009c8
Event: 6.527 Thread 0x00000199c45c4800 Uncommon trap: reason=class_check action=maybe_recompile pc=0x00000199b2167aa8 method=java.util.WeakHashMap.eq(Ljava/lang/Object;Ljava/lang/Object;)Z @ 7 c2
Event: 6.527 Thread 0x00000199c45c4800 DEOPT PACKING pc=0x00000199b2167aa8 sp=0x00000065655f3080
Event: 6.527 Thread 0x00000199c45c4800 DEOPT UNPACKING pc=0x00000199aa5385af sp=0x00000065655f2ff0 mode 2
Event: 6.545 Thread 0x00000199c45c4800 Uncommon trap: trap_request=0xfffffff4 fr.pc=0x00000199b24240f0 relative=0x0000000000000b30
Event: 6.545 Thread 0x00000199c45c4800 Uncommon trap: reason=null_check action=make_not_entrant pc=0x00000199b24240f0 method=com.sun.beans.introspect.MethodInfo$MethodOrder.compare(Ljava/lang/reflect/Method;Ljava/lang/reflect/Method;)I @ 145 c2
Event: 6.545 Thread 0x00000199c45c4800 DEOPT PACKING pc=0x00000199b24240f0 sp=0x00000065655f1b60
Event: 6.545 Thread 0x00000199c45c4800 DEOPT UNPACKING pc=0x00000199aa5385af sp=0x00000065655f1a90 mode 2
Event: 6.834 Thread 0x00000199c45c4800 Uncommon trap: trap_request=0xffffff4d fr.pc=0x00000199b22af1c8 relative=0x0000000000000268
Event: 6.834 Thread 0x00000199c45c4800 Uncommon trap: reason=unstable_if action=reinterpret pc=0x00000199b22af1c8 method=java.io.WinNTFileSystem.prefixLength(Ljava/lang/String;)I @ 11 c2
Event: 6.834 Thread 0x00000199c45c4800 DEOPT PACKING pc=0x00000199b22af1c8 sp=0x00000065655f8d10
Event: 6.834 Thread 0x00000199c45c4800 DEOPT UNPACKING pc=0x00000199aa5385af sp=0x00000065655f8c90 mode 2

Classes redefined (0 events):
No events

Internal exceptions (20 events):
Event: 6.544 Thread 0x00000199c45c4800 Exception <a 'java/lang/ClassNotFoundException'{0x000000008d587fc8}: com/android/builder/core/AbstractBuildTypeBeanInfo> (0x000000008d587fc8) thrown at [src/hotspot/share/classfile/systemDictionary.cpp, line 230]
Event: 6.545 Thread 0x00000199c45c4800 Exception <a 'java/lang/ClassNotFoundException'{0x000000008d5a8020}: com/android/builder/core/AbstractBuildTypeCustomizer> (0x000000008d5a8020) thrown at [src/hotspot/share/classfile/systemDictionary.cpp, line 230]
Event: 6.545 Thread 0x00000199c45c4800 Implicit null exception at 0x00000199b2423c7b to 0x00000199b24240dc
Event: 6.546 Thread 0x00000199c45c4800 Exception <a 'java/lang/ClassNotFoundException'{0x000000008d5e4d50}: com/android/build/gradle/internal/dsl/BuildTypeCustomizer> (0x000000008d5e4d50) thrown at [src/hotspot/share/classfile/systemDictionary.cpp, line 230]
Event: 6.547 Thread 0x00000199c45c4800 Exception <a 'java/lang/ClassNotFoundException'{0x000000008d480ed0}: com/android/build/gradle/internal/dsl/BuildType$AgpDecoratedCustomizer> (0x000000008d480ed0) thrown at [src/hotspot/share/classfile/systemDictionary.cpp, line 230]
Event: 6.548 Thread 0x00000199c45c4800 Exception <a 'java/lang/ClassNotFoundException'{0x000000008d4e76f0}: com/android/build/gradle/internal/dsl/BuildType$AgpDecorated_DecoratedCustomizer> (0x000000008d4e76f0) thrown at [src/hotspot/share/classfile/systemDictionary.cpp, line 230]
Event: 6.551 Thread 0x00000199c45c4800 Exception <a 'java/lang/ClassNotFoundException'{0x000000008d3c3bb8}: build_do40k9ee6zxf9xpvmxpubj4e2$_run_closure1$_closure5BeanInfo> (0x000000008d3c3bb8) thrown at [src/hotspot/share/classfile/systemDictionary.cpp, line 230]
Event: 6.551 Thread 0x00000199c45c4800 Exception <a 'java/lang/ClassNotFoundException'{0x000000008d3d7d98}: build_do40k9ee6zxf9xpvmxpubj4e2$_run_closure1$_closure5Customizer> (0x000000008d3d7d98) thrown at [src/hotspot/share/classfile/systemDictionary.cpp, line 230]
Event: 6.552 Thread 0x00000199c45c4800 Exception <a 'java/lang/ClassNotFoundException'{0x000000008d2052d0}: build_do40k9ee6zxf9xpvmxpubj4e2$_run_closure1BeanInfo> (0x000000008d2052d0) thrown at [src/hotspot/share/classfile/systemDictionary.cpp, line 230]
Event: 6.552 Thread 0x00000199c45c4800 Exception <a 'java/lang/ClassNotFoundException'{0x000000008d2197b0}: build_do40k9ee6zxf9xpvmxpubj4e2$_run_closure1Customizer> (0x000000008d2197b0) thrown at [src/hotspot/share/classfile/systemDictionary.cpp, line 230]
Event: 6.559 Thread 0x00000199c45c4800 Exception <a 'java/lang/ClassNotFoundException'{0x000000008d282060}: org/gradle/api/JavaVersionBeanInfo> (0x000000008d282060) thrown at [src/hotspot/share/classfile/systemDictionary.cpp, line 230]
Event: 6.559 Thread 0x00000199c45c4800 Exception <a 'java/lang/ClassNotFoundException'{0x000000008d2b3bd0}: org/gradle/api/JavaVersionCustomizer> (0x000000008d2b3bd0) thrown at [src/hotspot/share/classfile/systemDictionary.cpp, line 230]
Event: 6.561 Thread 0x00000199c45c4800 Exception <a 'java/lang/ClassNotFoundException'{0x000000008d1231e8}: com/android/build/gradle/internal/CompileOptions$AgpDecorated_DecoratedBeanInfo> (0x000000008d1231e8) thrown at [src/hotspot/share/classfile/systemDictionary.cpp, line 230]
Event: 6.562 Thread 0x00000199c45c4800 Exception <a 'java/lang/ClassNotFoundException'{0x000000008d1454d8}: com/android/build/gradle/internal/CompileOptions$AgpDecoratedBeanInfo> (0x000000008d1454d8) thrown at [src/hotspot/share/classfile/systemDictionary.cpp, line 230]
Event: 6.562 Thread 0x00000199c45c4800 Exception <a 'java/lang/ClassNotFoundException'{0x000000008d164a30}: com/android/build/gradle/internal/CompileOptionsBeanInfo> (0x000000008d164a30) thrown at [src/hotspot/share/classfile/systemDictionary.cpp, line 230]
Event: 6.562 Thread 0x00000199c45c4800 Exception <a 'java/lang/ClassNotFoundException'{0x000000008d184b70}: com/android/build/gradle/internal/CompileOptionsCustomizer> (0x000000008d184b70) thrown at [src/hotspot/share/classfile/systemDictionary.cpp, line 230]
Event: 6.562 Thread 0x00000199c45c4800 Exception <a 'java/lang/ClassNotFoundException'{0x000000008d1b3368}: com/android/build/gradle/internal/CompileOptions$AgpDecoratedCustomizer> (0x000000008d1b3368) thrown at [src/hotspot/share/classfile/systemDictionary.cpp, line 230]
Event: 6.563 Thread 0x00000199c45c4800 Exception <a 'java/lang/ClassNotFoundException'{0x000000008d1e5850}: com/android/build/gradle/internal/CompileOptions$AgpDecorated_DecoratedCustomizer> (0x000000008d1e5850) thrown at [src/hotspot/share/classfile/systemDictionary.cpp, line 230]
Event: 6.565 Thread 0x00000199c45c4800 Exception <a 'java/lang/ClassNotFoundException'{0x000000008d0723a0}: org/jetbrains/kotlin/gradle/plugin/AndroidProjectHandler$configureTarget$kotlinOptions$1BeanInfo> (0x000000008d0723a0) thrown at [src/hotspot/share/classfile/systemDictionary.cpp, line 230]
Event: 6.566 Thread 0x00000199c45c4800 Exception <a 'java/lang/ClassNotFoundException'{0x000000008d099130}: org/jetbrains/kotlin/gradle/plugin/AndroidProjectHandler$configureTarget$kotlinOptions$1Customizer> (0x000000008d099130) thrown at [src/hotspot/share/classfile/systemDictionary.cpp, line 230]

Events (20 events):
Event: 6.984 loading class com/android/build/gradle/internal/lint/LintTaskManager$createLintTasks$3
Event: 6.984 loading class com/android/build/gradle/internal/lint/LintTaskManager$createLintTasks$3 done
Event: 6.984 loading class com/android/build/gradle/internal/lint/LintTaskManager$createLintTasks$4
Event: 6.984 loading class com/android/build/gradle/internal/lint/LintTaskManager$createLintTasks$4 done
Event: 6.984 loading class com/android/build/gradle/internal/lint/LintTaskManager$createLintTasks$5
Event: 6.984 loading class com/android/build/gradle/internal/lint/LintTaskManager$createLintTasks$5 done
Event: 6.985 loading class com/android/build/gradle/internal/lint/LintTaskManager$createLintTasks$6
Event: 6.985 loading class com/android/build/gradle/internal/lint/LintTaskManager$createLintTasks$6 done
Event: 6.985 loading class com/android/build/gradle/internal/tasks/DependencyReportTask
Event: 6.985 loading class com/android/build/gradle/internal/tasks/DependencyReportTask done
Event: 6.986 loading class com/android/build/gradle/internal/TaskManager$createReportTasks$1
Event: 6.986 loading class com/android/build/gradle/internal/TaskManager$createReportTasks$1 done
Event: 6.986 loading class com/android/build/gradle/internal/TaskManager$createReportTasks$signingReportComponents$1
Event: 6.986 loading class com/android/build/gradle/internal/TaskManager$createReportTasks$signingReportComponents$1 done
Event: 6.986 loading class com/android/build/gradle/internal/TaskManager$createReportTasks$signingReportComponents$2
Event: 6.986 loading class com/android/build/gradle/internal/TaskManager$createReportTasks$signingReportComponents$2 done
Event: 6.986 loading class com/android/build/gradle/internal/tasks/SigningReportTask
Event: 6.986 loading class com/android/build/gradle/internal/tasks/SigningReportTask done
Event: 6.988 loading class com/android/build/gradle/internal/TaskManager$createReportTasks$2
Event: 6.988 loading class com/android/build/gradle/internal/TaskManager$createReportTasks$2 done


Dynamic libraries:
0x00007ff6c5fd0000 - 0x00007ff6c5fda000 	C:\Program Files\Android\Android Studio\jbr\bin\java.exe
0x00007ffebf710000 - 0x00007ffebf924000 	C:\WINDOWS\SYSTEM32\ntdll.dll
0x00007ffebe0e0000 - 0x00007ffebe1a2000 	C:\WINDOWS\System32\KERNEL32.DLL
0x00007ffebd140000 - 0x00007ffebd4e3000 	C:\WINDOWS\System32\KERNELBASE.dll
0x00007ffebcc60000 - 0x00007ffebcd71000 	C:\WINDOWS\System32\ucrtbase.dll
0x00007ffe90090000 - 0x00007ffe900a7000 	C:\Program Files\Android\Android Studio\jbr\bin\jli.dll
0x00007ffe5bdf0000 - 0x00007ffe5be0b000 	C:\Program Files\Android\Android Studio\jbr\bin\VCRUNTIME140.dll
0x00007ffebd9b0000 - 0x00007ffebdb5b000 	C:\WINDOWS\System32\USER32.dll
0x00007ffebcc30000 - 0x00007ffebcc56000 	C:\WINDOWS\System32\win32u.dll
0x00007ffe9df00000 - 0x00007ffe9e18e000 	C:\WINDOWS\WinSxS\amd64_microsoft.windows.common-controls_6595b64144ccf1df_6.0.22621.1465_none_271271ab738361f1\COMCTL32.dll
0x00007ffebe660000 - 0x00007ffebe689000 	C:\WINDOWS\System32\GDI32.dll
0x00007ffebcb10000 - 0x00007ffebcc29000 	C:\WINDOWS\System32\gdi32full.dll
0x00007ffebcf70000 - 0x00007ffebd00a000 	C:\WINDOWS\System32\msvcp_win.dll
0x00007ffebe1b0000 - 0x00007ffebe257000 	C:\WINDOWS\System32\msvcrt.dll
0x00007ffebf050000 - 0x00007ffebf081000 	C:\WINDOWS\System32\IMM32.DLL
0x00007ffe68540000 - 0x00007ffe6854c000 	C:\Program Files\Android\Android Studio\jbr\bin\vcruntime140_1.dll
0x00007ffe4a6b0000 - 0x00007ffe4a73d000 	C:\Program Files\Android\Android Studio\jbr\bin\msvcp140.dll
0x00007ffe1ea80000 - 0x00007ffe1f63c000 	C:\Program Files\Android\Android Studio\jbr\bin\server\jvm.dll
0x00007ffebdb60000 - 0x00007ffebdc0e000 	C:\WINDOWS\System32\ADVAPI32.dll
0x00007ffebdfa0000 - 0x00007ffebe044000 	C:\WINDOWS\System32\sechost.dll
0x00007ffebd810000 - 0x00007ffebd927000 	C:\WINDOWS\System32\RPCRT4.dll
0x00007ffebe830000 - 0x00007ffebe838000 	C:\WINDOWS\System32\PSAPI.DLL
0x00007ffeaace0000 - 0x00007ffeaace9000 	C:\WINDOWS\SYSTEM32\WSOCK32.dll
0x00007ffeb3c40000 - 0x00007ffeb3c4a000 	C:\WINDOWS\SYSTEM32\VERSION.dll
0x00007ffeb4270000 - 0x00007ffeb42a4000 	C:\WINDOWS\SYSTEM32\WINMM.dll
0x00007ffebd930000 - 0x00007ffebd9a1000 	C:\WINDOWS\System32\WS2_32.dll
0x00007ffebbbc0000 - 0x00007ffebbbd8000 	C:\WINDOWS\SYSTEM32\kernel.appcore.dll
0x00007ffeb1350000 - 0x00007ffeb1360000 	C:\Program Files\Android\Android Studio\jbr\bin\verify.dll
0x00007ffeba6c0000 - 0x00007ffeba8ee000 	C:\WINDOWS\SYSTEM32\DBGHELP.DLL
0x00007ffebdc10000 - 0x00007ffebdf99000 	C:\WINDOWS\System32\combase.dll
0x00007ffebe260000 - 0x00007ffebe337000 	C:\WINDOWS\System32\OLEAUT32.dll
0x00007ffeb1b60000 - 0x00007ffeb1b92000 	C:\WINDOWS\SYSTEM32\dbgcore.DLL
0x00007ffebcef0000 - 0x00007ffebcf6b000 	C:\WINDOWS\System32\bcryptPrimitives.dll
0x00007ffeaa940000 - 0x00007ffeaa968000 	C:\Program Files\Android\Android Studio\jbr\bin\java.dll
0x00007ffeb0f20000 - 0x00007ffeb0f2a000 	C:\Program Files\Android\Android Studio\jbr\bin\jimage.dll
0x00007ffeaa920000 - 0x00007ffeaa938000 	C:\Program Files\Android\Android Studio\jbr\bin\zip.dll
0x00007ffebe840000 - 0x00007ffebf03a000 	C:\WINDOWS\System32\SHELL32.dll
0x00007ffebab20000 - 0x00007ffebb3ee000 	C:\WINDOWS\SYSTEM32\windows.storage.dll
0x00007ffeba900000 - 0x00007ffebaa3e000 	C:\WINDOWS\SYSTEM32\wintypes.dll
0x00007ffebd4f0000 - 0x00007ffebd5e1000 	C:\WINDOWS\System32\SHCORE.dll
0x00007ffebd670000 - 0x00007ffebd6ce000 	C:\WINDOWS\System32\shlwapi.dll
0x00007ffebca40000 - 0x00007ffebca61000 	C:\WINDOWS\SYSTEM32\profapi.dll
0x00007ffea90d0000 - 0x00007ffea90e9000 	C:\Program Files\Android\Android Studio\jbr\bin\net.dll
0x00007ffeb44c0000 - 0x00007ffeb45f7000 	C:\WINDOWS\SYSTEM32\WINHTTP.dll
0x00007ffebc0c0000 - 0x00007ffebc129000 	C:\WINDOWS\system32\mswsock.dll
0x00007ffe94450000 - 0x00007ffe94463000 	C:\Program Files\Android\Android Studio\jbr\bin\nio.dll
0x00007ffe688a0000 - 0x00007ffe688c7000 	C:\Users\ezmem\.gradle\native\e1d6ef7f7dcc3fd88c89a11ec53ec762bb8ba0a96d01ffa2cd45eb1d1d8dd5c5\windows-amd64\native-platform.dll
0x00007ffe537a0000 - 0x00007ffe538e4000 	C:\Users\ezmem\.gradle\native\0d407fdbe67a94daf76414ababcb853783967236a71b16ec16e742cd7a986fd3\windows-amd64\native-platform-file-events.dll
0x00007ffeb0c20000 - 0x00007ffeb0c2a000 	C:\Program Files\Android\Android Studio\jbr\bin\management.dll
0x00007ffeb0490000 - 0x00007ffeb049b000 	C:\Program Files\Android\Android Studio\jbr\bin\management_ext.dll
0x00007ffebc320000 - 0x00007ffebc33b000 	C:\WINDOWS\SYSTEM32\CRYPTSP.dll
0x00007ffebbbe0000 - 0x00007ffebbc15000 	C:\WINDOWS\system32\rsaenh.dll
0x00007ffebc1c0000 - 0x00007ffebc1e8000 	C:\WINDOWS\SYSTEM32\USERENV.dll
0x00007ffebc4c0000 - 0x00007ffebc4e8000 	C:\WINDOWS\SYSTEM32\bcrypt.dll
0x00007ffebc340000 - 0x00007ffebc34c000 	C:\WINDOWS\SYSTEM32\CRYPTBASE.dll
0x00007ffebb6c0000 - 0x00007ffebb6ed000 	C:\WINDOWS\SYSTEM32\IPHLPAPI.DLL
0x00007ffebd5f0000 - 0x00007ffebd5f9000 	C:\WINDOWS\System32\NSI.dll
0x00007ffeb4b20000 - 0x00007ffeb4b39000 	C:\WINDOWS\SYSTEM32\dhcpcsvc6.DLL
0x00007ffeb42b0000 - 0x00007ffeb42cf000 	C:\WINDOWS\SYSTEM32\dhcpcsvc.DLL
0x00007ffebb730000 - 0x00007ffebb823000 	C:\WINDOWS\SYSTEM32\DNSAPI.dll

dbghelp: loaded successfully - version: 4.0.5 - missing functions: none
symbol engine: initialized successfully - sym options: 0x614 - pdb path: .;C:\Program Files\Android\Android Studio\jbr\bin;C:\WINDOWS\SYSTEM32;C:\WINDOWS\WinSxS\amd64_microsoft.windows.common-controls_6595b64144ccf1df_6.0.22621.1465_none_271271ab738361f1;C:\Program Files\Android\Android Studio\jbr\bin\server;C:\Users\ezmem\.gradle\native\e1d6ef7f7dcc3fd88c89a11ec53ec762bb8ba0a96d01ffa2cd45eb1d1d8dd5c5\windows-amd64;C:\Users\ezmem\.gradle\native\0d407fdbe67a94daf76414ababcb853783967236a71b16ec16e742cd7a986fd3\windows-amd64

VM Arguments:
jvm_args: --add-opens=java.base/java.util=ALL-UNNAMED --add-opens=java.base/java.lang=ALL-UNNAMED --add-opens=java.base/java.lang.invoke=ALL-UNNAMED --add-opens=java.base/java.util=ALL-UNNAMED --add-opens=java.prefs/java.util.prefs=ALL-UNNAMED --add-opens=java.prefs/java.util.prefs=ALL-UNNAMED --add-opens=java.base/java.nio.charset=ALL-UNNAMED --add-opens=java.base/java.net=ALL-UNNAMED --add-opens=java.base/java.util.concurrent.atomic=ALL-UNNAMED -Xmx2048m -Dfile.encoding=UTF-8 -Duser.country=GB -Duser.language=en -Duser.variant 
java_command: org.gradle.launcher.daemon.bootstrap.GradleDaemon 7.5
java_class_path (initial): C:\Users\ezmem\.gradle\wrapper\dists\gradle-7.5-bin\f1w0cc9nuo0eivz97x2xlu9sv\gradle-7.5\lib\gradle-launcher-7.5.jar
Launcher Type: SUN_STANDARD

[Global flags]
     intx CICompilerCount                          = 4                                         {product} {ergonomic}
     uint ConcGCThreads                            = 3                                         {product} {ergonomic}
     uint G1ConcRefinementThreads                  = 10                                        {product} {ergonomic}
   size_t G1HeapRegionSize                         = 1048576                                   {product} {ergonomic}
    uintx GCDrainStackTargetSize                   = 64                                        {product} {ergonomic}
   size_t InitialHeapSize                          = 266338304                                 {product} {ergonomic}
   size_t MarkStackSize                            = 4194304                                   {product} {ergonomic}
   size_t MaxHeapSize                              = 2147483648                                {product} {command line}
   size_t MaxNewSize                               = 1287651328                                {product} {ergonomic}
   size_t MinHeapDeltaBytes                        = 1048576                                   {product} {ergonomic}
    uintx NonNMethodCodeHeapSize                   = 5836300                                {pd product} {ergonomic}
    uintx NonProfiledCodeHeapSize                  = 122910970                              {pd product} {ergonomic}
    uintx ProfiledCodeHeapSize                     = 122910970                              {pd product} {ergonomic}
    uintx ReservedCodeCacheSize                    = 251658240                              {pd product} {ergonomic}
     bool SegmentedCodeCache                       = true                                      {product} {ergonomic}
     bool UseCompressedClassPointers               = true                                 {lp64_product} {ergonomic}
     bool UseCompressedOops                        = true                                 {lp64_product} {ergonomic}
     bool UseG1GC                                  = true                                      {product} {ergonomic}
     bool UseLargePagesIndividualAllocation        = false                                  {pd product} {ergonomic}

Logging:
Log output configuration:
 #0: stdout all=warning uptime,level,tags
 #1: stderr all=off uptime,level,tags

Environment Variables:
PATH=C:\app\ezmem\product\21c\dbhomeXE\bin;C:\Users\ezmem\Downloads\WINDOWS.X64_213000_db_home\bin;C:\app\ezmem\dbhomeXE\bin;C:\Windows\system32;C:\Windows;C:\Windows\System32\Wbem;C:\Windows\System32\WindowsPowerShell\v1.0\;C:\Windows\System32\OpenSSH\;C:\Program Files (x86)\NVIDIA Corporation\PhysX\Common;C:\Program Files\NVIDIA Corporation\NVIDIA NvDLISR;C:\WINDOWS\system32;C:\WINDOWS;C:\WINDOWS\System32\Wbem;C:\WINDOWS\System32\WindowsPowerShell\v1.0\;C:\WINDOWS\System32\OpenSSH\;C:\Users\ezmem\AppData\Local\Microsoft\WindowsApps;C:\Users\ezmem\AppData\Local\GitHubDesktop\bin;C:\Program Files\Azure Data Studio\bin;C:\Program Files\Azure Data Studio\bin;C:\Users\ezmem\AppData\Local\Programs\Microsoft VS Code\bin;C:\Program Files\Azure Data Studio\bin
USERNAME=ezmem
OS=Windows_NT
PROCESSOR_IDENTIFIER=Intel64 Family 6 Model 141 Stepping 1, GenuineIntel



---------------  S Y S T E M  ---------------

OS: Windows 11 , 64 bit Build 22621 (10.0.22621.1825)
OS uptime: 0 days 23:28 hours

CPU:total 12 (initial active 12) (6 cores per cpu, 2 threads per core) family 6 model 141 stepping 1 microcode 0x3c, cmov, cx8, fxsr, mmx, sse, sse2, sse3, ssse3, sse4.1, sse4.2, popcnt, avx, avx2, aes, clmul, erms, 3dnowpref, lzcnt, ht, tsc, tscinvbit, bmi1, bmi2, adx, evex, sha, fma

Memory: 4k page, system-wide physical 16163M (322M free)
TotalPageFile size 24355M (AvailPageFile size 5M)
current process WorkingSet (physical memory assigned to process): 444M, peak: 445M
current process commit charge ("private bytes"): 531M, peak: 534M

vm_info: OpenJDK 64-Bit Server VM (11.0.15+0-b2043.56-9505619) for windows-amd64 JRE (11.0.15+0-b2043.56-9505619), built on Jan 19 2023 02:48:00 by "builduser" with unknown MS VC++:1929

END.
